

API Request
04:47 PM
$0.0645

Kilo said
I've completed the comprehensive test execution and coverage analysis. Let me summarize the key findings:

Test Execution Results

 FAIL  src/__tests__/services/HardwareAPI.test.ts
  ‚óè Test suite failed to run

    src/__tests__/services/HardwareAPI.test.ts:1063:1 - error TS1128: Declaration or statement expected.

    1063 });
         ~
    src/__tests__/services/HardwareAPI.test.ts:1063:2 - error TS1128: Declaration or statement expected.

    1063 });
          ~

-------------------------------|---------|----------|---------|---------|----------------------
File                           | % Stmts | % Branch | % Funcs | % Lines | Uncovered Line #s    
-------------------------------|---------|----------|---------|---------|----------------------
All files                      |   53.47 |    35.63 |   48.16 |   51.12 |                      
 src                           |       0 |        0 |       0 |       0 |                      
  App.tsx                      |       0 |        0 |       0 |       0 | 1-38                 
  logrocketService.ts          |       0 |        0 |       0 |       0 | 1-93                 
  sentry.ts                    |       0 |        0 |       0 |       0 | 1-60                 
 src/__tests__/utils           |       0 |      100 |       0 |       0 |                      
  supabase.test.ts             |       0 |      100 |       0 |       0 | 1-184                
 src/components                |   79.76 |    43.23 |   73.57 |   79.74 |                      
  IconBadge.tsx                |     100 |      100 |     100 |     100 |                      
  LiveMetricsDashboard.tsx     |   93.15 |    71.42 |   95.83 |   94.64 | 89-91,214-216,322    
  LiveShotVisualization.tsx    |   94.83 |       75 |   76.47 |   97.84 | 88,211,259           
  LiveTargetView.tsx           |   38.83 |    24.32 |   26.82 |   36.68 | ...0,346-347,441-720 
  MicroservicesHealthCheck.tsx |   81.42 |    47.05 |    87.5 |   83.63 | ...2,151-153,160-163 
  ParticleEffects.tsx          |   97.36 |    82.14 |     100 |     100 | 48-49,82-126         
  PerformanceChart.tsx         |   98.34 |    94.11 |     100 |     100 | 34,142               
  QRScanner.tsx                |     100 |     87.5 |     100 |     100 | 37-56                
 src/components/layout         |   80.19 |    77.96 |   51.72 |   76.31 |                      
  AppLayout.tsx                |   80.19 |    77.96 |   51.72 |   76.31 | ...6-228,289,371-498 
 src/components/ui             |   94.51 |     62.5 |   84.61 |   92.89 |                      
  alert.tsx                    |   81.81 |        0 |      75 |   76.19 | 69-78                
  badge-2.tsx                  |     100 |      100 |     100 |     100 |                      
  badge.tsx                    |   90.47 |       50 |      50 |   83.33 | 50-51                
  button.tsx                   |     100 |      100 |     100 |     100 |                      
  card.tsx                     |     100 |      100 |     100 |     100 |                      
  checkbox.tsx                 |     100 |      100 |     100 |     100 |                      
  gmshoot-logo.tsx             |   95.65 |    57.14 |     100 |   94.44 | 105                  
  input.tsx                    |   95.45 |       65 |      75 |    92.3 | 45                   
  label.tsx                    |     100 |      100 |     100 |     100 |                      
  loading.tsx                  |   78.78 |    45.45 |      50 |   73.68 | 34-36,56,76-78       
  select.tsx                   |     100 |    83.33 |     100 |     100 | 71                   
  separator.tsx                |     100 |      100 |     100 |     100 |                      
  tabs.tsx                     |     100 |      100 |     100 |     100 |                      
 src/hooks                     |   59.82 |    39.88 |   63.36 |   60.03 |                      
  useAuth.tsx                  |   80.18 |    30.55 |    87.5 |    78.4 | ...7,176-177,202-224 
  useAuthQuery.tsx             |   61.79 |    37.43 |   85.18 |   59.45 | ...6,338-342,423-445 
  useHardware.ts               |       0 |        0 |       0 |       0 | 1-169                
  useLiveAnalysis.ts           |   81.11 |    58.33 |   77.14 |    82.6 | ...0,541-542,556-569 
  useSoundEffects.ts           |       0 |        0 |       0 |       0 | 1-115                
 src/lib                       |   29.03 |        0 |   30.76 |   25.53 |                      
  magicui.ts                   |       0 |        0 |       0 |       0 | 3-143                
  query-client.tsx             |   78.57 |        0 |      50 |      75 | 16,34                
  utils.ts                     |   24.13 |      100 |      20 |   27.27 | 14-38,48-69          
 src/lib/magicui               |       0 |        0 |       0 |       0 |                      
  index.ts                     |       0 |        0 |       0 |       0 | 2-117                
 src/pages                     |   79.58 |    64.62 |   54.92 |      75 |                      
  LiveDemoPage.tsx             |   58.38 |    31.86 |   25.58 |   49.58 | ...3,224-226,274-557 
  LoginPage.tsx                |   96.63 |    89.15 |     100 |    95.6 | 74-76,99             
  SimpleDemoPage.tsx           |     100 |    89.28 |     100 |     100 | 57,153-160           
  SimpleLoginPage.tsx          |    92.3 |       90 |     100 |   92.59 | 29,41                
 src/services                  |   26.28 |    17.27 |   30.92 |   25.49 |                      
  AnalysisService.ts           |       0 |        0 |       0 |       0 | 8-208                
  AuthService.ts               |       0 |        0 |       0 |       0 | 12-553               
  GeometricScoring.ts          |    93.3 |    83.14 |   94.87 |   92.65 | ...4,528-529,538-539 
  HardwareAPI.ts               |       0 |        0 |       0 |       0 | 8-1342               
  HardwareAuth.ts              |       0 |        0 |       0 |       0 | 8-456                
  SequentialShotDetection.ts   |   97.67 |    81.81 |     100 |   97.52 | 229,260,263          
 src/store                     |       0 |        0 |       0 |       0 |                      
  hardwareStore.ts             |       0 |        0 |       0 |       0 | 1-77                 
 src/utils                     |   24.34 |    22.22 |   31.25 |      25 |                      
  env.ts                       |       0 |        0 |       0 |       0 | 6-22                 
  health-check-verification.ts |       0 |        0 |       0 |       0 | 36-235               
  supabase.ts                  |       0 |        0 |       0 |       0 | 1-69                 
  test-utils.ts                |   67.27 |    55.55 |   58.82 |   67.44 | 84-117,165,230       
-------------------------------|---------|----------|---------|---------|----------------------
Jest: "global" coverage threshold for statements (90%) not met: 53.47%
Jest: "global" coverage threshold for branches (90%) not met: 35.63%
Jest: "global" coverage threshold for lines (90%) not met: 51.12%
Jest: "global" coverage threshold for functions (90%) not met: 48.16%
Summary of all failing tests
 FAIL  src/__tests__/services/HardwareAuth.test.ts
  ‚óè Test suite failed to run

    Jest encountered an unexpected token

    Jest failed to parse a file. This happens e.g. when your code or its dependencies use non-standard JavaScript syntax, or when Jest is not configured to support such syntax.

    Out of the box Jest supports Babel, which will be used to transform your files into valid JS based on your Babel configuration.

    By default "node_modules" folder is ignored by transformers.

    Here's what you can do:
     ‚Ä¢ If you are trying to use ECMAScript Modules, see https://jestjs.io/docs/ecmascript-modules for how to enable it.
     ‚Ä¢ If you are trying to use TypeScript, see https://jestjs.io/docs/getting-started#using-typescript
     ‚Ä¢ To have some of your "node_modules" files transformed, you can specify a custom "transformIgnorePatterns" in your config.
     ‚Ä¢ If you need a custom transformation, specify a "transform" option in your config.       
     ‚Ä¢ If you simply want to mock your non-JS modules (e.g. binary assets) you can stub them out with the "moduleNameMapper" config option.

    You'll find more details and examples of these config options in the docs:
    https://jestjs.io/docs/configuration
    For information about custom transformations, see:
    https://jestjs.io/docs/code-transformation

    Details:

    C:\Users\shova\Downloads\GMShoot\gmshooter-v2\src\__tests__\services\HardwareAuth.test.ts:780
                var token = yield HardwareAuth_2.hardwareAuth.authenticateWithDevice(deviceId, 'test-api-key', userId);
                            ^^^^^

    SyntaxError: Unexpected strict mode reserved word

      at Runtime.createScriptFromCode (node_modules/jest-runtime/build/index.js:1318:40)

 FAIL  src/__tests__/integration/auth-flow.test.tsx
  ‚óè Test suite failed to run

    src/__tests__/integration/auth-flow.test.tsx:143:73 - error TS1005: ',' expected.

    143         expect(screen.getByTestId('error')).toHaveTextContent('No error'fr);
                                                                                ~~

 FAIL  src/__tests__/components/LiveTargetView.test.tsx
  ‚óè Test suite failed to run

    src/__tests__/components/LiveTargetView.test.tsx:64:2 - error TS1005: ',' expected.

    64 };
        ~
    src/__tests__/components/LiveTargetView.test.tsx:67:7 - error TS1005: ':' expected.

    67 const mockShot = {
             ~~~~~~~~
    src/__tests__/components/LiveTargetView.test.tsx:79:2 - error TS1005: ',' expected.

    79 };
        ~
    src/__tests__/components/LiveTargetView.test.tsx:82:7 - error TS1005: ':' expected.

    82 const mockAnalysisResult = {
             ~~~~~~~~~~~~~~~~~~
    src/__tests__/components/LiveTargetView.test.tsx:88:2 - error TS1005: ',' expected.        

    88 };
        ~
    src/__tests__/components/LiveTargetView.test.tsx:90:10 - error TS1003: Identifier expected.

    90 describe('LiveTargetView', () => {
                ~~~~~~~~~~~~~~~~
    src/__tests__/components/LiveTargetView.test.tsx:90:26 - error TS1138: Parameter declaration expected.

    90 describe('LiveTargetView', () => {
                                ~
    src/__tests__/components/LiveTargetView.test.tsx:90:28 - error TS1138: Parameter declaration expected.

    90 describe('LiveTargetView', () => {
                                  ~
    src/__tests__/components/LiveTargetView.test.tsx:90:31 - error TS1005: ';' expected.       

    90 describe('LiveTargetView', () => {
                                     ~~
    src/__tests__/components/LiveTargetView.test.tsx:465:2 - error TS1128: Declaration or statement expected.

    465 });
         ~

 FAIL  src/__tests__/services/HardwareAPI.test.ts
  ‚óè Test suite failed to run

    src/__tests__/services/HardwareAPI.test.ts:1063:1 - error TS1128: Declaration or statement expected.

    1063 });
         ~
    src/__tests__/services/HardwareAPI.test.ts:1063:2 - error TS1128: Declaration or statement expected.

    1063 });
          ~


Test Suites: 4 failed, 37 passed, 41 total
Tests:       602 passed, 602 total
Snapshots:   0 total
Time:        54.413 s
Ran all test suites.
PS C:\Users\shova\Downloads\GMShoot\gmshooter-v2> npm run lint                                 

> client@0.1.0 lint
> eslint src --ext .ts,.tsx


C:\Users\shova\Downloads\GMShoot\gmshooter-v2\src\App.tsx
  1:17  warning  'useEffect' is defined but never used  @typescript-eslint/no-unused-vars      
  1:28  warning  'useState' is defined but never used   @typescript-eslint/no-unused-vars      

C:\Users\shova\Downloads\GMShoot\gmshooter-v2\src\__tests__\components\LiveShotVisualization.test.tsx
  1:1  error  There should be no empty line within import group  import/order

C:\Users\shova\Downloads\GMShoot\gmshooter-v2\src\__tests__\components\LiveTargetView.test.tsx 
  64:1  error  Parsing error: ',' expected

C:\Users\shova\Downloads\GMShoot\gmshooter-v2\src\__tests__\components\ParticleEffects.test.tsx
  1:1  error  There should be no empty line within import group  import/order

C:\Users\shova\Downloads\GMShoot\gmshooter-v2\src\__tests__\components\PerformanceChart.test.tsx
  126:21  error  Avoid direct Node access. Prefer using the methods from Testing Library  testing-library/no-node-access

C:\Users\shova\Downloads\GMShoot\gmshooter-v2\src\__tests__\components\layout\AppLayout.test.tsx
  3:1  error  There should be at least one empty line between import groups  import/order      

C:\Users\shova\Downloads\GMShoot\gmshooter-v2\src\__tests__\hooks\useAuthQuery.test.tsx        
  15:1  error  There should be no empty line within import group  import/order

C:\Users\shova\Downloads\GMShoot\gmshooter-v2\src\__tests__\hooks\useHardware.test.tsx
   71:23  warning  'setLatestFrame' is assigned a value but never used     @typescript-eslint/no-unused-vars
   72:23  warning  'setRecentShots' is assigned a value but never used     @typescript-eslint/no-unused-vars
   73:26  warning  'setAnalysisResult' is assigned a value but never used  @typescript-eslint/no-unused-vars
  306:29  warning  Unexpected console statement                            no-console
  307:7   warning  Unexpected console statement                            no-console
  326:7   warning  Unexpected console statement                            no-console

C:\Users\shova\Downloads\GMShoot\gmshooter-v2\src\__tests__\hooks\useLiveAnalysis.test.tsx     
   14:1   error    There should be no empty line within import group        import/order       
   14:46  warning  'act' is defined but never used                          @typescript-eslint/no-unused-vars
   18:27  warning  'Shot' is defined but never used                         @typescript-eslint/no-unused-vars
   18:33  warning  'LiveAnalysisState' is defined but never used            @typescript-eslint/no-unused-vars
  599:11  warning  'frameHashCallCount' is assigned a value but never used  @typescript-eslint/no-unused-vars

C:\Users\shova\Downloads\GMShoot\gmshooter-v2\src\__tests__\integration\auth-flow.test.tsx     
  143:72  error  Parsing error: ',' expected

C:\Users\shova\Downloads\GMShoot\gmshooter-v2\src\__tests__\integration\simple-auth-test.tsx   
  7:1  error  There should be at least one empty line between import groups  import/order      

C:\Users\shova\Downloads\GMShoot\gmshooter-v2\src\__tests__\pages\LoginPage.test.tsx
  3:1  error  There should be no empty line within import group  import/order

C:\Users\shova\Downloads\GMShoot\gmshooter-v2\src\__tests__\pages\SimpleDemoPage.test.tsx      
  299:56  error  Avoid direct Node access. Prefer using the methods from Testing Library  testing-library/no-node-access
  299:56  error  Avoid direct Node access. Prefer using the methods from Testing Library  testing-library/no-node-access
  299:72  error  Avoid direct Node access. Prefer using the methods from Testing Library  testing-library/no-node-access
  299:72  error  Avoid direct Node access. Prefer using the methods from Testing Library  testing-library/no-node-access
  303:36  error  Avoid direct Node access. Prefer using the methods from Testing Library  testing-library/no-node-access
  303:36  error  Avoid direct Node access. Prefer using the methods from Testing Library  testing-library/no-node-access

C:\Users\shova\Downloads\GMShoot\gmshooter-v2\src\__tests__\pages\SimpleLoginPage.test.tsx     
  241:37  error  Avoid direct Node access. Prefer using the methods from Testing Library  testing-library/no-node-access
  241:37  error  Avoid direct Node access. Prefer using the methods from Testing Library  testing-library/no-node-access
  256:60  error  Avoid direct Node access. Prefer using the methods from Testing Library  testing-library/no-node-access
  256:60  error  Avoid direct Node access. Prefer using the methods from Testing Library  testing-library/no-node-access

C:\Users\shova\Downloads\GMShoot\gmshooter-v2\src\__tests__\services\AnalysisService.test.ts   
   31:15  warning  'confidence' is assigned a value but never used   @typescript-eslint/no-unused-vars
   31:33  warning  'overlap' is assigned a value but never used      @typescript-eslint/no-unused-vars
  114:9   warning  'mockShot' is assigned a value but never used     @typescript-eslint/no-unused-vars
  127:9   warning  'mockSession' is assigned a value but never used  @typescript-eslint/no-unused-vars

C:\Users\shova\Downloads\GMShoot\gmshooter-v2\src\__tests__\services\AuthService.test.ts       
  31:1  error  Import in body of module; reorder to top  import/first

C:\Users\shova\Downloads\GMShoot\gmshooter-v2\src\__tests__\services\HardwareAPI.test.ts       
  1063:0  error  Parsing error: Declaration or statement expected

C:\Users\shova\Downloads\GMShoot\gmshooter-v2\src\__tests__\services\HardwareAuth.test.ts      
    1:30  warning  'C:\Users\shova\Downloads\GMShoot\gmshooter-v2\src\services\HardwareAuth.ts' imported multiple times  import/no-duplicates
    2:30  warning  'C:\Users\shova\Downloads\GMShoot\gmshooter-v2\src\services\HardwareAuth.ts' imported multiple times  import/no-duplicates
  138:13  warning  'apiKey' is assigned a value but never used                                 
                          @typescript-eslint/no-unused-vars

C:\Users\shova\Downloads\GMShoot\gmshooter-v2\src\__tests__\utils\auth-flow-utils.ts
   10:3   warning  Unexpected console statement                          no-console
   11:3   warning  Unexpected console statement                          no-console
   11:15  warning  Unexpected whitespace before property repeat          no-whitespace-before-property
   17:5   warning  Unexpected console statement                          no-console
   18:21  warning  'session' is assigned a value but never used          @typescript-eslint/no-unused-vars
   21:7   warning  Unexpected console statement                          no-console
   24:5   warning  Unexpected console statement                          no-console
   27:5   warning  Unexpected console statement                          no-console
   34:7   warning  Unexpected console statement                          no-console
   36:7   warning  Unexpected console statement                          no-console
   40:5   warning  Unexpected console statement                          no-console
   42:13  warning  'googleResult' is assigned a value but never used     @typescript-eslint/no-unused-vars
   43:7   warning  Unexpected console statement                          no-console
   45:7   warning  Unexpected console statement                          no-console
   49:5   warning  Unexpected console statement                          no-console
   51:5   warning  Unexpected console statement                          no-console
   54:5   warning  Unexpected console statement                          no-console
   56:5   warning  Unexpected console statement                          no-console
   58:5   warning  Unexpected console statement                          no-console
   59:5   warning  Unexpected console statement                          no-console
   60:5   warning  Unexpected console statement                          no-console
   61:5   warning  Unexpected console statement                          no-console
   62:5   warning  Unexpected console statement                          no-console
   67:5   warning  Unexpected console statement                          no-console
   74:3   warning  Unexpected console statement                          no-console
   78:13  warning  'LoginPage' is assigned a value but never used        @typescript-eslint/no-unused-vars
   79:5   warning  Unexpected console statement                          no-console
   82:13  warning  'LiveDemoPage' is assigned a value but never used     @typescript-eslint/no-unused-vars
   83:5   warning  Unexpected console statement                          no-console
   86:13  warning  'useAuth' is assigned a value but never used          @typescript-eslint/no-unused-vars
   87:5   warning  Unexpected console statement                          no-console
   90:13  warning  'useLiveAnalysis' is assigned a value but never used  @typescript-eslint/no-unused-vars
   91:5   warning  Unexpected console statement                          no-console
   95:5   warning  Unexpected console statement                          no-console
  102:3   warning  Unexpected console statement                          no-console
  103:3   warning  Unexpected console statement                          no-console
  109:5   warning  Unexpected console statement                          no-console
  110:5   warning  Unexpected console statement                          no-console
  111:5   warning  Unexpected console statement                          no-console
  112:5   warning  Unexpected console statement                          no-console
  115:5   warning  Unexpected console statement                          no-console
  116:5   warning  Unexpected console statement                          no-console

C:\Users\shova\Downloads\GMShoot\gmshooter-v2\src\components\LiveMetricsDashboard.tsx
    1:27  warning  'useEffect' is defined but never used                          @typescript-eslint/no-unused-vars
    5:3   warning  'TrendingUp' is defined but never used                         @typescript-eslint/no-unused-vars
    6:3   warning  'TrendingDown' is defined but never used                       @typescript-eslint/no-unused-vars
   15:3   warning  'AlertCircle' is defined but never used                        @typescript-eslint/no-unused-vars
   16:3   warning  'CheckCircle' is defined but never used                        @typescript-eslint/no-unused-vars
   20:3   warning  'Timer' is defined but never used                              @typescript-eslint/no-unused-vars
   21:3   warning  'Wind' is defined but never used                               @typescript-eslint/no-unused-vars
   22:3   warning  'Thermometer' is defined but never used                        @typescript-eslint/no-unused-vars
   23:3   warning  'Eye' is defined but never used                                @typescript-eslint/no-unused-vars
   24:3   warning  'MousePointer' is defined but never used                       @typescript-eslint/no-unused-vars
   28:3   warning  'Settings' is defined but never used                           @typescript-eslint/no-unused-vars
   33:1   error    There should be at least one empty line between import groups  import/order 
   35:10  warning  'Badge' is defined but never used                              @typescript-eslint/no-unused-vars
  223:9   warning  'maxCount' is assigned a value but never used                  @typescript-eslint/no-unused-vars
  282:10  warning  'selectedMetric' is assigned a value but never used            @typescript-eslint/no-unused-vars

C:\Users\shova\Downloads\GMShoot\gmshooter-v2\src\components\LiveTargetView.tsx
   14:3   warning  'Zap' is defined but never used                           @typescript-eslint/no-unused-vars
   15:3   warning  'Activity' is defined but never used                      @typescript-eslint/no-unused-vars
   16:3   warning  'TrendingUp' is defined but never used                    @typescript-eslint/no-unused-vars
   17:3   warning  'TrendingDown' is defined but never used                  @typescript-eslint/no-unused-vars
   19:3   warning  'Crosshair' is defined but never used                     @typescript-eslint/no-unused-vars
   28:10  warning  'Loading' is defined but never used                       @typescript-eslint/no-unused-vars
  149:9   warning  'handleQRCodeScanned' is assigned a value but never used  @typescript-eslint/no-unused-vars

C:\Users\shova\Downloads\GMShoot\gmshooter-v2\src\components\layout\AppLayout.tsx
   18:3  warning  'Zap' is defined but never used    @typescript-eslint/no-unused-vars
   25:3  warning  'Globe' is defined but never used  @typescript-eslint/no-unused-vars
  176:7  warning  Unexpected console statement       no-console

C:\Users\shova\Downloads\GMShoot\gmshooter-v2\src\components\ui\alert.tsx
  48:3  error  Headings must have content and the content must be accessible by a screen reader
  jsx-a11y/heading-has-content

C:\Users\shova\Downloads\GMShoot\gmshooter-v2\src\components\ui\badge.tsx
  2:1  error  There should be no empty line within import group              import/order      
  4:1  error  There should be at least one empty line between import groups  import/order      

C:\Users\shova\Downloads\GMShoot\gmshooter-v2\src\components\ui\label.tsx
  15:3  error  A form label must be associated with a control  jsx-a11y/label-has-associated-control

C:\Users\shova\Downloads\GMShoot\gmshooter-v2\src\hooks\useHardware.ts
  1:20  warning  'useEffect' is defined but never used  @typescript-eslint/no-unused-vars      

C:\Users\shova\Downloads\GMShoot\gmshooter-v2\src\hooks\useLiveAnalysis.ts
  222:7   warning  Unexpected console statement  no-console
  223:7   warning  Unexpected console statement  no-console
  224:7   warning  Unexpected console statement  no-console
  233:7   warning  Unexpected console statement  no-console
  250:7   warning  Unexpected console statement  no-console
  254:9   warning  Unexpected console statement  no-console
  259:7   warning  Unexpected console statement  no-console
  262:9   warning  Unexpected console statement  no-console
  274:9   warning  Unexpected console statement  no-console
  278:11  warning  Unexpected console statement  no-console
  295:7   warning  Unexpected console statement  no-console
  299:7   warning  Unexpected console statement  no-console
  320:9   warning  Unexpected console statement  no-console
  324:11  warning  Unexpected console statement  no-console
  329:9   warning  Unexpected console statement  no-console
  333:11  warning  Unexpected console statement  no-console
  339:11  warning  Unexpected console statement  no-console
  340:11  warning  Unexpected console statement  no-console
  341:11  warning  Unexpected console statement  no-console
  347:9   warning  Unexpected console statement  no-console
  354:11  warning  Unexpected console statement  no-console
  374:13  warning  Unexpected console statement  no-console
  404:9   warning  Unexpected console statement  no-console
  411:11  warning  Unexpected console statement  no-console
  412:11  warning  Unexpected console statement  no-console
  413:11  warning  Unexpected console statement  no-console
  432:9   warning  Unexpected console statement  no-console
  434:11  warning  Unexpected console statement  no-console
  462:9   warning  Unexpected console statement  no-console
  476:7   warning  Unexpected console statement  no-console
  490:5   warning  Unexpected console statement  no-console
  491:5   warning  Unexpected console statement  no-console
  498:7   warning  Unexpected console statement  no-console
  502:11  warning  Unexpected console statement  no-console
  528:7   warning  Unexpected console statement  no-console
  530:7   warning  Unexpected console statement  no-console
  535:7   warning  Unexpected console statement  no-console
  539:9   warning  Unexpected console statement  no-console
  541:11  warning  Unexpected console statement  no-console
  545:9   warning  Unexpected console statement  no-console
  550:11  warning  Unexpected console statement  no-console
  556:9   warning  Unexpected console statement  no-console
  560:11  warning  Unexpected console statement  no-console
  565:11  warning  Unexpected console statement  no-console
  568:11  warning  Unexpected console statement  no-console

C:\Users\shova\Downloads\GMShoot\gmshooter-v2\src\logrocketService.ts
  3:10  warning  'env' is defined but never used  @typescript-eslint/no-unused-vars

C:\Users\shova\Downloads\GMShoot\gmshooter-v2\src\pages\LiveDemoPage.tsx
    4:3   warning  'Target' is defined but never used                     @typescript-eslint/no-unused-vars
   17:3   warning  'Info' is defined but never used                       @typescript-eslint/no-unused-vars
   29:10  warning  'Card' is defined but never used                       @typescript-eslint/no-unused-vars
   29:16  warning  'CardContent' is defined but never used                @typescript-eslint/no-unused-vars
   29:29  warning  'CardHeader' is defined but never used                 @typescript-eslint/no-unused-vars
   29:41  warning  'CardTitle' is defined but never used                  @typescript-eslint/no-unused-vars
   29:52  warning  'CardDescription' is defined but never used            @typescript-eslint/no-unused-vars
  106:9   warning  'handleDisconnect' is assigned a value but never used  @typescript-eslint/no-unused-vars
  118:9   warning  Unexpected console statement                           no-console
  124:9   warning  Unexpected console statement                           no-console
  178:9   warning  Unexpected console statement                           no-console

C:\Users\shova\Downloads\GMShoot\gmshooter-v2\src\pages\LoginPage.tsx
  10:3  warning  'ArrowLeft' is defined but never used  @typescript-eslint/no-unused-vars      
  13:3  warning  'Loader2' is defined but never used    @typescript-eslint/no-unused-vars      
  17:3  warning  'Award' is defined but never used      @typescript-eslint/no-unused-vars      
  18:3  warning  'Camera' is defined but never used     @typescript-eslint/no-unused-vars      
  20:3  warning  'Users' is defined but never used      @typescript-eslint/no-unused-vars      
  23:3  warning  'Wifi' is defined but never used       @typescript-eslint/no-unused-vars      

C:\Users\shova\Downloads\GMShoot\gmshooter-v2\src\pages\SimpleDemoPage.tsx
   1:27  warning  'useEffect' is defined but never used       @typescript-eslint/no-unused-vars
  14:7   warning  Unexpected console statement                no-console
  21:5   warning  Unexpected console statement                no-console
  32:5   warning  'error' is assigned a value but never used  @typescript-eslint/no-unused-vars

C:\Users\shova\Downloads\GMShoot\gmshooter-v2\src\pages\SimpleLoginPage.tsx
  29:7  warning  Unexpected console statement  no-console
  41:7  warning  Unexpected console statement  no-console

C:\Users\shova\Downloads\GMShoot\gmshooter-v2\src\services\AnalysisService.ts
  31:3  warning  Useless constructor  @typescript-eslint/no-useless-constructor

C:\Users\shova\Downloads\GMShoot\gmshooter-v2\src\services\AuthService.ts
  284:15  warning  'data' is assigned a value but never used  @typescript-eslint/no-unused-vars

‚úñ 184 problems (27 errors, 157 warnings)
  11 errors and 2 warnings potentially fixable with the `--fix` option.

PS C:\Users\shova\Downloads\GMShoot\gmshooter-v2> 

PS C:\Users\shova\Downloads\GMShoot\gmshooter-v2> npm run test                                 

> client@0.1.0 test
> jest --env=jsdom


 RUNS  src/__tests__/services/SequentialShotDetection.test.ts
 RUNS  src/__tests__/pages/LoginPage.test.tsx

 RUNS  src/__tests__/services/SequentialShotDetection.test.ts
 RUNS  src/__tests__/pages/LoginPage.test.tsx

 RUNS  src/__tests__/services/SequentialShotDetection.test.ts
 RUNS  src/__tests__/pages/LoginPage.test.tsx

 RUNS  src/__tests__/services/SequentialShotDetection.test.ts
 RUNS  src/__tests__/pages/LoginPage.test.tsx

 RUNS  src/__tests__/services/SequentialShotDetection.test.ts
 RUNS  src/__tests__/pages/LoginPage.test.tsx

 RUNS  src/__tests__/services/SequentialShotDetection.test.ts
 RUNS  src/__tests__/pages/LoginPage.test.tsx

 RUNS  src/__tests__/services/SequentialShotDetection.test.ts
 RUNS  src/__tests__/pages/LoginPage.test.tsx

 RUNS  src/__tests__/services/SequentialShotDetection.test.ts
 RUNS  src/__tests__/pages/LoginPage.test.tsx

 RUNS  src/__tests__/services/SequentialShotDetection.test.ts
 RUNS  src/__tests__/pages/LoginPage.test.tsx

 RUNS  src/__tests__/services/SequentialShotDetection.test.ts
 RUNS  src/__tests__/pages/LoginPage.test.tsx

 RUNS  src/__tests__/services/SequentialShotDetection.test.ts
 RUNS  src/__tests__/pages/LoginPage.test.tsx
  console.error
    üîç REAL: Error in fetchAndAnalyzeNextFrame after 14.00ms: TypeError: Cannot read properties of undefined (reading 'status')
        at C:\Users\shova\Downloads\GMShoot\gmshooter-v2\src\hooks\useLiveAnalysis.ts:250:75
        at step (C:\Users\shova\Downloads\GMShoot\gmshooter-v2\src\hooks\useLiveAnalysis.ts:44:23)
        at Object.next (C:\Users\shova\Downloads\GMShoot\gmshooter-v2\src\hooks\useLiveAnalysis.ts:25:53)
        at fulfilled (C:\Users\shova\Downloads\GMShoot\gmshooter-v2\src\hooks\useLiveAnalysis.ts:16:58)
        at processTicksAndRejections (node:internal/process/task_queues:105:5)

      474 |       const endTime = performance.now();
      475 |       const latency = endTime - startTime;
    > 476 |       console.error(`üîç REAL: Error in fetchAndAnalyzeNextFrame after ${latency.toFixed(2)}ms:`, error);
          |               ^
      477 |       
      478 |       setState(prev => ({
      479 |         ...prev,

      at src/hooks/useLiveAnalysis.ts:476:15
      at step (src/hooks/useLiveAnalysis.ts:44:23)
      at Object.next (src/hooks/useLiveAnalysis.ts:25:53)
      at fulfilled (src/hooks/useLiveAnalysis.ts:16:58)


 RUNS  src/__tests__/services/SequentialShotDetection.test.ts
 RUNS  src/__tests__/pages/LoginPage.test.tsx

 RUNS  src/__tests__/services/SequentialShotDetection.test.ts
 RUNS  src/__tests__/pages/LoginPage.test.tsx
  console.error
    An update to TestComponent inside a test was not wrapped in act(...).

    When testing, code that causes React state updates should be wrapped into act(...):        

    act(() => {
      /* fire events that update state */
    });
    /* assert on the output */

    This ensures that you're testing the behavior the user would see in the browser. Learn more at https://react.dev/link/wrap-tests-with-act

      476 |       console.error(`üîç REAL: Error in fetchAndAnalyzeNextFrame after ${latency.toFixed(2)}ms:`, error);
      477 |       
    > 478 |       setState(prev => ({
          |       ^
      479 |         ...prev,
      480 |         isAnalyzing: false,
      481 |         error: error instanceof Error ? error.message : 'Unknown error occurred'   

      at node_modules/react-dom/cjs/react-dom-client.development.js:18758:19
      at runWithFiberInDEV (node_modules/react-dom/cjs/react-dom-client.development.js:874:13) 
      at warnIfUpdatesNotWrappedWithActDEV (node_modules/react-dom/cjs/react-dom-client.development.js:18757:9)
      at scheduleUpdateOnFiber (node_modules/react-dom/cjs/react-dom-client.development.js:16409:11)
      at dispatchSetStateInternal (node_modules/react-dom/cjs/react-dom-client.development.js:9170:13)
      at dispatchSetState (node_modules/react-dom/cjs/react-dom-client.development.js:9127:7)  
      at src/hooks/useLiveAnalysis.ts:478:7
      at step (src/hooks/useLiveAnalysis.ts:44:23)
      at Object.next (src/hooks/useLiveAnalysis.ts:25:53)
      at fulfilled (src/hooks/useLiveAnalysis.ts:16:58)


 RUNS  src/__tests__/services/SequentialShotDetection.test.ts
 RUNS  src/__tests__/pages/LoginPage.test.tsx
  console.error
    An update to TestComponent inside a test was not wrapped in act(...).
    
    When testing, code that causes React state updates should be wrapped into act(...):
    
    act(() => {
      /* fire events that update state */
    });
    /* assert on the output */
    
    This ensures that you're testing the behavior the user would see in the browser. Learn more at https://react.dev/link/wrap-tests-with-act

      549 |           // No more frames available
      550 |           console.log('üöÄ DEBUG: No more frames available, stopping analysis');    
    > 551 |           setState(prev => ({ ...prev, isAnalyzing: false }));
          |           ^
      552 |           isAnalyzingRef.current = false; // Update ref when stopping analysis     
      553 |           break;
      554 |         }

      at node_modules/react-dom/cjs/react-dom-client.development.js:18758:19
      at runWithFiberInDEV (node_modules/react-dom/cjs/react-dom-client.development.js:874:13) 
      at warnIfUpdatesNotWrappedWithActDEV (node_modules/react-dom/cjs/react-dom-client.development.js:18757:9)
      at scheduleUpdateOnFiber (node_modules/react-dom/cjs/react-dom-client.development.js:16409:11)
      at dispatchSetStateInternal (node_modules/react-dom/cjs/react-dom-client.development.js:9170:13)
      at dispatchSetState (node_modules/react-dom/cjs/react-dom-client.development.js:9127:7)  
      at src/hooks/useLiveAnalysis.ts:551:11
      at step (src/hooks/useLiveAnalysis.ts:44:23)
      at Object.next (src/hooks/useLiveAnalysis.ts:25:53)
      at fulfilled (src/hooks/useLiveAnalysis.ts:16:58)


 RUNS  src/__tests__/services/SequentialShotDetection.test.ts
 RUNS  src/__tests__/pages/LoginPage.test.tsx
  console.error
    üîç REAL: Error in fetchAndAnalyzeNextFrame after 16.00ms: TypeError: Cannot read properties of undefined (reading 'status')
        at C:\Users\shova\Downloads\GMShoot\gmshooter-v2\src\hooks\useLiveAnalysis.ts:250:75
        at step (C:\Users\shova\Downloads\GMShoot\gmshooter-v2\src\hooks\useLiveAnalysis.ts:44:23)
        at Object.next (C:\Users\shova\Downloads\GMShoot\gmshooter-v2\src\hooks\useLiveAnalysis.ts:25:53)
        at fulfilled (C:\Users\shova\Downloads\GMShoot\gmshooter-v2\src\hooks\useLiveAnalysis.ts:16:58)
        at processTicksAndRejections (node:internal/process/task_queues:105:5)

      474 |       const endTime = performance.now();
      475 |       const latency = endTime - startTime;
    > 476 |       console.error(`üîç REAL: Error in fetchAndAnalyzeNextFrame after ${latency.toFixed(2)}ms:`, error);
          |               ^
      477 |       
      478 |       setState(prev => ({
      479 |         ...prev,

      at src/hooks/useLiveAnalysis.ts:476:15
      at step (src/hooks/useLiveAnalysis.ts:44:23)
      at Object.next (src/hooks/useLiveAnalysis.ts:25:53)
      at fulfilled (src/hooks/useLiveAnalysis.ts:16:58)


 RUNS  src/__tests__/services/SequentialShotDetection.test.ts
 RUNS  src/__tests__/pages/LoginPage.test.tsx
  console.error
    An update to TestComponent inside a test was not wrapped in act(...).
    
    When testing, code that causes React state updates should be wrapped into act(...):
    
    act(() => {
      /* fire events that update state */
    });
    /* assert on the output */
    
    This ensures that you're testing the behavior the user would see in the browser. Learn more at https://react.dev/link/wrap-tests-with-act

      476 |       console.error(`üîç REAL: Error in fetchAndAnalyzeNextFrame after ${latency.toFixed(2)}ms:`, error);
      477 |       
    > 478 |       setState(prev => ({
          |       ^
      479 |         ...prev,
      480 |         isAnalyzing: false,
      481 |         error: error instanceof Error ? error.message : 'Unknown error occurred'   

      at node_modules/react-dom/cjs/react-dom-client.development.js:18758:19
      at runWithFiberInDEV (node_modules/react-dom/cjs/react-dom-client.development.js:874:13) 
      at warnIfUpdatesNotWrappedWithActDEV (node_modules/react-dom/cjs/react-dom-client.development.js:18757:9)
      at scheduleUpdateOnFiber (node_modules/react-dom/cjs/react-dom-client.development.js:16409:11)
      at dispatchSetStateInternal (node_modules/react-dom/cjs/react-dom-client.development.js:9170:13)
      at dispatchSetState (node_modules/react-dom/cjs/react-dom-client.development.js:9127:7)  
      at src/hooks/useLiveAnalysis.ts:478:7
      at step (src/hooks/useLiveAnalysis.ts:44:23)
      at Object.next (src/hooks/useLiveAnalysis.ts:25:53)
      at fulfilled (src/hooks/useLiveAnalysis.ts:16:58)


 RUNS  src/__tests__/services/SequentialShotDetection.test.ts
 RUNS  src/__tests__/pages/LoginPage.test.tsx

 RUNS  src/__tests__/services/SequentialShotDetection.test.ts
 RUNS  src/__tests__/pages/LoginPage.test.tsx
  console.error
    An update to TestComponent inside a test was not wrapped in act(...).

    When testing, code that causes React state updates should be wrapped into act(...):        

    act(() => {
      /* fire events that update state */
    });
    /* assert on the output */

    This ensures that you're testing the behavior the user would see in the browser. Learn more at https://react.dev/link/wrap-tests-with-act

      549 |           // No more frames available
      550 |           console.log('üöÄ DEBUG: No more frames available, stopping analysis');    
    > 551 |           setState(prev => ({ ...prev, isAnalyzing: false }));
          |           ^
      552 |           isAnalyzingRef.current = false; // Update ref when stopping analysis     
      553 |           break;
      554 |         }

      at node_modules/react-dom/cjs/react-dom-client.development.js:18758:19
      at runWithFiberInDEV (node_modules/react-dom/cjs/react-dom-client.development.js:874:13) 
      at warnIfUpdatesNotWrappedWithActDEV (node_modules/react-dom/cjs/react-dom-client.development.js:18757:9)
      at scheduleUpdateOnFiber (node_modules/react-dom/cjs/react-dom-client.development.js:16409:11)
      at dispatchSetStateInternal (node_modules/react-dom/cjs/react-dom-client.development.js:9170:13)
      at dispatchSetState (node_modules/react-dom/cjs/react-dom-client.development.js:9127:7)  
      at src/hooks/useLiveAnalysis.ts:551:11
      at step (src/hooks/useLiveAnalysis.ts:44:23)
      at Object.next (src/hooks/useLiveAnalysis.ts:25:53)
      at fulfilled (src/hooks/useLiveAnalysis.ts:16:58)


 RUNS  src/__tests__/services/SequentialShotDetection.test.ts
 RUNS  src/__tests__/pages/LoginPage.test.tsx
  console.error
    üîç REAL: Error in fetchAndAnalyzeNextFrame after 20.00ms: TypeError: Cannot read properties of undefined (reading 'status')
        at C:\Users\shova\Downloads\GMShoot\gmshooter-v2\src\hooks\useLiveAnalysis.ts:250:75
        at step (C:\Users\shova\Downloads\GMShoot\gmshooter-v2\src\hooks\useLiveAnalysis.ts:44:23)
        at Object.next (C:\Users\shova\Downloads\GMShoot\gmshooter-v2\src\hooks\useLiveAnalysis.ts:25:53)
        at fulfilled (C:\Users\shova\Downloads\GMShoot\gmshooter-v2\src\hooks\useLiveAnalysis.ts:16:58)
        at processTicksAndRejections (node:internal/process/task_queues:105:5)

      474 |       const endTime = performance.now();
      475 |       const latency = endTime - startTime;
    > 476 |       console.error(`üîç REAL: Error in fetchAndAnalyzeNextFrame after ${latency.toFixed(2)}ms:`, error);
          |               ^
      477 |       
      478 |       setState(prev => ({
      479 |         ...prev,

      at src/hooks/useLiveAnalysis.ts:476:15
      at step (src/hooks/useLiveAnalysis.ts:44:23)
      at Object.next (src/hooks/useLiveAnalysis.ts:25:53)
      at fulfilled (src/hooks/useLiveAnalysis.ts:16:58)


 RUNS  src/__tests__/services/SequentialShotDetection.test.ts
 RUNS  src/__tests__/pages/LoginPage.test.tsx
  console.error
    An update to TestComponent inside a test was not wrapped in act(...).

    When testing, code that causes React state updates should be wrapped into act(...):        

    act(() => {
      /* fire events that update state */
    });
    /* assert on the output */

    This ensures that you're testing the behavior the user would see in the browser. Learn more at https://react.dev/link/wrap-tests-with-act

      476 |       console.error(`üîç REAL: Error in fetchAndAnalyzeNextFrame after ${latency.toFixed(2)}ms:`, error);
      477 |       
    > 478 |       setState(prev => ({
          |       ^
      479 |         ...prev,
      480 |         isAnalyzing: false,
      481 |         error: error instanceof Error ? error.message : 'Unknown error occurred'   

      at node_modules/react-dom/cjs/react-dom-client.development.js:18758:19
      at runWithFiberInDEV (node_modules/react-dom/cjs/react-dom-client.development.js:874:13) 
      at warnIfUpdatesNotWrappedWithActDEV (node_modules/react-dom/cjs/react-dom-client.development.js:18757:9)
      at scheduleUpdateOnFiber (node_modules/react-dom/cjs/react-dom-client.development.js:16409:11)
      at dispatchSetStateInternal (node_modules/react-dom/cjs/react-dom-client.development.js:9170:13)
      at dispatchSetState (node_modules/react-dom/cjs/react-dom-client.development.js:9127:7)  
      at src/hooks/useLiveAnalysis.ts:478:7
      at step (src/hooks/useLiveAnalysis.ts:44:23)
      at Object.next (src/hooks/useLiveAnalysis.ts:25:53)
      at fulfilled (src/hooks/useLiveAnalysis.ts:16:58)


 RUNS  src/__tests__/services/SequentialShotDetection.test.ts
 RUNS  src/__tests__/pages/LoginPage.test.tsx

 RUNS  src/__tests__/services/SequentialShotDetection.test.ts
 RUNS  src/__tests__/pages/LoginPage.test.tsx
  console.error
    An update to TestComponent inside a test was not wrapped in act(...).
    
    When testing, code that causes React state updates should be wrapped into act(...):
    
    act(() => {
      /* fire events that update state */
    });
    /* assert on the output */
    
    This ensures that you're testing the behavior the user would see in the browser. Learn more at https://react.dev/link/wrap-tests-with-act

      549 |           // No more frames available
      550 |           console.log('üöÄ DEBUG: No more frames available, stopping analysis');    
    > 551 |           setState(prev => ({ ...prev, isAnalyzing: false }));
          |           ^
      552 |           isAnalyzingRef.current = false; // Update ref when stopping analysis     
      553 |           break;
      554 |         }

      at node_modules/react-dom/cjs/react-dom-client.development.js:18758:19
      at runWithFiberInDEV (node_modules/react-dom/cjs/react-dom-client.development.js:874:13) 
      at warnIfUpdatesNotWrappedWithActDEV (node_modules/react-dom/cjs/react-dom-client.development.js:18757:9)
      at scheduleUpdateOnFiber (node_modules/react-dom/cjs/react-dom-client.development.js:16409:11)
      at dispatchSetStateInternal (node_modules/react-dom/cjs/react-dom-client.development.js:9170:13)
      at dispatchSetState (node_modules/react-dom/cjs/react-dom-client.development.js:9127:7)  
      at src/hooks/useLiveAnalysis.ts:551:11
      at step (src/hooks/useLiveAnalysis.ts:44:23)
      at Object.next (src/hooks/useLiveAnalysis.ts:25:53)
      at fulfilled (src/hooks/useLiveAnalysis.ts:16:58)


 RUNS  src/__tests__/services/SequentialShotDetection.test.ts
 RUNS  src/__tests__/pages/LoginPage.test.tsx

 RUNS  src/__tests__/services/SequentialShotDetection.test.ts
 RUNS  src/__tests__/pages/LoginPage.test.tsx
  console.error
    üîç REAL: Camera proxy response not OK: Internal Server Error Camera error

      252 |       if (!frameResponse.ok) {
      253 |         const errorText = await frameResponse.text();
    > 254 |         console.error('üîç REAL: Camera proxy response not OK:', frameResponse.statusText, errorText);
          |                 ^
      255 |         throw new Error(`Failed to fetch frame from camera: ${frameResponse.status} ${frameResponse.statusText}. ${errorText}`);
      256 |       }
      257 |

      at src/hooks/useLiveAnalysis.ts:254:17
      at step (src/hooks/useLiveAnalysis.ts:44:23)
      at Object.next (src/hooks/useLiveAnalysis.ts:25:53)
      at fulfilled (src/hooks/useLiveAnalysis.ts:16:58)


 RUNS  src/__tests__/services/SequentialShotDetection.test.ts
 RUNS  src/__tests__/pages/LoginPage.test.tsx

 RUNS  src/__tests__/services/SequentialShotDetection.test.ts
 RUNS  src/__tests__/pages/LoginPage.test.tsx
  console.error
    üîç REAL: Error in fetchAndAnalyzeNextFrame after 18.00ms: Error: Failed to fetch frame from camera: 500 Internal Server Error. Camera error
        at C:\Users\shova\Downloads\GMShoot\gmshooter-v2\src\hooks\useLiveAnalysis.ts:255:15   
        at step (C:\Users\shova\Downloads\GMShoot\gmshooter-v2\src\hooks\useLiveAnalysis.ts:44:23)
        at Object.next (C:\Users\shova\Downloads\GMShoot\gmshooter-v2\src\hooks\useLiveAnalysis.ts:25:53)
        at fulfilled (C:\Users\shova\Downloads\GMShoot\gmshooter-v2\src\hooks\useLiveAnalysis.ts:16:58)
        at runNextTicks (node:internal/process/task_queues:65:5)
        at listOnTimeout (node:internal/timers:549:9)
        at processTimers (node:internal/timers:523:7)

      474 |       const endTime = performance.now();
      475 |       const latency = endTime - startTime;
    > 476 |       console.error(`üîç REAL: Error in fetchAndAnalyzeNextFrame after ${latency.toFixed(2)}ms:`, error);
          |               ^
      477 |       
      478 |       setState(prev => ({
      479 |         ...prev,

      at src/hooks/useLiveAnalysis.ts:476:15
      at step (src/hooks/useLiveAnalysis.ts:44:23)
      at Object.next (src/hooks/useLiveAnalysis.ts:25:53)
      at fulfilled (src/hooks/useLiveAnalysis.ts:16:58)


 RUNS  src/__tests__/services/SequentialShotDetection.test.ts
 RUNS  src/__tests__/pages/LoginPage.test.tsx
  console.error
    üîç REAL: Analysis response not OK: Analysis Error Analysis service error

      322 |         if (!analysisResponse.ok) {
      323 |           const errorText = await analysisResponse.text();
    > 324 |           console.error('üîç REAL: Analysis response not OK:', analysisResponse.statusText, errorText);
          |                   ^
      325 |           throw new Error(`Analysis API error: ${analysisResponse.status} ${analysisResponse.statusText}. ${errorText}`);
      326 |         }
      327 |

      at src/hooks/useLiveAnalysis.ts:324:19
      at step (src/hooks/useLiveAnalysis.ts:44:23)
      at Object.next (src/hooks/useLiveAnalysis.ts:25:53)
      at fulfilled (src/hooks/useLiveAnalysis.ts:16:58)


 RUNS  src/__tests__/services/SequentialShotDetection.test.ts
 RUNS  src/__tests__/pages/LoginPage.test.tsx

 RUNS  src/__tests__/services/SequentialShotDetection.test.ts
 RUNS  src/__tests__/pages/LoginPage.test.tsx
  console.error
    üîç REAL: Error in fetchAndAnalyzeNextFrame: Error: Analysis API error: 500 Analysis Error. Analysis service error
        at C:\Users\shova\Downloads\GMShoot\gmshooter-v2\src\hooks\useLiveAnalysis.ts:325:17   
        at step (C:\Users\shova\Downloads\GMShoot\gmshooter-v2\src\hooks\useLiveAnalysis.ts:44:23)
        at Object.next (C:\Users\shova\Downloads\GMShoot\gmshooter-v2\src\hooks\useLiveAnalysis.ts:25:53)
        at fulfilled (C:\Users\shova\Downloads\GMShoot\gmshooter-v2\src\hooks\useLiveAnalysis.ts:16:58)

      460 |         }
      461 |         
    > 462 |         console.error('üîç REAL: Error in fetchAndAnalyzeNextFrame:', error);       
          |                 ^
      463 |         
      464 |         // Stop analysis on critical errors
      465 |         setState(prev => ({

      at src/hooks/useLiveAnalysis.ts:462:17
      at step (src/hooks/useLiveAnalysis.ts:44:23)
      at Object.next (src/hooks/useLiveAnalysis.ts:25:53)
      at fulfilled (src/hooks/useLiveAnalysis.ts:16:58)


 RUNS  src/__tests__/services/SequentialShotDetection.test.ts
 RUNS  src/__tests__/pages/LoginPage.test.tsx
  console.error
    üîç REAL: Error in fetchAndAnalyzeNextFrame: Error: Request timeout
        at C:\Users\shova\Downloads\GMShoot\gmshooter-v2\src\__tests__\hooks\useLiveAnalysis.test.tsx:413:33
        at C:\Users\shova\Downloads\GMShoot\gmshooter-v2\node_modules\jest-environment-jsdom\node_modules\jest-mock\build\index.js:397:39
        at C:\Users\shova\Downloads\GMShoot\gmshooter-v2\node_modules\jest-environment-jsdom\node_modules\jest-mock\build\index.js:404:13
        at mockConstructor (C:\Users\shova\Downloads\GMShoot\gmshooter-v2\node_modules\jest-environment-jsdom\node_modules\jest-mock\build\index.js:148:19)
        at C:\Users\shova\Downloads\GMShoot\gmshooter-v2\src\hooks\useLiveAnalysis.ts:306:40
        at step (C:\Users\shova\Downloads\GMShoot\gmshooter-v2\src\hooks\useLiveAnalysis.ts:44:23)
        at Object.next (C:\Users\shova\Downloads\GMShoot\gmshooter-v2\src\hooks\useLiveAnalysis.ts:25:53)
        at fulfilled (C:\Users\shova\Downloads\GMShoot\gmshooter-v2\src\hooks\useLiveAnalysis.ts:16:58)

      460 |         }
      461 |         
    > 462 |         console.error('üîç REAL: Error in fetchAndAnalyzeNextFrame:', error);       
          |                 ^
      463 |         
      464 |         // Stop analysis on critical errors
      465 |         setState(prev => ({

      at src/hooks/useLiveAnalysis.ts:462:17
      at step (src/hooks/useLiveAnalysis.ts:44:23)
      at Object.throw (src/hooks/useLiveAnalysis.ts:25:53)
      at rejected (src/hooks/useLiveAnalysis.ts:17:65)


 RUNS  src/__tests__/services/SequentialShotDetection.test.ts
 RUNS  src/__tests__/pages/LoginPage.test.tsx

 RUNS  src/__tests__/services/SequentialShotDetection.test.ts
 RUNS  src/__tests__/pages/LoginPage.test.tsx

 RUNS  src/__tests__/services/SequentialShotDetection.test.ts
 RUNS  src/__tests__/pages/LoginPage.test.tsx
  console.error
    An update to TestComponent inside a test was not wrapped in act(...).
    
    When testing, code that causes React state updates should be wrapped into act(...):
    
    act(() => {
      /* fire events that update state */
    });
    /* assert on the output */
    
    This ensures that you're testing the behavior the user would see in the browser. Learn more at https://react.dev/link/wrap-tests-with-act

      405 |
      406 |         // Step 5: Update state with REAL shots
    > 407 |         setState(prev => {
          |         ^
      408 |           const allShots = [...prev.shots, ...scoredShots];
      409 |           const newMetrics = calculateMetrics(allShots);
      410 |           

      at node_modules/react-dom/cjs/react-dom-client.development.js:18758:19
      at runWithFiberInDEV (node_modules/react-dom/cjs/react-dom-client.development.js:874:13) 
      at warnIfUpdatesNotWrappedWithActDEV (node_modules/react-dom/cjs/react-dom-client.development.js:18757:9)
      at scheduleUpdateOnFiber (node_modules/react-dom/cjs/react-dom-client.development.js:16409:11)
      at dispatchSetStateInternal (node_modules/react-dom/cjs/react-dom-client.development.js:9170:13)
      at dispatchSetState (node_modules/react-dom/cjs/react-dom-client.development.js:9127:7)  
      at src/hooks/useLiveAnalysis.ts:407:9
      at step (src/hooks/useLiveAnalysis.ts:44:23)
      at Object.next (src/hooks/useLiveAnalysis.ts:25:53)
      at fulfilled (src/hooks/useLiveAnalysis.ts:16:58)


 RUNS  src/__tests__/services/SequentialShotDetection.test.ts
 RUNS  src/__tests__/pages/LoginPage.test.tsx

 RUNS  src/__tests__/services/SequentialShotDetection.test.ts
 RUNS  src/__tests__/pages/LoginPage.test.tsx
  console.error
    An update to TestComponent inside a test was not wrapped in act(...).
    
    When testing, code that causes React state updates should be wrapped into act(...):
    
    act(() => {
      /* fire events that update state */
    });
    /* assert on the output */
    
    This ensures that you're testing the behavior the user would see in the browser. Learn more at https://react.dev/link/wrap-tests-with-act

      405 |
      406 |         // Step 5: Update state with REAL shots
    > 407 |         setState(prev => {
          |         ^
      408 |           const allShots = [...prev.shots, ...scoredShots];
      409 |           const newMetrics = calculateMetrics(allShots);
      410 |           

      at node_modules/react-dom/cjs/react-dom-client.development.js:18758:19
      at runWithFiberInDEV (node_modules/react-dom/cjs/react-dom-client.development.js:874:13) 
      at warnIfUpdatesNotWrappedWithActDEV (node_modules/react-dom/cjs/react-dom-client.development.js:18757:9)
      at scheduleUpdateOnFiber (node_modules/react-dom/cjs/react-dom-client.development.js:16409:11)
      at dispatchSetStateInternal (node_modules/react-dom/cjs/react-dom-client.development.js:9170:13)
      at dispatchSetState (node_modules/react-dom/cjs/react-dom-client.development.js:9127:7)  
      at src/hooks/useLiveAnalysis.ts:407:9
      at step (src/hooks/useLiveAnalysis.ts:44:23)
      at Object.next (src/hooks/useLiveAnalysis.ts:25:53)
      at fulfilled (src/hooks/useLiveAnalysis.ts:16:58)


 RUNS  src/__tests__/services/SequentialShotDetection.test.ts
 RUNS  src/__tests__/pages/LoginPage.test.tsx
  console.error
    An update to TestComponent inside a test was not wrapped in act(...).
    
    When testing, code that causes React state updates should be wrapped into act(...):
    
    act(() => {
      /* fire events that update state */
    });
    /* assert on the output */
    
    This ensures that you're testing the behavior the user would see in the browser. Learn more at https://react.dev/link/wrap-tests-with-act

      405 |
      406 |         // Step 5: Update state with REAL shots
    > 407 |         setState(prev => {
          |         ^
      408 |           const allShots = [...prev.shots, ...scoredShots];
      409 |           const newMetrics = calculateMetrics(allShots);
      410 |           

      at node_modules/react-dom/cjs/react-dom-client.development.js:18758:19
      at runWithFiberInDEV (node_modules/react-dom/cjs/react-dom-client.development.js:874:13) 
      at warnIfUpdatesNotWrappedWithActDEV (node_modules/react-dom/cjs/react-dom-client.development.js:18757:9)
      at scheduleUpdateOnFiber (node_modules/react-dom/cjs/react-dom-client.development.js:16409:11)
      at dispatchSetStateInternal (node_modules/react-dom/cjs/react-dom-client.development.js:9170:13)
      at dispatchSetState (node_modules/react-dom/cjs/react-dom-client.development.js:9127:7)  
      at src/hooks/useLiveAnalysis.ts:407:9
      at step (src/hooks/useLiveAnalysis.ts:44:23)
      at Object.next (src/hooks/useLiveAnalysis.ts:25:53)
      at fulfilled (src/hooks/useLiveAnalysis.ts:16:58)


 RUNS  src/__tests__/services/SequentialShotDetection.test.ts
 RUNS  src/__tests__/pages/LoginPage.test.tsx

 RUNS  src/__tests__/services/SequentialShotDetection.test.ts
 RUNS  src/__tests__/pages/LoginPage.test.tsx
  console.error
    An update to TestComponent inside a test was not wrapped in act(...).

    When testing, code that causes React state updates should be wrapped into act(...):        

    act(() => {
      /* fire events that update state */
    });
    /* assert on the output */

    This ensures that you're testing the behavior the user would see in the browser. Learn more at https://react.dev/link/wrap-tests-with-act

      405 |
      406 |         // Step 5: Update state with REAL shots
    > 407 |         setState(prev => {
          |         ^
      408 |           const allShots = [...prev.shots, ...scoredShots];
      409 |           const newMetrics = calculateMetrics(allShots);
      410 |           

      at node_modules/react-dom/cjs/react-dom-client.development.js:18758:19
      at runWithFiberInDEV (node_modules/react-dom/cjs/react-dom-client.development.js:874:13) 
      at warnIfUpdatesNotWrappedWithActDEV (node_modules/react-dom/cjs/react-dom-client.development.js:18757:9)
      at scheduleUpdateOnFiber (node_modules/react-dom/cjs/react-dom-client.development.js:16409:11)
      at dispatchSetStateInternal (node_modules/react-dom/cjs/react-dom-client.development.js:9170:13)
      at dispatchSetState (node_modules/react-dom/cjs/react-dom-client.development.js:9127:7)  
      at src/hooks/useLiveAnalysis.ts:407:9
      at step (src/hooks/useLiveAnalysis.ts:44:23)
      at Object.next (src/hooks/useLiveAnalysis.ts:25:53)
      at fulfilled (src/hooks/useLiveAnalysis.ts:16:58)


 RUNS  src/__tests__/services/SequentialShotDetection.test.ts
 RUNS  src/__tests__/pages/LoginPage.test.tsx
  console.error
    An update to TestComponent inside a test was not wrapped in act(...).
    
    When testing, code that causes React state updates should be wrapped into act(...):
    
    act(() => {
      /* fire events that update state */
    });
    /* assert on the output */
    
    This ensures that you're testing the behavior the user would see in the browser. Learn more at https://react.dev/link/wrap-tests-with-act

      405 |
      406 |         // Step 5: Update state with REAL shots
    > 407 |         setState(prev => {
          |         ^
      408 |           const allShots = [...prev.shots, ...scoredShots];
      409 |           const newMetrics = calculateMetrics(allShots);
      410 |           

      at node_modules/react-dom/cjs/react-dom-client.development.js:18758:19
      at runWithFiberInDEV (node_modules/react-dom/cjs/react-dom-client.development.js:874:13) 
      at warnIfUpdatesNotWrappedWithActDEV (node_modules/react-dom/cjs/react-dom-client.development.js:18757:9)
      at scheduleUpdateOnFiber (node_modules/react-dom/cjs/react-dom-client.development.js:16409:11)
      at dispatchSetStateInternal (node_modules/react-dom/cjs/react-dom-client.development.js:9170:13)
      at dispatchSetState (node_modules/react-dom/cjs/react-dom-client.development.js:9127:7)  
      at src/hooks/useLiveAnalysis.ts:407:9
      at step (src/hooks/useLiveAnalysis.ts:44:23)
      at Object.next (src/hooks/useLiveAnalysis.ts:25:53)
      at fulfilled (src/hooks/useLiveAnalysis.ts:16:58)


 RUNS  src/__tests__/services/SequentialShotDetection.test.ts
 RUNS  src/__tests__/pages/LoginPage.test.tsx

 RUNS  src/__tests__/services/SequentialShotDetection.test.ts
 RUNS  src/__tests__/pages/LoginPage.test.tsx
  console.error
    An update to TestComponent inside a test was not wrapped in act(...).
    
    When testing, code that causes React state updates should be wrapped into act(...):
    
    act(() => {
      /* fire events that update state */
    });
    /* assert on the output */
    
    This ensures that you're testing the behavior the user would see in the browser. Learn more at https://react.dev/link/wrap-tests-with-act

      405 |
      406 |         // Step 5: Update state with REAL shots
    > 407 |         setState(prev => {
          |         ^
      408 |           const allShots = [...prev.shots, ...scoredShots];
      409 |           const newMetrics = calculateMetrics(allShots);
      410 |           

      at node_modules/react-dom/cjs/react-dom-client.development.js:18758:19
      at runWithFiberInDEV (node_modules/react-dom/cjs/react-dom-client.development.js:874:13) 
      at warnIfUpdatesNotWrappedWithActDEV (node_modules/react-dom/cjs/react-dom-client.development.js:18757:9)
      at scheduleUpdateOnFiber (node_modules/react-dom/cjs/react-dom-client.development.js:16409:11)
      at dispatchSetStateInternal (node_modules/react-dom/cjs/react-dom-client.development.js:9170:13)
      at dispatchSetState (node_modules/react-dom/cjs/react-dom-client.development.js:9127:7)  
      at src/hooks/useLiveAnalysis.ts:407:9
      at step (src/hooks/useLiveAnalysis.ts:44:23)
      at Object.next (src/hooks/useLiveAnalysis.ts:25:53)
      at fulfilled (src/hooks/useLiveAnalysis.ts:16:58)


 RUNS  src/__tests__/services/SequentialShotDetection.test.ts
 RUNS  src/__tests__/pages/LoginPage.test.tsx

 RUNS  src/__tests__/services/SequentialShotDetection.test.ts
 RUNS  src/__tests__/pages/LoginPage.test.tsx
 PASS  src/__tests__/hooks/useHardware.test.tsx (5.944 s)

 RUNS  src/__tests__/services/SequentialShotDetection.test.ts
 RUNS  src/__tests__/pages/LoginPage.test.tsx
  useHardware Hook

 RUNS  src/__tests__/services/SequentialShotDetection.test.ts
 RUNS  src/__tests__/pages/LoginPage.test.tsx
    Initial State

 RUNS  src/__tests__/services/SequentialShotDetection.test.ts
 RUNS  src/__tests__/pages/LoginPage.test.tsx
      ‚àö should render with initial state (162 ms)

 RUNS  src/__tests__/services/SequentialShotDetection.test.ts
 RUNS  src/__tests__/pages/LoginPage.test.tsx
    Device Connection

 RUNS  src/__tests__/services/SequentialShotDetection.test.ts
 RUNS  src/__tests__/pages/LoginPage.test.tsx
      ‚àö should connect to device successfully (185 ms)

 RUNS  src/__tests__/services/SequentialShotDetection.test.ts
 RUNS  src/__tests__/pages/LoginPage.test.tsx
      ‚àö should handle connection error (28 ms)

 RUNS  src/__tests__/services/SequentialShotDetection.test.ts
 RUNS  src/__tests__/pages/LoginPage.test.tsx
      ‚àö should disconnect device successfully (240 ms)

 RUNS  src/__tests__/services/SequentialShotDetection.test.ts
 RUNS  src/__tests__/pages/LoginPage.test.tsx
    Session Management

 RUNS  src/__tests__/services/SequentialShotDetection.test.ts
 RUNS  src/__tests__/pages/LoginPage.test.tsx
      ‚àö should start session successfully (381 ms)

 RUNS  src/__tests__/services/SequentialShotDetection.test.ts
 RUNS  src/__tests__/pages/LoginPage.test.tsx
      ‚àö should stop session successfully (445 ms)

 RUNS  src/__tests__/services/SequentialShotDetection.test.ts
 RUNS  src/__tests__/pages/LoginPage.test.tsx
      ‚àö should handle session start without connected device (241 ms)

 RUNS  src/__tests__/services/SequentialShotDetection.test.ts
 RUNS  src/__tests__/pages/LoginPage.test.tsx
    Computed Properties

 RUNS  src/__tests__/services/SequentialShotDetection.test.ts
 RUNS  src/__tests__/pages/LoginPage.test.tsx
      ‚àö should compute isConnected correctly when device is connected (36 ms)

 RUNS  src/__tests__/services/SequentialShotDetection.test.ts
 RUNS  src/__tests__/pages/LoginPage.test.tsx
      ‚àö should compute isConnected correctly when device is not connected (26 ms)

 RUNS  src/__tests__/services/SequentialShotDetection.test.ts
 RUNS  src/__tests__/pages/LoginPage.test.tsx
      ‚àö should compute isSessionActive correctly for active session (169 ms)

 RUNS  src/__tests__/services/SequentialShotDetection.test.ts
 RUNS  src/__tests__/pages/LoginPage.test.tsx
      ‚àö should compute isSessionActive correctly for completed session (419 ms)

 RUNS  src/__tests__/services/SequentialShotDetection.test.ts
 RUNS  src/__tests__/pages/LoginPage.test.tsx
    Error Handling

 RUNS  src/__tests__/services/SequentialShotDetection.test.ts
 RUNS  src/__tests__/pages/LoginPage.test.tsx
      ‚àö should handle connection errors gracefully (30 ms)

 RUNS  src/__tests__/services/SequentialShotDetection.test.ts
 RUNS  src/__tests__/pages/LoginPage.test.tsx
      ‚àö should reset error when new operation starts (18 ms)

 RUNS  src/__tests__/services/SequentialShotDetection.test.ts
 RUNS  src/__tests__/pages/LoginPage.test.tsx
    State Management

 RUNS  src/__tests__/services/SequentialShotDetection.test.ts
 RUNS  src/__tests__/pages/LoginPage.test.tsx
      ‚àö should maintain consistent state across operations (289 ms)

 RUNS  src/__tests__/services/SequentialShotDetection.test.ts
 RUNS  src/__tests__/pages/LoginPage.test.tsx


 RUNS  src/__tests__/services/SequentialShotDetection.test.ts
 RUNS  src/__tests__/pages/LoginPage.test.tsx

 RUNS  src/__tests__/services/SequentialShotDetection.test.ts
 RUNS  src/__tests__/pages/LoginPage.test.tsx

 RUNS  src/__tests__/services/SequentialShotDetection.test.ts
 RUNS  src/__tests__/pages/LoginPage.test.tsx

 RUNS  src/__tests__/services/SequentialShotDetection.test.ts
 RUNS  src/__tests__/pages/LoginPage.test.tsx

 RUNS  src/__tests__/services/SequentialShotDetection.test.ts
 RUNS  src/__tests__/pages/LoginPage.test.tsx

 RUNS  src/__tests__/services/SequentialShotDetection.test.ts
 RUNS  src/__tests__/pages/LoginPage.test.tsx
 PASS  src/__tests__/hooks/useLiveAnalysis.test.tsx (6.504 s)

 RUNS  src/__tests__/services/SequentialShotDetection.test.ts
 RUNS  src/__tests__/pages/LoginPage.test.tsx
  useLiveAnalysis Hook

 RUNS  src/__tests__/services/SequentialShotDetection.test.ts
 RUNS  src/__tests__/pages/LoginPage.test.tsx
    Initial State

 RUNS  src/__tests__/services/SequentialShotDetection.test.ts
 RUNS  src/__tests__/pages/LoginPage.test.tsx
      ‚àö should render with initial state (188 ms)

 RUNS  src/__tests__/services/SequentialShotDetection.test.ts
 RUNS  src/__tests__/pages/LoginPage.test.tsx
    Analysis Control

 RUNS  src/__tests__/services/SequentialShotDetection.test.ts
 RUNS  src/__tests__/pages/LoginPage.test.tsx
      ‚àö should start analysis when startAnalysis is called (335 ms)

 RUNS  src/__tests__/services/SequentialShotDetection.test.ts
 RUNS  src/__tests__/pages/LoginPage.test.tsx
      ‚àö should stop analysis when stopAnalysis is called (150 ms)

 RUNS  src/__tests__/services/SequentialShotDetection.test.ts
 RUNS  src/__tests__/pages/LoginPage.test.tsx
      ‚àö should reset analysis when resetAnalysis is called (139 ms)

 RUNS  src/__tests__/services/SequentialShotDetection.test.ts
 RUNS  src/__tests__/pages/LoginPage.test.tsx
    Frame Processing

 RUNS  src/__tests__/services/SequentialShotDetection.test.ts
 RUNS  src/__tests__/pages/LoginPage.test.tsx
      ‚àö should fetch and analyze frame when fetchAndAnalyzeNextFrame is called (119 ms)        

 RUNS  src/__tests__/services/SequentialShotDetection.test.ts
 RUNS  src/__tests__/pages/LoginPage.test.tsx
      ‚àö should handle frame analysis with shots (124 ms)

 RUNS  src/__tests__/services/SequentialShotDetection.test.ts
 RUNS  src/__tests__/pages/LoginPage.test.tsx
      ‚àö should handle frame analysis with no shots (55 ms)

 RUNS  src/__tests__/services/SequentialShotDetection.test.ts
 RUNS  src/__tests__/pages/LoginPage.test.tsx
    Error Handling

 RUNS  src/__tests__/services/SequentialShotDetection.test.ts
 RUNS  src/__tests__/pages/LoginPage.test.tsx
      ‚àö should handle camera fetch error (87 ms)

 RUNS  src/__tests__/services/SequentialShotDetection.test.ts
 RUNS  src/__tests__/pages/LoginPage.test.tsx
      ‚àö should handle analysis API error (159 ms)

 RUNS  src/__tests__/services/SequentialShotDetection.test.ts
 RUNS  src/__tests__/pages/LoginPage.test.tsx
      ‚àö should handle timeout error (134 ms)

 RUNS  src/__tests__/services/SequentialShotDetection.test.ts
 RUNS  src/__tests__/pages/LoginPage.test.tsx
    Metrics Calculation

 RUNS  src/__tests__/services/SequentialShotDetection.test.ts
 RUNS  src/__tests__/pages/LoginPage.test.tsx
      ‚àö should calculate metrics correctly for multiple shots (107 ms)

 RUNS  src/__tests__/services/SequentialShotDetection.test.ts
 RUNS  src/__tests__/pages/LoginPage.test.tsx
      ‚àö should calculate accuracy correctly (63 ms)

 RUNS  src/__tests__/services/SequentialShotDetection.test.ts
 RUNS  src/__tests__/pages/LoginPage.test.tsx
    Real-time Updates

 RUNS  src/__tests__/services/SequentialShotDetection.test.ts
 RUNS  src/__tests__/pages/LoginPage.test.tsx
      ‚àö should set up real-time subscription when sessionId is provided (12 ms)

 RUNS  src/__tests__/services/SequentialShotDetection.test.ts
 RUNS  src/__tests__/pages/LoginPage.test.tsx
      ‚àö should not set up real-time subscription when sessionId is not provided (10 ms)        

 RUNS  src/__tests__/services/SequentialShotDetection.test.ts
 RUNS  src/__tests__/pages/LoginPage.test.tsx
    Frame Change Detection

 RUNS  src/__tests__/services/SequentialShotDetection.test.ts
 RUNS  src/__tests__/pages/LoginPage.test.tsx
      ‚àö should detect unchanged frames (54 ms)

 RUNS  src/__tests__/services/SequentialShotDetection.test.ts
 RUNS  src/__tests__/pages/LoginPage.test.tsx
      ‚àö should stop analysis after max unchanged frames (701 ms)

 RUNS  src/__tests__/services/SequentialShotDetection.test.ts
 RUNS  src/__tests__/pages/LoginPage.test.tsx
    Latency Monitoring

 RUNS  src/__tests__/services/SequentialShotDetection.test.ts
 RUNS  src/__tests__/pages/LoginPage.test.tsx
      ‚àö should log latency warnings when exceeding 500ms (668 ms)

 RUNS  src/__tests__/services/SequentialShotDetection.test.ts
 RUNS  src/__tests__/pages/LoginPage.test.tsx


 RUNS  src/__tests__/services/SequentialShotDetection.test.ts
 RUNS  src/__tests__/pages/LoginPage.test.tsx

 RUNS  src/__tests__/services/SequentialShotDetection.test.ts
 RUNS  src/__tests__/pages/LoginPage.test.tsx

 RUNS  src/__tests__/services/SequentialShotDetection.test.ts
 RUNS  src/__tests__/pages/LoginPage.test.tsx

 RUNS  src/__tests__/services/SequentialShotDetection.test.ts
 RUNS  src/__tests__/pages/LoginPage.test.tsx

 RUNS  src/__tests__/services/SequentialShotDetection.test.ts
 RUNS  src/__tests__/pages/LoginPage.test.tsx

 RUNS  src/__tests__/services/SequentialShotDetection.test.ts
 RUNS  src/__tests__/pages/LoginPage.test.tsx
 PASS  src/__tests__/components/LiveMetricsDashboard.test.tsx (7.564 s)

 RUNS  src/__tests__/services/SequentialShotDetection.test.ts
 RUNS  src/__tests__/pages/LoginPage.test.tsx
  LiveMetricsDashboard Component

 RUNS  src/__tests__/services/SequentialShotDetection.test.ts
 RUNS  src/__tests__/pages/LoginPage.test.tsx
    ‚àö renders without crashing (313 ms)

 RUNS  src/__tests__/services/SequentialShotDetection.test.ts
 RUNS  src/__tests__/pages/LoginPage.test.tsx
    ‚àö displays session status correctly (132 ms)

 RUNS  src/__tests__/services/SequentialShotDetection.test.ts
 RUNS  src/__tests__/pages/LoginPage.test.tsx
    ‚àö displays key metrics with zero shots (151 ms)

 RUNS  src/__tests__/services/SequentialShotDetection.test.ts
 RUNS  src/__tests__/pages/LoginPage.test.tsx
    ‚àö calculates metrics correctly with shots (141 ms)

 RUNS  src/__tests__/services/SequentialShotDetection.test.ts
 RUNS  src/__tests__/pages/LoginPage.test.tsx
    ‚àö displays bullseye accuracy correctly (133 ms)

 RUNS  src/__tests__/services/SequentialShotDetection.test.ts
 RUNS  src/__tests__/pages/LoginPage.test.tsx
    ‚àö shows trend indicators for improvement (180 ms)

 RUNS  src/__tests__/services/SequentialShotDetection.test.ts
 RUNS  src/__tests__/pages/LoginPage.test.tsx
    ‚àö expands and collapses additional metrics (607 ms)

 RUNS  src/__tests__/services/SequentialShotDetection.test.ts
 RUNS  src/__tests__/pages/LoginPage.test.tsx
    ‚àö displays shot distribution chart when shots exist (276 ms)

 RUNS  src/__tests__/services/SequentialShotDetection.test.ts
 RUNS  src/__tests__/pages/LoginPage.test.tsx
    ‚àö shows no data message when no shots (240 ms)

 RUNS  src/__tests__/services/SequentialShotDetection.test.ts
 RUNS  src/__tests__/pages/LoginPage.test.tsx
    ‚àö displays performance ring with correct color (310 ms)

 RUNS  src/__tests__/services/SequentialShotDetection.test.ts
 RUNS  src/__tests__/pages/LoginPage.test.tsx
    ‚àö handles refresh functionality (222 ms)

 RUNS  src/__tests__/services/SequentialShotDetection.test.ts
 RUNS  src/__tests__/pages/LoginPage.test.tsx
    ‚àö handles export and share actions (70 ms)

 RUNS  src/__tests__/services/SequentialShotDetection.test.ts
 RUNS  src/__tests__/pages/LoginPage.test.tsx
    ‚àö disables action buttons when no shots (66 ms)

 RUNS  src/__tests__/services/SequentialShotDetection.test.ts
 RUNS  src/__tests__/pages/LoginPage.test.tsx
    ‚àö enables action buttons when shots exist (66 ms)

 RUNS  src/__tests__/services/SequentialShotDetection.test.ts
 RUNS  src/__tests__/pages/LoginPage.test.tsx
    ‚àö handles detailed analysis button (87 ms)

 RUNS  src/__tests__/services/SequentialShotDetection.test.ts
 RUNS  src/__tests__/pages/LoginPage.test.tsx
    ‚àö applies custom className (70 ms)

 RUNS  src/__tests__/services/SequentialShotDetection.test.ts
 RUNS  src/__tests__/pages/LoginPage.test.tsx
    ‚àö calculates session duration correctly (215 ms)

 RUNS  src/__tests__/services/SequentialShotDetection.test.ts
 RUNS  src/__tests__/pages/LoginPage.test.tsx
    ‚àö calculates shots per minute correctly (280 ms)

 RUNS  src/__tests__/services/SequentialShotDetection.test.ts
 RUNS  src/__tests__/pages/LoginPage.test.tsx
    ‚àö displays correct variant colors based on performance (141 ms)

 RUNS  src/__tests__/services/SequentialShotDetection.test.ts
 RUNS  src/__tests__/pages/LoginPage.test.tsx
    ‚àö handles empty session data gracefully (93 ms)

 RUNS  src/__tests__/services/SequentialShotDetection.test.ts
 RUNS  src/__tests__/pages/LoginPage.test.tsx
    ‚àö displays loading overlay during refresh (152 ms)

 RUNS  src/__tests__/services/SequentialShotDetection.test.ts
 RUNS  src/__tests__/pages/LoginPage.test.tsx


 RUNS  src/__tests__/services/SequentialShotDetection.test.ts
 RUNS  src/__tests__/pages/LoginPage.test.tsx

 RUNS  src/__tests__/services/SequentialShotDetection.test.ts
 RUNS  src/__tests__/pages/LoginPage.test.tsx

 RUNS  src/__tests__/services/SequentialShotDetection.test.ts
 RUNS  src/__tests__/pages/LoginPage.test.tsx

 RUNS  src/__tests__/services/SequentialShotDetection.test.ts
 RUNS  src/__tests__/pages/LoginPage.test.tsx

 RUNS  src/__tests__/services/SequentialShotDetection.test.ts
 RUNS  src/__tests__/pages/LoginPage.test.tsx
  console.error
    You provided a `value` prop to a form field without an `onChange` handler. This will render a read-only field. If the field should be mutable use `defaultValue`. Otherwise, set either `onChange` or `readOnly`.

      38 |
      39 |   it('renders with value', () => {
    > 40 |     render(<Input value="test value" />);
         |           ^
      41 |     
      42 |     const input = screen.getByDisplayValue('test value');
      43 |     expect(input).toBeInTheDocument();

      at checkControlledValueProps (node_modules/react-dom/cjs/react-dom-client.development.js:1425:21)
      at setInitialProperties (node_modules/react-dom/cjs/react-dom-client.development.js:20534:11)
      at completeWork (node_modules/react-dom/cjs/react-dom-client.development.js:12662:18)    
      at runWithFiberInDEV (node_modules/react-dom/cjs/react-dom-client.development.js:874:13) 
      at completeUnitOfWork (node_modules/react-dom/cjs/react-dom-client.development.js:17777:19)
      at performUnitOfWork (node_modules/react-dom/cjs/react-dom-client.development.js:17658:11)
      at workLoopSync (node_modules/react-dom/cjs/react-dom-client.development.js:17469:41)    
      at renderRootSync (node_modules/react-dom/cjs/react-dom-client.development.js:17450:11)  
      at performWorkOnRoot (node_modules/react-dom/cjs/react-dom-client.development.js:16504:11)
      at performWorkOnRootViaSchedulerTask (node_modules/react-dom/cjs/react-dom-client.development.js:18957:7)
      at flushActQueue (node_modules/react/cjs/react.development.js:590:34)
      at process.env.NODE_ENV.exports.act (node_modules/react/cjs/react.development.js:884:10) 
      at actImplementation (node_modules/@testing-library/react/dist/act-compat.js:47:25)      
      at renderRoot (node_modules/@testing-library/react/dist/pure.js:190:25)
      at renderRoot (node_modules/@testing-library/react/dist/pure.js:292:10)
      at Object.<anonymous> (src/__tests__/components/ui/input.test.tsx:40:11)


 RUNS  src/__tests__/services/SequentialShotDetection.test.ts
 RUNS  src/__tests__/pages/LoginPage.test.tsx

 RUNS  src/__tests__/services/SequentialShotDetection.test.ts
 RUNS  src/__tests__/pages/LoginPage.test.tsx
  console.error
    Error: Not implemented: HTMLFormElement.prototype.requestSubmit
        at module.exports (C:\Users\shova\Downloads\GMShoot\gmshooter-v2\node_modules\jsdom\lib\jsdom\browser\not-implemented.js:9:17)
        at HTMLFormElementImpl.requestSubmit (C:\Users\shova\Downloads\GMShoot\gmshooter-v2\node_modules\jsdom\lib\jsdom\living\nodes\HTMLFormElement-impl.js:113:5)
        at HTMLFormElementImpl._doRequestSubmit (C:\Users\shova\Downloads\GMShoot\gmshooter-v2\node_modules\jsdom\lib\jsdom\living\nodes\HTMLFormElement-impl.js:79:10)
        at HTMLButtonElementImpl._activationBehavior (C:\Users\shova\Downloads\GMShoot\gmshooter-v2\node_modules\jsdom\lib\jsdom\living\nodes\HTMLButtonElement-impl.js:23:14)
        at HTMLButtonElementImpl._dispatch (C:\Users\shova\Downloads\GMShoot\gmshooter-v2\node_modules\jsdom\lib\jsdom\living\events\EventTarget-impl.js:252:26)
        at HTMLButtonElementImpl.dispatchEvent (C:\Users\shova\Downloads\GMShoot\gmshooter-v2\node_modules\jsdom\lib\jsdom\living\events\EventTarget-impl.js:104:17)
        at HTMLButtonElement.dispatchEvent (C:\Users\shova\Downloads\GMShoot\gmshooter-v2\node_modules\jsdom\lib\jsdom\living\generated\EventTarget.js:241:34)
        at dispatchEvent (C:\Users\shova\Downloads\GMShoot\gmshooter-v2\node_modules\@testing-library\user-event\dist\cjs\event\dispatchEvent.js:45:43)
        at cb (C:\Users\shova\Downloads\GMShoot\gmshooter-v2\node_modules\@testing-library\react\dist\pure.js:108:16)
        at callback (C:\Users\shova\Downloads\GMShoot\gmshooter-v2\node_modules\@testing-library\react\dist\act-compat.js:48:24)
        at process.env.NODE_ENV.exports.act (C:\Users\shova\Downloads\GMShoot\gmshooter-v2\node_modules\react\cjs\react.development.js:814:22)
        at actImplementation (C:\Users\shova\Downloads\GMShoot\gmshooter-v2\node_modules\@testing-library\react\dist\act-compat.js:47:25)
        at Object.eventWrapper (C:\Users\shova\Downloads\GMShoot\gmshooter-v2\node_modules\@testing-library\react\dist\pure.js:107:27)
        at Object.eventWrapper [as wrapEvent] (C:\Users\shova\Downloads\GMShoot\gmshooter-v2\node_modules\@testing-library\user-event\dist\cjs\event\wrapEvent.js:6:28)
        at Object.wrapEvent (C:\Users\shova\Downloads\GMShoot\gmshooter-v2\node_modules\@testing-library\user-event\dist\cjs\event\dispatchEvent.js:45:22)
        at Object.call (C:\Users\shova\Downloads\GMShoot\gmshooter-v2\node_modules\@testing-library\user-event\dist\cjs\event\dispatchEvent.js:22:26)
        at Mouse.dispatchUIEvent [as up] (C:\Users\shova\Downloads\GMShoot\gmshooter-v2\node_modules\@testing-library\user-event\dist\cjs\system\pointer\mouse.js:100:30)
        at PointerHost.up [as release] (C:\Users\shova\Downloads\GMShoot\gmshooter-v2\node_modules\@testing-library\user-event\dist\cjs\system\pointer\index.js:87:24)
        at release (C:\Users\shova\Downloads\GMShoot\gmshooter-v2\node_modules\@testing-library\user-event\dist\cjs\pointer\index.js:54:47)
        at Object.pointer (C:\Users\shova\Downloads\GMShoot\gmshooter-v2\node_modules\@testing-library\user-event\dist\cjs\pointer\index.js:27:9)
        at Object.asyncWrapper (C:\Users\shova\Downloads\GMShoot\gmshooter-v2\node_modules\@testing-library\react\dist\pure.js:88:22) {
      type: 'not implemented'
    }

      at VirtualConsole.<anonymous> (node_modules/jest-environment-jsdom/build/index.js:63:23) 
      at module.exports (node_modules/jsdom/lib/jsdom/browser/not-implemented.js:12:26)        
      at HTMLFormElementImpl.requestSubmit (node_modules/jsdom/lib/jsdom/living/nodes/HTMLFormElement-impl.js:113:5)
      at HTMLFormElementImpl._doRequestSubmit (node_modules/jsdom/lib/jsdom/living/nodes/HTMLFormElement-impl.js:79:10)
      at HTMLButtonElementImpl._activationBehavior (node_modules/jsdom/lib/jsdom/living/nodes/HTMLButtonElement-impl.js:23:14)
      at HTMLButtonElementImpl._dispatch (node_modules/jsdom/lib/jsdom/living/events/EventTarget-impl.js:252:26)
      at HTMLButtonElementImpl.dispatchEvent (node_modules/jsdom/lib/jsdom/living/events/EventTarget-impl.js:104:17)
      at HTMLButtonElement.dispatchEvent (node_modules/jsdom/lib/jsdom/living/generated/EventTarget.js:241:34)
      at dispatchEvent (node_modules/@testing-library/user-event/dist/cjs/event/dispatchEvent.js:45:43)
      at cb (node_modules/@testing-library/react/dist/pure.js:108:16)
      at callback (node_modules/@testing-library/react/dist/act-compat.js:48:24)
      at process.env.NODE_ENV.exports.act (node_modules/react/cjs/react.development.js:814:22) 
      at actImplementation (node_modules/@testing-library/react/dist/act-compat.js:47:25)      
      at Object.eventWrapper (node_modules/@testing-library/react/dist/pure.js:107:27)
      at Object.eventWrapper [as wrapEvent] (node_modules/@testing-library/user-event/dist/cjs/event/wrapEvent.js:6:28)
      at Object.wrapEvent (node_modules/@testing-library/user-event/dist/cjs/event/dispatchEvent.js:45:22)
      at Object.call (node_modules/@testing-library/user-event/dist/cjs/event/dispatchEvent.js:22:26)
      at Mouse.dispatchUIEvent [as up] (node_modules/@testing-library/user-event/dist/cjs/system/pointer/mouse.js:100:30)
      at PointerHost.up [as release] (node_modules/@testing-library/user-event/dist/cjs/system/pointer/index.js:87:24)
      at release (node_modules/@testing-library/user-event/dist/cjs/pointer/index.js:54:47)    
      at Object.pointer (node_modules/@testing-library/user-event/dist/cjs/pointer/index.js:27:9)
      at Object.asyncWrapper (node_modules/@testing-library/react/dist/pure.js:88:22)


 RUNS  src/__tests__/services/SequentialShotDetection.test.ts
 RUNS  src/__tests__/pages/LoginPage.test.tsx

 RUNS  src/__tests__/services/SequentialShotDetection.test.ts
 RUNS  src/__tests__/pages/LoginPage.test.tsx
 PASS  src/__tests__/components/ui/select.test.tsx (8.816 s)

 RUNS  src/__tests__/services/SequentialShotDetection.test.ts
 RUNS  src/__tests__/pages/LoginPage.test.tsx
  Select Components

 RUNS  src/__tests__/services/SequentialShotDetection.test.ts
 RUNS  src/__tests__/pages/LoginPage.test.tsx
    SelectTrigger

 RUNS  src/__tests__/services/SequentialShotDetection.test.ts
 RUNS  src/__tests__/pages/LoginPage.test.tsx
      ‚àö renders trigger correctly (416 ms)

 RUNS  src/__tests__/services/SequentialShotDetection.test.ts
 RUNS  src/__tests__/pages/LoginPage.test.tsx
      ‚àö applies default classes (92 ms)

 RUNS  src/__tests__/services/SequentialShotDetection.test.ts
 RUNS  src/__tests__/pages/LoginPage.test.tsx
      ‚àö applies custom className (52 ms)

 RUNS  src/__tests__/services/SequentialShotDetection.test.ts
 RUNS  src/__tests__/pages/LoginPage.test.tsx
      ‚àö displays placeholder text (61 ms)

 RUNS  src/__tests__/services/SequentialShotDetection.test.ts
 RUNS  src/__tests__/pages/LoginPage.test.tsx
      ‚àö displays selected value (136 ms)

 RUNS  src/__tests__/services/SequentialShotDetection.test.ts
 RUNS  src/__tests__/pages/LoginPage.test.tsx
    Select with Options

 RUNS  src/__tests__/services/SequentialShotDetection.test.ts
 RUNS  src/__tests__/pages/LoginPage.test.tsx
      ‚àö renders select with options (90 ms)

 RUNS  src/__tests__/services/SequentialShotDetection.test.ts
 RUNS  src/__tests__/pages/LoginPage.test.tsx
      ‚àö opens dropdown when trigger is clicked (540 ms)

 RUNS  src/__tests__/services/SequentialShotDetection.test.ts
 RUNS  src/__tests__/pages/LoginPage.test.tsx
      ‚àö handles value change (424 ms)

 RUNS  src/__tests__/services/SequentialShotDetection.test.ts
 RUNS  src/__tests__/pages/LoginPage.test.tsx
    SelectItem

 RUNS  src/__tests__/services/SequentialShotDetection.test.ts
 RUNS  src/__tests__/pages/LoginPage.test.tsx
      ‚àö renders item correctly (81 ms)

 RUNS  src/__tests__/services/SequentialShotDetection.test.ts
 RUNS  src/__tests__/pages/LoginPage.test.tsx
      ‚àö applies item classes (81 ms)

 RUNS  src/__tests__/services/SequentialShotDetection.test.ts
 RUNS  src/__tests__/pages/LoginPage.test.tsx
    SelectGroup

 RUNS  src/__tests__/services/SequentialShotDetection.test.ts
 RUNS  src/__tests__/pages/LoginPage.test.tsx
      ‚àö renders group with items (98 ms)

 RUNS  src/__tests__/services/SequentialShotDetection.test.ts
 RUNS  src/__tests__/pages/LoginPage.test.tsx
    SelectLabel

 RUNS  src/__tests__/services/SequentialShotDetection.test.ts
 RUNS  src/__tests__/pages/LoginPage.test.tsx
      ‚àö renders label correctly (115 ms)

 RUNS  src/__tests__/services/SequentialShotDetection.test.ts
 RUNS  src/__tests__/pages/LoginPage.test.tsx
    SelectSeparator

 RUNS  src/__tests__/services/SequentialShotDetection.test.ts
 RUNS  src/__tests__/pages/LoginPage.test.tsx
      ‚àö renders separator correctly (69 ms)

 RUNS  src/__tests__/services/SequentialShotDetection.test.ts
 RUNS  src/__tests__/pages/LoginPage.test.tsx
    Select with Disabled State

 RUNS  src/__tests__/services/SequentialShotDetection.test.ts
 RUNS  src/__tests__/pages/LoginPage.test.tsx
      ‚àö handles disabled state (72 ms)

 RUNS  src/__tests__/services/SequentialShotDetection.test.ts
 RUNS  src/__tests__/pages/LoginPage.test.tsx
    Select with Custom Styling

 RUNS  src/__tests__/services/SequentialShotDetection.test.ts
 RUNS  src/__tests__/pages/LoginPage.test.tsx
      ‚àö applies custom classes to all components (111 ms)

 RUNS  src/__tests__/services/SequentialShotDetection.test.ts
 RUNS  src/__tests__/pages/LoginPage.test.tsx
    Select Accessibility

 RUNS  src/__tests__/services/SequentialShotDetection.test.ts
 RUNS  src/__tests__/pages/LoginPage.test.tsx
      ‚àö has proper ARIA attributes (139 ms)

 RUNS  src/__tests__/services/SequentialShotDetection.test.ts
 RUNS  src/__tests__/pages/LoginPage.test.tsx
      ‚àö supports keyboard navigation (444 ms)

 RUNS  src/__tests__/services/SequentialShotDetection.test.ts
 RUNS  src/__tests__/pages/LoginPage.test.tsx
    Select Form Integration

 RUNS  src/__tests__/services/SequentialShotDetection.test.ts
 RUNS  src/__tests__/pages/LoginPage.test.tsx
      ‚àö works with form submission (814 ms)

 RUNS  src/__tests__/services/SequentialShotDetection.test.ts
 RUNS  src/__tests__/pages/LoginPage.test.tsx


 RUNS  src/__tests__/services/SequentialShotDetection.test.ts
 RUNS  src/__tests__/pages/LoginPage.test.tsx

 RUNS  src/__tests__/services/SequentialShotDetection.test.ts
 RUNS  src/__tests__/pages/LoginPage.test.tsx
 PASS  src/__tests__/components/IconBadge.test.tsx

 RUNS  src/__tests__/services/SequentialShotDetection.test.ts
 RUNS  src/__tests__/pages/LoginPage.test.tsx
  IconBadge Component

 RUNS  src/__tests__/services/SequentialShotDetection.test.ts
 RUNS  src/__tests__/pages/LoginPage.test.tsx
    ‚àö renders with default props (84 ms)

 RUNS  src/__tests__/services/SequentialShotDetection.test.ts
 RUNS  src/__tests__/pages/LoginPage.test.tsx
    ‚àö renders with custom label (81 ms)

 RUNS  src/__tests__/services/SequentialShotDetection.test.ts
 RUNS  src/__tests__/pages/LoginPage.test.tsx
    ‚àö applies success variant correctly (8 ms)

 RUNS  src/__tests__/services/SequentialShotDetection.test.ts
 RUNS  src/__tests__/pages/LoginPage.test.tsx
    ‚àö applies warning variant correctly (7 ms)

 RUNS  src/__tests__/services/SequentialShotDetection.test.ts
 RUNS  src/__tests__/pages/LoginPage.test.tsx
    ‚àö applies error variant correctly (7 ms)

 RUNS  src/__tests__/services/SequentialShotDetection.test.ts
 RUNS  src/__tests__/pages/LoginPage.test.tsx
    ‚àö applies info variant correctly (76 ms)

 RUNS  src/__tests__/services/SequentialShotDetection.test.ts
 RUNS  src/__tests__/pages/LoginPage.test.tsx
    ‚àö applies small size correctly (28 ms)

 RUNS  src/__tests__/services/SequentialShotDetection.test.ts
 RUNS  src/__tests__/pages/LoginPage.test.tsx
    ‚àö applies large size correctly (50 ms)

 RUNS  src/__tests__/services/SequentialShotDetection.test.ts
 RUNS  src/__tests__/pages/LoginPage.test.tsx
    ‚àö combines variant and size correctly (7 ms)

 RUNS  src/__tests__/services/SequentialShotDetection.test.ts
 RUNS  src/__tests__/pages/LoginPage.test.tsx
    ‚àö renders with all props combined (9 ms)

 RUNS  src/__tests__/services/SequentialShotDetection.test.ts
 RUNS  src/__tests__/pages/LoginPage.test.tsx


 RUNS  src/__tests__/services/SequentialShotDetection.test.ts
 RUNS  src/__tests__/pages/LoginPage.test.tsx
 PASS  src/__tests__/integration/production-readiness.test.tsx (9.613 s)

 RUNS  src/__tests__/services/SequentialShotDetection.test.ts
 RUNS  src/__tests__/pages/LoginPage.test.tsx
  Production Readiness Tests

 RUNS  src/__tests__/services/SequentialShotDetection.test.ts
 RUNS  src/__tests__/pages/LoginPage.test.tsx
    Authentication System

 RUNS  src/__tests__/services/SequentialShotDetection.test.ts
 RUNS  src/__tests__/pages/LoginPage.test.tsx
      ‚àö should handle user authentication flow (940 ms)

 RUNS  src/__tests__/services/SequentialShotDetection.test.ts
 RUNS  src/__tests__/pages/LoginPage.test.tsx
      ‚àö should handle authentication errors gracefully (407 ms)

 RUNS  src/__tests__/services/SequentialShotDetection.test.ts
 RUNS  src/__tests__/pages/LoginPage.test.tsx
    Microservices Health Check

 RUNS  src/__tests__/services/SequentialShotDetection.test.ts
 RUNS  src/__tests__/pages/LoginPage.test.tsx
      ‚àö should verify health check endpoint (256 ms)

 RUNS  src/__tests__/services/SequentialShotDetection.test.ts
 RUNS  src/__tests__/pages/LoginPage.test.tsx
      ‚àö should handle health check failures (361 ms)

 RUNS  src/__tests__/services/SequentialShotDetection.test.ts
 RUNS  src/__tests__/pages/LoginPage.test.tsx
    Real-time Analysis Engine

 RUNS  src/__tests__/services/SequentialShotDetection.test.ts
 RUNS  src/__tests__/pages/LoginPage.test.tsx
      ‚àö should handle frame analysis workflow (336 ms)

 RUNS  src/__tests__/services/SequentialShotDetection.test.ts
 RUNS  src/__tests__/pages/LoginPage.test.tsx
      ‚àö should handle analysis errors gracefully (350 ms)

 RUNS  src/__tests__/services/SequentialShotDetection.test.ts
 RUNS  src/__tests__/pages/LoginPage.test.tsx
    UI Components Rendering

 RUNS  src/__tests__/services/SequentialShotDetection.test.ts
 RUNS  src/__tests__/pages/LoginPage.test.tsx
      ‚àö should render main demo interface (386 ms)

 RUNS  src/__tests__/services/SequentialShotDetection.test.ts
 RUNS  src/__tests__/pages/LoginPage.test.tsx
      ‚àö should display metrics dashboard (364 ms)

 RUNS  src/__tests__/services/SequentialShotDetection.test.ts
 RUNS  src/__tests__/pages/LoginPage.test.tsx
      ‚àö should handle loading states (412 ms)

 RUNS  src/__tests__/services/SequentialShotDetection.test.ts
 RUNS  src/__tests__/pages/LoginPage.test.tsx
    Error Handling

 RUNS  src/__tests__/services/SequentialShotDetection.test.ts
 RUNS  src/__tests__/pages/LoginPage.test.tsx
      ‚àö should handle network errors (508 ms)

 RUNS  src/__tests__/services/SequentialShotDetection.test.ts
 RUNS  src/__tests__/pages/LoginPage.test.tsx
      ‚àö should handle timeout errors (628 ms)

 RUNS  src/__tests__/services/SequentialShotDetection.test.ts
 RUNS  src/__tests__/pages/LoginPage.test.tsx
    Performance Metrics

 RUNS  src/__tests__/services/SequentialShotDetection.test.ts
 RUNS  src/__tests__/pages/LoginPage.test.tsx
      ‚àö should track performance metrics (513 ms)

 RUNS  src/__tests__/services/SequentialShotDetection.test.ts
 RUNS  src/__tests__/pages/LoginPage.test.tsx


 RUNS  src/__tests__/services/SequentialShotDetection.test.ts
 RUNS  src/__tests__/pages/LoginPage.test.tsx

 RUNS  src/__tests__/services/SequentialShotDetection.test.ts
 RUNS  src/__tests__/pages/LoginPage.test.tsx

 RUNS  src/__tests__/services/SequentialShotDetection.test.ts
 RUNS  src/__tests__/pages/LoginPage.test.tsx
  console.error
    An update to ForwardRef inside a test was not wrapped in act(...).
    
    When testing, code that causes React state updates should be wrapped into act(...):
    
    act(() => {
      /* fire events that update state */
    });
    /* assert on the output */
    
    This ensures that you're testing the behavior the user would see in the browser. Learn more at https://react.dev/link/wrap-tests-with-act

      220 |
      221 |       const tab1 = screen.getByRole('tab', { name: 'Tab 1' });
    > 222 |       tab1.focus();
          |            ^
      223 |
      224 |       await user.keyboard('{ArrowRight}');
      225 |       

      at node_modules/react-dom/cjs/react-dom-client.development.js:18758:19
      at runWithFiberInDEV (node_modules/react-dom/cjs/react-dom-client.development.js:874:13) 
      at warnIfUpdatesNotWrappedWithActDEV (node_modules/react-dom/cjs/react-dom-client.development.js:18757:9)
      at scheduleUpdateOnFiber (node_modules/react-dom/cjs/react-dom-client.development.js:16409:11)
      at dispatchSetStateInternal (node_modules/react-dom/cjs/react-dom-client.development.js:9170:13)
      at dispatchSetState (node_modules/react-dom/cjs/react-dom-client.development.js:9127:7)  
      at setUncontrolledProp (node_modules/@radix-ui/react-use-controllable-state/src/use-controllable-state.tsx:59:9)
      at Object.setCurrentTabStopId [as onItemFocus] (node_modules/@radix-ui/react-roving-focus/src/roving-focus-group.tsx:144:24)
      at onItemFocus (node_modules/@radix-ui/react-roving-focus/src/roving-focus-group.tsx:258:70)
      at handleEvent (node_modules/@radix-ui/primitive/src/primitive.tsx:20:14)
      at slotPropValue (node_modules/@radix-ui/react-slot/src/slot.tsx:141:11)
      at executeDispatch (node_modules/react-dom/cjs/react-dom-client.development.js:19116:9)  
      at runWithFiberInDEV (node_modules/react-dom/cjs/react-dom-client.development.js:874:13) 
      at processDispatchQueue (node_modules/react-dom/cjs/react-dom-client.development.js:19166:19)
      at node_modules/react-dom/cjs/react-dom-client.development.js:19767:9
      at batchedUpdates$1 (node_modules/react-dom/cjs/react-dom-client.development.js:3255:40) 
      at dispatchEventForPluginEventSystem (node_modules/react-dom/cjs/react-dom-client.development.js:19320:7)
      at dispatchEvent (node_modules/react-dom/cjs/react-dom-client.development.js:23585:11)   
      at dispatchDiscreteEvent (node_modules/react-dom/cjs/react-dom-client.development.js:23553:11)
      at HTMLDivElement.callTheUserObjectsOperation (node_modules/jsdom/lib/jsdom/living/generated/EventListener.js:26:30)
      at innerInvokeEventListeners (node_modules/jsdom/lib/jsdom/living/events/EventTarget-impl.js:350:25)
      at invokeEventListeners (node_modules/jsdom/lib/jsdom/living/events/EventTarget-impl.js:286:3)
      at HTMLButtonElementImpl._dispatch (node_modules/jsdom/lib/jsdom/living/events/EventTarget-impl.js:233:9)
      at Object.exports.fireFocusEventWithTargetAdjustment (node_modules/jsdom/lib/jsdom/living/helpers/focusing.js:103:10)
      at HTMLButtonElementImpl.focus (node_modules/jsdom/lib/jsdom/living/nodes/HTMLOrSVGElement-impl.js:69:14)
      at HTMLButtonElement.focus (node_modules/jsdom/lib/jsdom/living/generated/HTMLElement.js:117:34)
      at HTMLButtonElement.call (node_modules/@testing-library/user-event/dist/cjs/document/patchFocus.js:35:26)
      at src/__tests__/components/ui/tabs.test.tsx:222:12
      at step (src/__tests__/components/ui/tabs.test.tsx:44:23)
      at Object.next (src/__tests__/components/ui/tabs.test.tsx:25:53)
      at src/__tests__/components/ui/tabs.test.tsx:19:71
      at __awaiter (src/__tests__/components/ui/tabs.test.tsx:15:12)
      at Object.<anonymous> (src/__tests__/components/ui/tabs.test.tsx:208:39)


 RUNS  src/__tests__/services/SequentialShotDetection.test.ts
 RUNS  src/__tests__/pages/LoginPage.test.tsx

 RUNS  src/__tests__/services/SequentialShotDetection.test.ts
 RUNS  src/__tests__/pages/LoginPage.test.tsx

 RUNS  src/__tests__/services/SequentialShotDetection.test.ts
 RUNS  src/__tests__/pages/LoginPage.test.tsx

 RUNS  src/__tests__/services/SequentialShotDetection.test.ts
 RUNS  src/__tests__/pages/LoginPage.test.tsx
 PASS  src/__tests__/components/ui/input.test.tsx

 RUNS  src/__tests__/services/SequentialShotDetection.test.ts
 RUNS  src/__tests__/pages/LoginPage.test.tsx
  Input Component

 RUNS  src/__tests__/services/SequentialShotDetection.test.ts
 RUNS  src/__tests__/pages/LoginPage.test.tsx
    ‚àö renders with default props (323 ms)

 RUNS  src/__tests__/services/SequentialShotDetection.test.ts
 RUNS  src/__tests__/pages/LoginPage.test.tsx
    ‚àö renders with custom type (18 ms)

 RUNS  src/__tests__/services/SequentialShotDetection.test.ts
 RUNS  src/__tests__/pages/LoginPage.test.tsx
    ‚àö renders with custom className (47 ms)

 RUNS  src/__tests__/services/SequentialShotDetection.test.ts
 RUNS  src/__tests__/pages/LoginPage.test.tsx
    ‚àö renders with placeholder (22 ms)

 RUNS  src/__tests__/services/SequentialShotDetection.test.ts
 RUNS  src/__tests__/pages/LoginPage.test.tsx
    ‚àö renders with value (316 ms)

 RUNS  src/__tests__/services/SequentialShotDetection.test.ts
 RUNS  src/__tests__/pages/LoginPage.test.tsx
    ‚àö handles user input (1048 ms)

 RUNS  src/__tests__/services/SequentialShotDetection.test.ts
 RUNS  src/__tests__/pages/LoginPage.test.tsx
    ‚àö handles onChange event (233 ms)

 RUNS  src/__tests__/services/SequentialShotDetection.test.ts
 RUNS  src/__tests__/pages/LoginPage.test.tsx
    ‚àö renders disabled state (43 ms)

 RUNS  src/__tests__/services/SequentialShotDetection.test.ts
 RUNS  src/__tests__/pages/LoginPage.test.tsx
    ‚àö renders with required attribute (28 ms)

 RUNS  src/__tests__/services/SequentialShotDetection.test.ts
 RUNS  src/__tests__/pages/LoginPage.test.tsx
    ‚àö renders with name attribute (30 ms)

 RUNS  src/__tests__/services/SequentialShotDetection.test.ts
 RUNS  src/__tests__/pages/LoginPage.test.tsx
    ‚àö renders with id attribute (27 ms)

 RUNS  src/__tests__/services/SequentialShotDetection.test.ts
 RUNS  src/__tests__/pages/LoginPage.test.tsx
    ‚àö forwards ref correctly (11 ms)

 RUNS  src/__tests__/services/SequentialShotDetection.test.ts
 RUNS  src/__tests__/pages/LoginPage.test.tsx
    ‚àö renders with different input types (60 ms)

 RUNS  src/__tests__/services/SequentialShotDetection.test.ts
 RUNS  src/__tests__/pages/LoginPage.test.tsx
    ‚àö applies focus styles when focused (146 ms)

 RUNS  src/__tests__/services/SequentialShotDetection.test.ts
 RUNS  src/__tests__/pages/LoginPage.test.tsx
    ‚àö handles onBlur event (182 ms)

 RUNS  src/__tests__/services/SequentialShotDetection.test.ts
 RUNS  src/__tests__/pages/LoginPage.test.tsx
    ‚àö handles onFocus event (77 ms)

 RUNS  src/__tests__/services/SequentialShotDetection.test.ts
 RUNS  src/__tests__/pages/LoginPage.test.tsx
    ‚àö renders with aria attributes (24 ms)

 RUNS  src/__tests__/services/SequentialShotDetection.test.ts
 RUNS  src/__tests__/pages/LoginPage.test.tsx
    ‚àö handles file input type (13 ms)

 RUNS  src/__tests__/services/SequentialShotDetection.test.ts
 RUNS  src/__tests__/pages/LoginPage.test.tsx
    ‚àö renders with autocomplete attribute (26 ms)

 RUNS  src/__tests__/services/SequentialShotDetection.test.ts
 RUNS  src/__tests__/pages/LoginPage.test.tsx
    ‚àö renders with maxLength attribute (18 ms)

 RUNS  src/__tests__/services/SequentialShotDetection.test.ts
 RUNS  src/__tests__/pages/LoginPage.test.tsx
    ‚àö renders with min and max attributes for number input (25 ms)

 RUNS  src/__tests__/services/SequentialShotDetection.test.ts
 RUNS  src/__tests__/pages/LoginPage.test.tsx
    ‚àö renders with step attribute for number input (11 ms)

 RUNS  src/__tests__/services/SequentialShotDetection.test.ts
 RUNS  src/__tests__/pages/LoginPage.test.tsx
    ‚àö renders with readOnly attribute (21 ms)

 RUNS  src/__tests__/services/SequentialShotDetection.test.ts
 RUNS  src/__tests__/pages/LoginPage.test.tsx
    ‚àö renders without autoFocus attribute (accessibility) (26 ms)

 RUNS  src/__tests__/services/SequentialShotDetection.test.ts
 RUNS  src/__tests__/pages/LoginPage.test.tsx


 RUNS  src/__tests__/services/SequentialShotDetection.test.ts
 RUNS  src/__tests__/pages/LoginPage.test.tsx

 RUNS  src/__tests__/services/SequentialShotDetection.test.ts
 RUNS  src/__tests__/pages/LoginPage.test.tsx

 RUNS  src/__tests__/services/SequentialShotDetection.test.ts
 RUNS  src/__tests__/pages/LoginPage.test.tsx

 RUNS  src/__tests__/services/SequentialShotDetection.test.ts
 RUNS  src/__tests__/pages/LoginPage.test.tsx
  console.error
    An update to ForwardRef inside a test was not wrapped in act(...).
    
    When testing, code that causes React state updates should be wrapped into act(...):
    
    act(() => {
      /* fire events that update state */
    });
    /* assert on the output */
    
    This ensures that you're testing the behavior the user would see in the browser. Learn more at https://react.dev/link/wrap-tests-with-act

      410 |
      411 |       const tab1 = screen.getByRole('tab', { name: 'Tab 1' });
    > 412 |       tab1.focus();
          |            ^
      413 |
      414 |       // Navigate with arrow keys
      415 |       await user.keyboard('{ArrowRight}');

      at node_modules/react-dom/cjs/react-dom-client.development.js:18758:19
      at runWithFiberInDEV (node_modules/react-dom/cjs/react-dom-client.development.js:874:13) 
      at warnIfUpdatesNotWrappedWithActDEV (node_modules/react-dom/cjs/react-dom-client.development.js:18757:9)
      at scheduleUpdateOnFiber (node_modules/react-dom/cjs/react-dom-client.development.js:16409:11)
      at dispatchSetStateInternal (node_modules/react-dom/cjs/react-dom-client.development.js:9170:13)
      at dispatchSetState (node_modules/react-dom/cjs/react-dom-client.development.js:9127:7)  
      at setUncontrolledProp (node_modules/@radix-ui/react-use-controllable-state/src/use-controllable-state.tsx:59:9)
      at Object.setCurrentTabStopId [as onItemFocus] (node_modules/@radix-ui/react-roving-focus/src/roving-focus-group.tsx:144:24)
      at onItemFocus (node_modules/@radix-ui/react-roving-focus/src/roving-focus-group.tsx:258:70)
      at handleEvent (node_modules/@radix-ui/primitive/src/primitive.tsx:20:14)
      at slotPropValue (node_modules/@radix-ui/react-slot/src/slot.tsx:141:11)
      at executeDispatch (node_modules/react-dom/cjs/react-dom-client.development.js:19116:9)  
      at runWithFiberInDEV (node_modules/react-dom/cjs/react-dom-client.development.js:874:13) 
      at processDispatchQueue (node_modules/react-dom/cjs/react-dom-client.development.js:19166:19)
      at node_modules/react-dom/cjs/react-dom-client.development.js:19767:9
      at batchedUpdates$1 (node_modules/react-dom/cjs/react-dom-client.development.js:3255:40) 
      at dispatchEventForPluginEventSystem (node_modules/react-dom/cjs/react-dom-client.development.js:19320:7)
      at dispatchEvent (node_modules/react-dom/cjs/react-dom-client.development.js:23585:11)   
      at dispatchDiscreteEvent (node_modules/react-dom/cjs/react-dom-client.development.js:23553:11)
      at HTMLDivElement.callTheUserObjectsOperation (node_modules/jsdom/lib/jsdom/living/generated/EventListener.js:26:30)
      at innerInvokeEventListeners (node_modules/jsdom/lib/jsdom/living/events/EventTarget-impl.js:350:25)
      at invokeEventListeners (node_modules/jsdom/lib/jsdom/living/events/EventTarget-impl.js:286:3)
      at HTMLButtonElementImpl._dispatch (node_modules/jsdom/lib/jsdom/living/events/EventTarget-impl.js:233:9)
      at Object.exports.fireFocusEventWithTargetAdjustment (node_modules/jsdom/lib/jsdom/living/helpers/focusing.js:103:10)
      at HTMLButtonElementImpl.focus (node_modules/jsdom/lib/jsdom/living/nodes/HTMLOrSVGElement-impl.js:69:14)
      at HTMLButtonElement.focus (node_modules/jsdom/lib/jsdom/living/generated/HTMLElement.js:117:34)
      at HTMLButtonElement.call (node_modules/@testing-library/user-event/dist/cjs/document/patchFocus.js:35:26)
      at src/__tests__/components/ui/tabs.test.tsx:412:12
      at step (src/__tests__/components/ui/tabs.test.tsx:44:23)
      at Object.next (src/__tests__/components/ui/tabs.test.tsx:25:53)
      at src/__tests__/components/ui/tabs.test.tsx:19:71
      at __awaiter (src/__tests__/components/ui/tabs.test.tsx:15:12)
      at Object.<anonymous> (src/__tests__/components/ui/tabs.test.tsx:396:40)


 RUNS  src/__tests__/services/SequentialShotDetection.test.ts
 RUNS  src/__tests__/pages/LoginPage.test.tsx

 RUNS  src/__tests__/services/SequentialShotDetection.test.ts
 RUNS  src/__tests__/pages/LoginPage.test.tsx

 RUNS  src/__tests__/services/SequentialShotDetection.test.ts
 RUNS  src/__tests__/pages/LoginPage.test.tsx

 RUNS  src/__tests__/services/SequentialShotDetection.test.ts
 RUNS  src/__tests__/pages/LoginPage.test.tsx
 PASS  src/__tests__/components/ui/tabs.test.tsx

 RUNS  src/__tests__/services/SequentialShotDetection.test.ts
 RUNS  src/__tests__/pages/LoginPage.test.tsx
  Tabs Components

 RUNS  src/__tests__/services/SequentialShotDetection.test.ts
 RUNS  src/__tests__/pages/LoginPage.test.tsx
    Tabs

 RUNS  src/__tests__/services/SequentialShotDetection.test.ts
 RUNS  src/__tests__/pages/LoginPage.test.tsx
      ‚àö renders tabs container correctly (597 ms)

 RUNS  src/__tests__/services/SequentialShotDetection.test.ts
 RUNS  src/__tests__/pages/LoginPage.test.tsx
      ‚àö shows correct content based on active tab (43 ms)

 RUNS  src/__tests__/services/SequentialShotDetection.test.ts
 RUNS  src/__tests__/pages/LoginPage.test.tsx
      ‚àö switches content when tab is clicked (359 ms)

 RUNS  src/__tests__/services/SequentialShotDetection.test.ts
 RUNS  src/__tests__/pages/LoginPage.test.tsx
      ‚àö handles controlled tabs (58 ms)

 RUNS  src/__tests__/services/SequentialShotDetection.test.ts
 RUNS  src/__tests__/pages/LoginPage.test.tsx
      ‚àö calls onValueChange when tab is clicked (157 ms)

 RUNS  src/__tests__/services/SequentialShotDetection.test.ts
 RUNS  src/__tests__/pages/LoginPage.test.tsx
    TabsList

 RUNS  src/__tests__/services/SequentialShotDetection.test.ts
 RUNS  src/__tests__/pages/LoginPage.test.tsx
      ‚àö renders tablist with correct role (42 ms)

 RUNS  src/__tests__/services/SequentialShotDetection.test.ts
 RUNS  src/__tests__/pages/LoginPage.test.tsx
      ‚àö applies default classes (45 ms)

 RUNS  src/__tests__/services/SequentialShotDetection.test.ts
 RUNS  src/__tests__/pages/LoginPage.test.tsx
      ‚àö applies custom className (32 ms)

 RUNS  src/__tests__/services/SequentialShotDetection.test.ts
 RUNS  src/__tests__/pages/LoginPage.test.tsx
    TabsTrigger

 RUNS  src/__tests__/services/SequentialShotDetection.test.ts
 RUNS  src/__tests__/pages/LoginPage.test.tsx
      ‚àö renders trigger with correct role and attributes (45 ms)

 RUNS  src/__tests__/services/SequentialShotDetection.test.ts
 RUNS  src/__tests__/pages/LoginPage.test.tsx
      ‚àö applies active styles when selected (45 ms)

 RUNS  src/__tests__/services/SequentialShotDetection.test.ts
 RUNS  src/__tests__/pages/LoginPage.test.tsx
      ‚àö applies custom className (26 ms)

 RUNS  src/__tests__/services/SequentialShotDetection.test.ts
 RUNS  src/__tests__/pages/LoginPage.test.tsx
      ‚àö handles keyboard navigation (206 ms)

 RUNS  src/__tests__/services/SequentialShotDetection.test.ts
 RUNS  src/__tests__/pages/LoginPage.test.tsx
    TabsContent

 RUNS  src/__tests__/services/SequentialShotDetection.test.ts
 RUNS  src/__tests__/pages/LoginPage.test.tsx
      ‚àö renders content with correct attributes (40 ms)

 RUNS  src/__tests__/services/SequentialShotDetection.test.ts
 RUNS  src/__tests__/pages/LoginPage.test.tsx
      ‚àö applies default classes (20 ms)

 RUNS  src/__tests__/services/SequentialShotDetection.test.ts
 RUNS  src/__tests__/pages/LoginPage.test.tsx
      ‚àö applies custom className (15 ms)

 RUNS  src/__tests__/services/SequentialShotDetection.test.ts
 RUNS  src/__tests__/pages/LoginPage.test.tsx
      ‚àö hides content when tab is not active (32 ms)

 RUNS  src/__tests__/services/SequentialShotDetection.test.ts
 RUNS  src/__tests__/pages/LoginPage.test.tsx
    Complex Tabs Layout

 RUNS  src/__tests__/services/SequentialShotDetection.test.ts
 RUNS  src/__tests__/pages/LoginPage.test.tsx
      ‚àö renders multiple tabs with complex content (113 ms)

 RUNS  src/__tests__/services/SequentialShotDetection.test.ts
 RUNS  src/__tests__/pages/LoginPage.test.tsx
      ‚àö switches between multiple tabs correctly (302 ms)

 RUNS  src/__tests__/services/SequentialShotDetection.test.ts
 RUNS  src/__tests__/pages/LoginPage.test.tsx
    Tabs Accessibility

 RUNS  src/__tests__/services/SequentialShotDetection.test.ts
 RUNS  src/__tests__/pages/LoginPage.test.tsx
      ‚àö has proper ARIA attributes (73 ms)

 RUNS  src/__tests__/services/SequentialShotDetection.test.ts
 RUNS  src/__tests__/pages/LoginPage.test.tsx
      ‚àö supports keyboard navigation (351 ms)

 RUNS  src/__tests__/services/SequentialShotDetection.test.ts
 RUNS  src/__tests__/pages/LoginPage.test.tsx
    Tabs with Disabled State

 RUNS  src/__tests__/services/SequentialShotDetection.test.ts
 RUNS  src/__tests__/pages/LoginPage.test.tsx
      ‚àö handles disabled tabs (43 ms)

 RUNS  src/__tests__/services/SequentialShotDetection.test.ts
 RUNS  src/__tests__/pages/LoginPage.test.tsx


 RUNS  src/__tests__/services/SequentialShotDetection.test.ts
 RUNS  src/__tests__/pages/LoginPage.test.tsx
  console.error
    Error: Not implemented: HTMLFormElement.prototype.requestSubmit
        at module.exports (C:\Users\shova\Downloads\GMShoot\gmshooter-v2\node_modules\jsdom\lib\jsdom\browser\not-implemented.js:9:17)
        at HTMLFormElementImpl.requestSubmit (C:\Users\shova\Downloads\GMShoot\gmshooter-v2\node_modules\jsdom\lib\jsdom\living\nodes\HTMLFormElement-impl.js:113:5)
        at HTMLFormElementImpl._doRequestSubmit (C:\Users\shova\Downloads\GMShoot\gmshooter-v2\node_modules\jsdom\lib\jsdom\living\nodes\HTMLFormElement-impl.js:79:10)
        at HTMLButtonElementImpl._activationBehavior (C:\Users\shova\Downloads\GMShoot\gmshooter-v2\node_modules\jsdom\lib\jsdom\living\nodes\HTMLButtonElement-impl.js:23:14)
        at HTMLButtonElementImpl._dispatch (C:\Users\shova\Downloads\GMShoot\gmshooter-v2\node_modules\jsdom\lib\jsdom\living\events\EventTarget-impl.js:252:26)
        at HTMLButtonElementImpl.dispatchEvent (C:\Users\shova\Downloads\GMShoot\gmshooter-v2\node_modules\jsdom\lib\jsdom\living\events\EventTarget-impl.js:104:17)
        at HTMLButtonElement.dispatchEvent (C:\Users\shova\Downloads\GMShoot\gmshooter-v2\node_modules\jsdom\lib\jsdom\living\generated\EventTarget.js:241:34)
        at dispatchEvent (C:\Users\shova\Downloads\GMShoot\gmshooter-v2\node_modules\@testing-library\user-event\dist\cjs\event\dispatchEvent.js:45:43)
        at cb (C:\Users\shova\Downloads\GMShoot\gmshooter-v2\node_modules\@testing-library\react\dist\pure.js:108:16)
        at callback (C:\Users\shova\Downloads\GMShoot\gmshooter-v2\node_modules\@testing-library\react\dist\act-compat.js:48:24)
        at process.env.NODE_ENV.exports.act (C:\Users\shova\Downloads\GMShoot\gmshooter-v2\node_modules\react\cjs\react.development.js:814:22)
        at actImplementation (C:\Users\shova\Downloads\GMShoot\gmshooter-v2\node_modules\@testing-library\react\dist\act-compat.js:47:25)
        at Object.eventWrapper (C:\Users\shova\Downloads\GMShoot\gmshooter-v2\node_modules\@testing-library\react\dist\pure.js:107:27)
        at Object.eventWrapper [as wrapEvent] (C:\Users\shova\Downloads\GMShoot\gmshooter-v2\node_modules\@testing-library\user-event\dist\cjs\event\wrapEvent.js:6:28)
        at Object.wrapEvent (C:\Users\shova\Downloads\GMShoot\gmshooter-v2\node_modules\@testing-library\user-event\dist\cjs\event\dispatchEvent.js:45:22)
        at Object.call (C:\Users\shova\Downloads\GMShoot\gmshooter-v2\node_modules\@testing-library\user-event\dist\cjs\event\dispatchEvent.js:22:26)
        at Mouse.dispatchUIEvent [as up] (C:\Users\shova\Downloads\GMShoot\gmshooter-v2\node_modules\@testing-library\user-event\dist\cjs\system\pointer\mouse.js:100:30)
        at PointerHost.up [as release] (C:\Users\shova\Downloads\GMShoot\gmshooter-v2\node_modules\@testing-library\user-event\dist\cjs\system\pointer\index.js:87:24)
        at release (C:\Users\shova\Downloads\GMShoot\gmshooter-v2\node_modules\@testing-library\user-event\dist\cjs\pointer\index.js:54:47)
        at Object.pointer (C:\Users\shova\Downloads\GMShoot\gmshooter-v2\node_modules\@testing-library\user-event\dist\cjs\pointer\index.js:27:9)
        at Object.asyncWrapper (C:\Users\shova\Downloads\GMShoot\gmshooter-v2\node_modules\@testing-library\react\dist\pure.js:88:22) {
      type: 'not implemented'
    }

      at VirtualConsole.<anonymous> (node_modules/jest-environment-jsdom/build/index.js:63:23) 
      at module.exports (node_modules/jsdom/lib/jsdom/browser/not-implemented.js:12:26)        
      at HTMLFormElementImpl.requestSubmit (node_modules/jsdom/lib/jsdom/living/nodes/HTMLFormElement-impl.js:113:5)
      at HTMLFormElementImpl._doRequestSubmit (node_modules/jsdom/lib/jsdom/living/nodes/HTMLFormElement-impl.js:79:10)
      at HTMLButtonElementImpl._activationBehavior (node_modules/jsdom/lib/jsdom/living/nodes/HTMLButtonElement-impl.js:23:14)
      at HTMLButtonElementImpl._dispatch (node_modules/jsdom/lib/jsdom/living/events/EventTarget-impl.js:252:26)
      at HTMLButtonElementImpl.dispatchEvent (node_modules/jsdom/lib/jsdom/living/events/EventTarget-impl.js:104:17)
      at HTMLButtonElement.dispatchEvent (node_modules/jsdom/lib/jsdom/living/generated/EventTarget.js:241:34)
      at dispatchEvent (node_modules/@testing-library/user-event/dist/cjs/event/dispatchEvent.js:45:43)
      at cb (node_modules/@testing-library/react/dist/pure.js:108:16)
      at callback (node_modules/@testing-library/react/dist/act-compat.js:48:24)
      at process.env.NODE_ENV.exports.act (node_modules/react/cjs/react.development.js:814:22) 
      at actImplementation (node_modules/@testing-library/react/dist/act-compat.js:47:25)      
      at Object.eventWrapper (node_modules/@testing-library/react/dist/pure.js:107:27)
      at Object.eventWrapper [as wrapEvent] (node_modules/@testing-library/user-event/dist/cjs/event/wrapEvent.js:6:28)
      at Object.wrapEvent (node_modules/@testing-library/user-event/dist/cjs/event/dispatchEvent.js:45:22)
      at Object.call (node_modules/@testing-library/user-event/dist/cjs/event/dispatchEvent.js:22:26)
      at Mouse.dispatchUIEvent [as up] (node_modules/@testing-library/user-event/dist/cjs/system/pointer/mouse.js:100:30)
      at PointerHost.up [as release] (node_modules/@testing-library/user-event/dist/cjs/system/pointer/index.js:87:24)
      at release (node_modules/@testing-library/user-event/dist/cjs/pointer/index.js:54:47)    
      at Object.pointer (node_modules/@testing-library/user-event/dist/cjs/pointer/index.js:27:9)
      at Object.asyncWrapper (node_modules/@testing-library/react/dist/pure.js:88:22)


 RUNS  src/__tests__/services/SequentialShotDetection.test.ts
 RUNS  src/__tests__/pages/LoginPage.test.tsx

 RUNS  src/__tests__/services/SequentialShotDetection.test.ts
 RUNS  src/__tests__/pages/LoginPage.test.tsx
 PASS  src/__tests__/components/ui/card.test.tsx

 RUNS  src/__tests__/services/SequentialShotDetection.test.ts
 RUNS  src/__tests__/pages/LoginPage.test.tsx
  Card Components

 RUNS  src/__tests__/services/SequentialShotDetection.test.ts
 RUNS  src/__tests__/pages/LoginPage.test.tsx
    Card

 RUNS  src/__tests__/services/SequentialShotDetection.test.ts
 RUNS  src/__tests__/pages/LoginPage.test.tsx
      ‚àö renders with default props (31 ms)

 RUNS  src/__tests__/services/SequentialShotDetection.test.ts
 RUNS  src/__tests__/pages/LoginPage.test.tsx
      ‚àö renders with custom className (7 ms)

 RUNS  src/__tests__/services/SequentialShotDetection.test.ts
 RUNS  src/__tests__/pages/LoginPage.test.tsx
      ‚àö forwards ref correctly (7 ms)

 RUNS  src/__tests__/services/SequentialShotDetection.test.ts
 RUNS  src/__tests__/pages/LoginPage.test.tsx
      ‚àö renders with custom attributes (6 ms)

 RUNS  src/__tests__/services/SequentialShotDetection.test.ts
 RUNS  src/__tests__/pages/LoginPage.test.tsx
      ‚àö handles click events (140 ms)

 RUNS  src/__tests__/services/SequentialShotDetection.test.ts
 RUNS  src/__tests__/pages/LoginPage.test.tsx
    CardHeader

 RUNS  src/__tests__/services/SequentialShotDetection.test.ts
 RUNS  src/__tests__/pages/LoginPage.test.tsx
      ‚àö renders with default props (11 ms)

 RUNS  src/__tests__/services/SequentialShotDetection.test.ts
 RUNS  src/__tests__/pages/LoginPage.test.tsx
      ‚àö renders with custom className (5 ms)

 RUNS  src/__tests__/services/SequentialShotDetection.test.ts
 RUNS  src/__tests__/pages/LoginPage.test.tsx
      ‚àö forwards ref correctly (7 ms)

 RUNS  src/__tests__/services/SequentialShotDetection.test.ts
 RUNS  src/__tests__/pages/LoginPage.test.tsx
    CardFooter

 RUNS  src/__tests__/services/SequentialShotDetection.test.ts
 RUNS  src/__tests__/pages/LoginPage.test.tsx
      ‚àö renders with default props (8 ms)

 RUNS  src/__tests__/services/SequentialShotDetection.test.ts
 RUNS  src/__tests__/pages/LoginPage.test.tsx
      ‚àö renders with custom className (8 ms)

 RUNS  src/__tests__/services/SequentialShotDetection.test.ts
 RUNS  src/__tests__/pages/LoginPage.test.tsx
      ‚àö forwards ref correctly (5 ms)

 RUNS  src/__tests__/services/SequentialShotDetection.test.ts
 RUNS  src/__tests__/pages/LoginPage.test.tsx
    CardTitle

 RUNS  src/__tests__/services/SequentialShotDetection.test.ts
 RUNS  src/__tests__/pages/LoginPage.test.tsx
      ‚àö renders with default props (10 ms)

 RUNS  src/__tests__/services/SequentialShotDetection.test.ts
 RUNS  src/__tests__/pages/LoginPage.test.tsx
      ‚àö renders with custom className (6 ms)

 RUNS  src/__tests__/services/SequentialShotDetection.test.ts
 RUNS  src/__tests__/pages/LoginPage.test.tsx
      ‚àö forwards ref correctly (6 ms)

 RUNS  src/__tests__/services/SequentialShotDetection.test.ts
 RUNS  src/__tests__/pages/LoginPage.test.tsx
    CardDescription

 RUNS  src/__tests__/services/SequentialShotDetection.test.ts
 RUNS  src/__tests__/pages/LoginPage.test.tsx
      ‚àö renders with default props (6 ms)

 RUNS  src/__tests__/services/SequentialShotDetection.test.ts
 RUNS  src/__tests__/pages/LoginPage.test.tsx
      ‚àö renders with custom className (6 ms)

 RUNS  src/__tests__/services/SequentialShotDetection.test.ts
 RUNS  src/__tests__/pages/LoginPage.test.tsx
      ‚àö forwards ref correctly (5 ms)

 RUNS  src/__tests__/services/SequentialShotDetection.test.ts
 RUNS  src/__tests__/pages/LoginPage.test.tsx
    CardContent

 RUNS  src/__tests__/services/SequentialShotDetection.test.ts
 RUNS  src/__tests__/pages/LoginPage.test.tsx
      ‚àö renders with default props (11 ms)

 RUNS  src/__tests__/services/SequentialShotDetection.test.ts
 RUNS  src/__tests__/pages/LoginPage.test.tsx
      ‚àö renders with custom className (5 ms)

 RUNS  src/__tests__/services/SequentialShotDetection.test.ts
 RUNS  src/__tests__/pages/LoginPage.test.tsx
      ‚àö forwards ref correctly (4 ms)

 RUNS  src/__tests__/services/SequentialShotDetection.test.ts
 RUNS  src/__tests__/pages/LoginPage.test.tsx
    Complete Card Structure

 RUNS  src/__tests__/services/SequentialShotDetection.test.ts
 RUNS  src/__tests__/pages/LoginPage.test.tsx
      ‚àö renders a complete card with all components (52 ms)

 RUNS  src/__tests__/services/SequentialShotDetection.test.ts
 RUNS  src/__tests__/pages/LoginPage.test.tsx
      ‚àö renders card with nested interactive elements (77 ms)

 RUNS  src/__tests__/services/SequentialShotDetection.test.ts
 RUNS  src/__tests__/pages/LoginPage.test.tsx
      ‚àö renders card with complex content (68 ms)

 RUNS  src/__tests__/services/SequentialShotDetection.test.ts
 RUNS  src/__tests__/pages/LoginPage.test.tsx
      ‚àö renders card with form elements (417 ms)

 RUNS  src/__tests__/services/SequentialShotDetection.test.ts
 RUNS  src/__tests__/pages/LoginPage.test.tsx
    Accessibility

 RUNS  src/__tests__/services/SequentialShotDetection.test.ts
 RUNS  src/__tests__/pages/LoginPage.test.tsx
      ‚àö renders card with proper ARIA attributes (42 ms)

 RUNS  src/__tests__/services/SequentialShotDetection.test.ts
 RUNS  src/__tests__/pages/LoginPage.test.tsx
      ‚àö supports keyboard navigation (82 ms)

 RUNS  src/__tests__/services/SequentialShotDetection.test.ts
 RUNS  src/__tests__/pages/LoginPage.test.tsx


 RUNS  src/__tests__/services/SequentialShotDetection.test.ts
 RUNS  src/__tests__/pages/LoginPage.test.tsx

 RUNS  src/__tests__/services/SequentialShotDetection.test.ts
 RUNS  src/__tests__/pages/LoginPage.test.tsx

 RUNS  src/__tests__/services/SequentialShotDetection.test.ts
 RUNS  src/__tests__/pages/LoginPage.test.tsx

 RUNS  src/__tests__/services/SequentialShotDetection.test.ts
 RUNS  src/__tests__/pages/LoginPage.test.tsx
 PASS  src/__tests__/utils/test-query-client/index.ts

 RUNS  src/__tests__/services/SequentialShotDetection.test.ts
 RUNS  src/__tests__/pages/LoginPage.test.tsx
  Test Query Client Utilities

 RUNS  src/__tests__/services/SequentialShotDetection.test.ts
 RUNS  src/__tests__/pages/LoginPage.test.tsx
    ‚àö should create a test query client (2 ms)

 RUNS  src/__tests__/services/SequentialShotDetection.test.ts
 RUNS  src/__tests__/pages/LoginPage.test.tsx
    ‚àö should create mock fetch response (2 ms)

 RUNS  src/__tests__/services/SequentialShotDetection.test.ts
 RUNS  src/__tests__/pages/LoginPage.test.tsx
    ‚àö should create mock fetch error (3 ms)

 RUNS  src/__tests__/services/SequentialShotDetection.test.ts
 RUNS  src/__tests__/pages/LoginPage.test.tsx
    ‚àö should create a query wrapper (1 ms)

 RUNS  src/__tests__/services/SequentialShotDetection.test.ts
 RUNS  src/__tests__/pages/LoginPage.test.tsx
    ‚àö should create a wrapper with client (1 ms)

 RUNS  src/__tests__/services/SequentialShotDetection.test.ts
 RUNS  src/__tests__/pages/LoginPage.test.tsx


 RUNS  src/__tests__/services/SequentialShotDetection.test.ts
 RUNS  src/__tests__/pages/LoginPage.test.tsx

 RUNS  src/__tests__/services/SequentialShotDetection.test.ts
 RUNS  src/__tests__/pages/LoginPage.test.tsx

 RUNS  src/__tests__/services/SequentialShotDetection.test.ts
 RUNS  src/__tests__/pages/LoginPage.test.tsx

 RUNS  src/__tests__/services/SequentialShotDetection.test.ts
 RUNS  src/__tests__/pages/LoginPage.test.tsx
 PASS  src/__tests__/components/ui/button.test.tsx

 RUNS  src/__tests__/services/SequentialShotDetection.test.ts
 RUNS  src/__tests__/pages/LoginPage.test.tsx
  Button Component

 RUNS  src/__tests__/services/SequentialShotDetection.test.ts
 RUNS  src/__tests__/pages/LoginPage.test.tsx
    Rendering

 RUNS  src/__tests__/services/SequentialShotDetection.test.ts
 RUNS  src/__tests__/pages/LoginPage.test.tsx
      ‚àö renders with default props (188 ms)

 RUNS  src/__tests__/services/SequentialShotDetection.test.ts
 RUNS  src/__tests__/pages/LoginPage.test.tsx
      ‚àö renders with custom className (36 ms)

 RUNS  src/__tests__/services/SequentialShotDetection.test.ts
 RUNS  src/__tests__/pages/LoginPage.test.tsx
      ‚àö renders children correctly (9 ms)

 RUNS  src/__tests__/services/SequentialShotDetection.test.ts
 RUNS  src/__tests__/pages/LoginPage.test.tsx
      ‚àö forwards ref correctly (20 ms)

 RUNS  src/__tests__/services/SequentialShotDetection.test.ts
 RUNS  src/__tests__/pages/LoginPage.test.tsx
    Variants

 RUNS  src/__tests__/services/SequentialShotDetection.test.ts
 RUNS  src/__tests__/pages/LoginPage.test.tsx
      ‚àö renders default variant (17 ms)

 RUNS  src/__tests__/services/SequentialShotDetection.test.ts
 RUNS  src/__tests__/pages/LoginPage.test.tsx
      ‚àö renders destructive variant (21 ms)

 RUNS  src/__tests__/services/SequentialShotDetection.test.ts
 RUNS  src/__tests__/pages/LoginPage.test.tsx
      ‚àö renders outline variant (20 ms)

 RUNS  src/__tests__/services/SequentialShotDetection.test.ts
 RUNS  src/__tests__/pages/LoginPage.test.tsx
      ‚àö renders secondary variant (22 ms)

 RUNS  src/__tests__/services/SequentialShotDetection.test.ts
 RUNS  src/__tests__/pages/LoginPage.test.tsx
      ‚àö renders ghost variant (19 ms)

 RUNS  src/__tests__/services/SequentialShotDetection.test.ts
 RUNS  src/__tests__/pages/LoginPage.test.tsx
      ‚àö renders link variant (21 ms)

 RUNS  src/__tests__/services/SequentialShotDetection.test.ts
 RUNS  src/__tests__/pages/LoginPage.test.tsx
    Sizes

 RUNS  src/__tests__/services/SequentialShotDetection.test.ts
 RUNS  src/__tests__/pages/LoginPage.test.tsx
      ‚àö renders default size (17 ms)

 RUNS  src/__tests__/services/SequentialShotDetection.test.ts
 RUNS  src/__tests__/pages/LoginPage.test.tsx
      ‚àö renders small size (15 ms)

 RUNS  src/__tests__/services/SequentialShotDetection.test.ts
 RUNS  src/__tests__/pages/LoginPage.test.tsx
      ‚àö renders large size (12 ms)

 RUNS  src/__tests__/services/SequentialShotDetection.test.ts
 RUNS  src/__tests__/pages/LoginPage.test.tsx
      ‚àö renders icon size (19 ms)

 RUNS  src/__tests__/services/SequentialShotDetection.test.ts
 RUNS  src/__tests__/pages/LoginPage.test.tsx
    Interactions

 RUNS  src/__tests__/services/SequentialShotDetection.test.ts
 RUNS  src/__tests__/pages/LoginPage.test.tsx
      ‚àö handles click events (21 ms)

 RUNS  src/__tests__/services/SequentialShotDetection.test.ts
 RUNS  src/__tests__/pages/LoginPage.test.tsx
      ‚àö handles multiple clicks (20 ms)

 RUNS  src/__tests__/services/SequentialShotDetection.test.ts
 RUNS  src/__tests__/pages/LoginPage.test.tsx
      ‚àö can be disabled (19 ms)

 RUNS  src/__tests__/services/SequentialShotDetection.test.ts
 RUNS  src/__tests__/pages/LoginPage.test.tsx
      ‚àö applies disabled styles when disabled (20 ms)

 RUNS  src/__tests__/services/SequentialShotDetection.test.ts
 RUNS  src/__tests__/pages/LoginPage.test.tsx
    Props

 RUNS  src/__tests__/services/SequentialShotDetection.test.ts
 RUNS  src/__tests__/pages/LoginPage.test.tsx
      ‚àö passes through HTML button attributes (52 ms)

 RUNS  src/__tests__/services/SequentialShotDetection.test.ts
 RUNS  src/__tests__/pages/LoginPage.test.tsx
      ‚àö handles form submission (81 ms)

 RUNS  src/__tests__/services/SequentialShotDetection.test.ts
 RUNS  src/__tests__/pages/LoginPage.test.tsx
    asChild prop

 RUNS  src/__tests__/services/SequentialShotDetection.test.ts
 RUNS  src/__tests__/pages/LoginPage.test.tsx
      ‚àö renders as child component when asChild is true (24 ms)

 RUNS  src/__tests__/services/SequentialShotDetection.test.ts
 RUNS  src/__tests__/pages/LoginPage.test.tsx
      ‚àö applies button styles to child element (21 ms)

 RUNS  src/__tests__/services/SequentialShotDetection.test.ts
 RUNS  src/__tests__/pages/LoginPage.test.tsx
    Accessibility

 RUNS  src/__tests__/services/SequentialShotDetection.test.ts
 RUNS  src/__tests__/pages/LoginPage.test.tsx
      ‚àö has proper button role by default (14 ms)

 RUNS  src/__tests__/services/SequentialShotDetection.test.ts
 RUNS  src/__tests__/pages/LoginPage.test.tsx
      ‚àö supports ARIA attributes (15 ms)

 RUNS  src/__tests__/services/SequentialShotDetection.test.ts
 RUNS  src/__tests__/pages/LoginPage.test.tsx
      ‚àö supports keyboard navigation (213 ms)

 RUNS  src/__tests__/services/SequentialShotDetection.test.ts
 RUNS  src/__tests__/pages/LoginPage.test.tsx
      ‚àö can be focused (44 ms)

 RUNS  src/__tests__/services/SequentialShotDetection.test.ts
 RUNS  src/__tests__/pages/LoginPage.test.tsx
    Edge Cases

 RUNS  src/__tests__/services/SequentialShotDetection.test.ts
 RUNS  src/__tests__/pages/LoginPage.test.tsx
      ‚àö renders with empty children (12 ms)

 RUNS  src/__tests__/services/SequentialShotDetection.test.ts
 RUNS  src/__tests__/pages/LoginPage.test.tsx
      ‚àö renders with complex children (15 ms)

 RUNS  src/__tests__/services/SequentialShotDetection.test.ts
 RUNS  src/__tests__/pages/LoginPage.test.tsx
      ‚àö handles undefined onClick gracefully (22 ms)

 RUNS  src/__tests__/services/SequentialShotDetection.test.ts
 RUNS  src/__tests__/pages/LoginPage.test.tsx


 RUNS  src/__tests__/services/SequentialShotDetection.test.ts
 RUNS  src/__tests__/pages/LoginPage.test.tsx

 RUNS  src/__tests__/services/SequentialShotDetection.test.ts
 RUNS  src/__tests__/pages/LoginPage.test.tsx

 RUNS  src/__tests__/services/SequentialShotDetection.test.ts
 RUNS  src/__tests__/pages/LoginPage.test.tsx

 RUNS  src/__tests__/services/SequentialShotDetection.test.ts
  console.error
    Error: Not implemented: HTMLFormElement.prototype.requestSubmit
        at module.exports (C:\Users\shova\Downloads\GMShoot\gmshooter-v2\node_modules\jsdom\lib\jsdom\browser\not-implemented.js:9:17)
        at HTMLFormElementImpl.requestSubmit (C:\Users\shova\Downloads\GMShoot\gmshooter-v2\node_modules\jsdom\lib\jsdom\living\nodes\HTMLFormElement-impl.js:113:5)
        at HTMLFormElementImpl._doRequestSubmit (C:\Users\shova\Downloads\GMShoot\gmshooter-v2\node_modules\jsdom\lib\jsdom\living\nodes\HTMLFormElement-impl.js:79:10)
        at HTMLButtonElementImpl._activationBehavior (C:\Users\shova\Downloads\GMShoot\gmshooter-v2\node_modules\jsdom\lib\jsdom\living\nodes\HTMLButtonElement-impl.js:23:14)
        at HTMLButtonElementImpl._dispatch (C:\Users\shova\Downloads\GMShoot\gmshooter-v2\node_modules\jsdom\lib\jsdom\living\events\EventTarget-impl.js:252:26)
        at HTMLButtonElementImpl.dispatchEvent (C:\Users\shova\Downloads\GMShoot\gmshooter-v2\node_modules\jsdom\lib\jsdom\living\events\EventTarget-impl.js:104:17)
        at HTMLButtonElement.dispatchEvent (C:\Users\shova\Downloads\GMShoot\gmshooter-v2\node_modules\jsdom\lib\jsdom\living\generated\EventTarget.js:241:34)
        at dispatchEvent (C:\Users\shova\Downloads\GMShoot\gmshooter-v2\node_modules\@testing-library\user-event\dist\cjs\event\dispatchEvent.js:45:43)
        at cb (C:\Users\shova\Downloads\GMShoot\gmshooter-v2\node_modules\@testing-library\react\dist\pure.js:108:16)
        at callback (C:\Users\shova\Downloads\GMShoot\gmshooter-v2\node_modules\@testing-library\react\dist\act-compat.js:48:24)
        at process.env.NODE_ENV.exports.act (C:\Users\shova\Downloads\GMShoot\gmshooter-v2\node_modules\react\cjs\react.development.js:814:22)
        at actImplementation (C:\Users\shova\Downloads\GMShoot\gmshooter-v2\node_modules\@testing-library\react\dist\act-compat.js:47:25)
        at Object.eventWrapper (C:\Users\shova\Downloads\GMShoot\gmshooter-v2\node_modules\@testing-library\react\dist\pure.js:107:27)
        at Object.eventWrapper [as wrapEvent] (C:\Users\shova\Downloads\GMShoot\gmshooter-v2\node_modules\@testing-library\user-event\dist\cjs\event\wrapEvent.js:6:28)
        at Object.wrapEvent (C:\Users\shova\Downloads\GMShoot\gmshooter-v2\node_modules\@testing-library\user-event\dist\cjs\event\dispatchEvent.js:45:22)
        at Object.call (C:\Users\shova\Downloads\GMShoot\gmshooter-v2\node_modules\@testing-library\user-event\dist\cjs\event\dispatchEvent.js:22:26)
        at Mouse.dispatchUIEvent [as up] (C:\Users\shova\Downloads\GMShoot\gmshooter-v2\node_modules\@testing-library\user-event\dist\cjs\system\pointer\mouse.js:100:30)
        at PointerHost.up [as release] (C:\Users\shova\Downloads\GMShoot\gmshooter-v2\node_modules\@testing-library\user-event\dist\cjs\system\pointer\index.js:87:24)
        at release (C:\Users\shova\Downloads\GMShoot\gmshooter-v2\node_modules\@testing-library\user-event\dist\cjs\pointer\index.js:54:47)
        at Object.pointer (C:\Users\shova\Downloads\GMShoot\gmshooter-v2\node_modules\@testing-library\user-event\dist\cjs\pointer\index.js:27:9)
        at Object.asyncWrapper (C:\Users\shova\Downloads\GMShoot\gmshooter-v2\node_modules\@testing-library\react\dist\pure.js:88:22) {
      type: 'not implemented'
    }

      at VirtualConsole.<anonymous> (node_modules/jest-environment-jsdom/build/index.js:63:23) 
      at module.exports (node_modules/jsdom/lib/jsdom/browser/not-implemented.js:12:26)        
      at HTMLFormElementImpl.requestSubmit (node_modules/jsdom/lib/jsdom/living/nodes/HTMLFormElement-impl.js:113:5)
      at HTMLFormElementImpl._doRequestSubmit (node_modules/jsdom/lib/jsdom/living/nodes/HTMLFormElement-impl.js:79:10)
      at HTMLButtonElementImpl._activationBehavior (node_modules/jsdom/lib/jsdom/living/nodes/HTMLButtonElement-impl.js:23:14)
      at HTMLButtonElementImpl._dispatch (node_modules/jsdom/lib/jsdom/living/events/EventTarget-impl.js:252:26)
      at HTMLButtonElementImpl.dispatchEvent (node_modules/jsdom/lib/jsdom/living/events/EventTarget-impl.js:104:17)
      at HTMLButtonElement.dispatchEvent (node_modules/jsdom/lib/jsdom/living/generated/EventTarget.js:241:34)
      at dispatchEvent (node_modules/@testing-library/user-event/dist/cjs/event/dispatchEvent.js:45:43)
      at cb (node_modules/@testing-library/react/dist/pure.js:108:16)
      at callback (node_modules/@testing-library/react/dist/act-compat.js:48:24)
      at process.env.NODE_ENV.exports.act (node_modules/react/cjs/react.development.js:814:22) 
      at actImplementation (node_modules/@testing-library/react/dist/act-compat.js:47:25)      
      at Object.eventWrapper (node_modules/@testing-library/react/dist/pure.js:107:27)
      at Object.eventWrapper [as wrapEvent] (node_modules/@testing-library/user-event/dist/cjs/event/wrapEvent.js:6:28)
      at Object.wrapEvent (node_modules/@testing-library/user-event/dist/cjs/event/dispatchEvent.js:45:22)
      at Object.call (node_modules/@testing-library/user-event/dist/cjs/event/dispatchEvent.js:22:26)
      at Mouse.dispatchUIEvent [as up] (node_modules/@testing-library/user-event/dist/cjs/system/pointer/mouse.js:100:30)
      at PointerHost.up [as release] (node_modules/@testing-library/user-event/dist/cjs/system/pointer/index.js:87:24)
      at release (node_modules/@testing-library/user-event/dist/cjs/pointer/index.js:54:47)    
      at Object.pointer (node_modules/@testing-library/user-event/dist/cjs/pointer/index.js:27:9)
      at Object.asyncWrapper (node_modules/@testing-library/react/dist/pure.js:88:22)


 RUNS  src/__tests__/services/SequentialShotDetection.test.ts
 PASS  src/__tests__/components/ui/checkbox.test.tsx

 RUNS  src/__tests__/services/SequentialShotDetection.test.ts
  Checkbox Component

 RUNS  src/__tests__/services/SequentialShotDetection.test.ts
    ‚àö renders checkbox correctly (130 ms)

 RUNS  src/__tests__/services/SequentialShotDetection.test.ts
    ‚àö applies default classes (53 ms)

 RUNS  src/__tests__/services/SequentialShotDetection.test.ts
    ‚àö applies custom className (33 ms)

 RUNS  src/__tests__/services/SequentialShotDetection.test.ts
    ‚àö can be checked and unchecked (246 ms)

 RUNS  src/__tests__/services/SequentialShotDetection.test.ts
    ‚àö can be controlled component (43 ms)

 RUNS  src/__tests__/services/SequentialShotDetection.test.ts
    ‚àö calls onCheckedChange when clicked (198 ms)

 RUNS  src/__tests__/services/SequentialShotDetection.test.ts
    ‚àö does not call onCheckedChange when disabled (86 ms)

 RUNS  src/__tests__/services/SequentialShotDetection.test.ts
    ‚àö applies disabled styles when disabled (37 ms)

 RUNS  src/__tests__/services/SequentialShotDetection.test.ts
    ‚àö has checked state styling when checked (56 ms)

 RUNS  src/__tests__/services/SequentialShotDetection.test.ts
    ‚àö has unchecked state styling when unchecked (25 ms)

 RUNS  src/__tests__/services/SequentialShotDetection.test.ts
    ‚àö forwards ref correctly (19 ms)

 RUNS  src/__tests__/services/SequentialShotDetection.test.ts
    ‚àö supports keyboard interaction (110 ms)

 RUNS  src/__tests__/services/SequentialShotDetection.test.ts
    ‚àö supports space key interaction (78 ms)

 RUNS  src/__tests__/services/SequentialShotDetection.test.ts
    ‚àö renders with data attributes (38 ms)

 RUNS  src/__tests__/services/SequentialShotDetection.test.ts
    ‚àö handles indeterminate state (78 ms)

 RUNS  src/__tests__/services/SequentialShotDetection.test.ts
    ‚àö applies aria attributes (32 ms)

 RUNS  src/__tests__/services/SequentialShotDetection.test.ts
    ‚àö works with form submission (656 ms)

 RUNS  src/__tests__/services/SequentialShotDetection.test.ts


 RUNS  src/__tests__/services/SequentialShotDetection.test.ts

 RUNS  src/__tests__/services/SequentialShotDetection.test.ts

 RUNS  src/__tests__/services/SequentialShotDetection.test.ts
  console.error
    An update to LoginPage inside a test was not wrapped in act(...).
    
    When testing, code that causes React state updates should be wrapped into act(...):
    
    act(() => {
      /* fire events that update state */
    });
    /* assert on the output */
    
    This ensures that you're testing the behavior the user would see in the browser. Learn more at https://react.dev/link/wrap-tests-with-act

      136 |         setShowSuccess(true);
      137 |         setTimeout(() => {
    > 138 |           setIsLogin(true);
          |           ^
      139 |           setShowSuccess(false);
      140 |           setFormData({ email: '', password: '', confirmPassword: '', fullName: '' });
      141 |         }, 3000);

      at node_modules/react-dom/cjs/react-dom-client.development.js:18758:19
      at runWithFiberInDEV (node_modules/react-dom/cjs/react-dom-client.development.js:874:13) 
      at warnIfUpdatesNotWrappedWithActDEV (node_modules/react-dom/cjs/react-dom-client.development.js:18757:9)
      at scheduleUpdateOnFiber (node_modules/react-dom/cjs/react-dom-client.development.js:16409:11)
      at dispatchSetStateInternal (node_modules/react-dom/cjs/react-dom-client.development.js:9170:13)
      at dispatchSetState (node_modules/react-dom/cjs/react-dom-client.development.js:9127:7)  
      at src/pages/LoginPage.tsx:138:11
      at src/__tests__/pages/LoginPage.test.tsx:429:12
      at step (src/__tests__/pages/LoginPage.test.tsx:44:23)
      at Object.next (src/__tests__/pages/LoginPage.test.tsx:25:53)
      at fulfilled (src/__tests__/pages/LoginPage.test.tsx:16:58)


 RUNS  src/__tests__/services/SequentialShotDetection.test.ts
  console.error
    An update to LoginPage inside a test was not wrapped in act(...).
    
    When testing, code that causes React state updates should be wrapped into act(...):
    
    act(() => {
      /* fire events that update state */
    });
    /* assert on the output */
    
    This ensures that you're testing the behavior the user would see in the browser. Learn more at https://react.dev/link/wrap-tests-with-act

      137 |         setTimeout(() => {
      138 |           setIsLogin(true);
    > 139 |           setShowSuccess(false);
          |           ^
      140 |           setFormData({ email: '', password: '', confirmPassword: '', fullName: '' });
      141 |         }, 3000);
      142 |       }

      at node_modules/react-dom/cjs/react-dom-client.development.js:18758:19
      at runWithFiberInDEV (node_modules/react-dom/cjs/react-dom-client.development.js:874:13) 
      at warnIfUpdatesNotWrappedWithActDEV (node_modules/react-dom/cjs/react-dom-client.development.js:18757:9)
      at scheduleUpdateOnFiber (node_modules/react-dom/cjs/react-dom-client.development.js:16409:11)
      at dispatchSetStateInternal (node_modules/react-dom/cjs/react-dom-client.development.js:9170:13)
      at dispatchSetState (node_modules/react-dom/cjs/react-dom-client.development.js:9127:7)  
      at src/pages/LoginPage.tsx:139:11
      at src/__tests__/pages/LoginPage.test.tsx:429:12
      at step (src/__tests__/pages/LoginPage.test.tsx:44:23)
      at Object.next (src/__tests__/pages/LoginPage.test.tsx:25:53)
      at fulfilled (src/__tests__/pages/LoginPage.test.tsx:16:58)


 RUNS  src/__tests__/services/SequentialShotDetection.test.ts
  console.error
    An update to LoginPage inside a test was not wrapped in act(...).

    When testing, code that causes React state updates should be wrapped into act(...):        

    act(() => {
      /* fire events that update state */
    });
    /* assert on the output */

    This ensures that you're testing the behavior the user would see in the browser. Learn more at https://react.dev/link/wrap-tests-with-act

      138 |           setIsLogin(true);
      139 |           setShowSuccess(false);
    > 140 |           setFormData({ email: '', password: '', confirmPassword: '', fullName: '' });
          |           ^
      141 |         }, 3000);
      142 |       }
      143 |     } catch (err) {

      at node_modules/react-dom/cjs/react-dom-client.development.js:18758:19
      at runWithFiberInDEV (node_modules/react-dom/cjs/react-dom-client.development.js:874:13) 
      at warnIfUpdatesNotWrappedWithActDEV (node_modules/react-dom/cjs/react-dom-client.development.js:18757:9)
      at scheduleUpdateOnFiber (node_modules/react-dom/cjs/react-dom-client.development.js:16409:11)
      at dispatchSetStateInternal (node_modules/react-dom/cjs/react-dom-client.development.js:9170:13)
      at dispatchSetState (node_modules/react-dom/cjs/react-dom-client.development.js:9127:7)  
      at src/pages/LoginPage.tsx:140:11
      at src/__tests__/pages/LoginPage.test.tsx:429:12
      at step (src/__tests__/pages/LoginPage.test.tsx:44:23)
      at Object.next (src/__tests__/pages/LoginPage.test.tsx:25:53)
      at fulfilled (src/__tests__/pages/LoginPage.test.tsx:16:58)


 RUNS  src/__tests__/services/SequentialShotDetection.test.ts

 RUNS  src/__tests__/services/SequentialShotDetection.test.ts

 RUNS  src/__tests__/services/SequentialShotDetection.test.ts
  console.error
    An update to SimpleLoginPage inside a test was not wrapped in act(...).
    
    When testing, code that causes React state updates should be wrapped into act(...):
    
    act(() => {
      /* fire events that update state */
    });
    /* assert on the output */
    
    This ensures that you're testing the behavior the user would see in the browser. Learn more at https://react.dev/link/wrap-tests-with-act

      29 |       console.error('Login error:', err);
      30 |     } finally {
    > 31 |       setIsLoading(false);
         |       ^
      32 |     }
      33 |   };
      34 |

      at node_modules/react-dom/cjs/react-dom-client.development.js:18758:19
      at runWithFiberInDEV (node_modules/react-dom/cjs/react-dom-client.development.js:874:13) 
      at warnIfUpdatesNotWrappedWithActDEV (node_modules/react-dom/cjs/react-dom-client.development.js:18757:9)
      at scheduleUpdateOnFiber (node_modules/react-dom/cjs/react-dom-client.development.js:16409:11)
      at dispatchSetStateInternal (node_modules/react-dom/cjs/react-dom-client.development.js:9170:13)
      at dispatchSetState (node_modules/react-dom/cjs/react-dom-client.development.js:9127:7)  
      at src/pages/SimpleLoginPage.tsx:31:7
      at step (src/pages/SimpleLoginPage.tsx:67:23)
      at Object.next (src/pages/SimpleLoginPage.tsx:48:53)
      at fulfilled (src/pages/SimpleLoginPage.tsx:39:58)


 RUNS  src/__tests__/services/SequentialShotDetection.test.ts

 RUNS  src/__tests__/services/SequentialShotDetection.test.ts
 PASS  src/__tests__/functions/session-data.test.ts

 RUNS  src/__tests__/services/SequentialShotDetection.test.ts
  Session Data Edge Function Logic

 RUNS  src/__tests__/services/SequentialShotDetection.test.ts
    Device Registration Validation

 RUNS  src/__tests__/services/SequentialShotDetection.test.ts
      ‚àö should validate device registration request structure (6 ms)

 RUNS  src/__tests__/services/SequentialShotDetection.test.ts
      ‚àö should detect missing required fields in device registration (2 ms)

 RUNS  src/__tests__/services/SequentialShotDetection.test.ts
      ‚àö should validate device registration database structure (2 ms)

 RUNS  src/__tests__/services/SequentialShotDetection.test.ts
    Session Data Ingestion Validation

 RUNS  src/__tests__/services/SequentialShotDetection.test.ts
      ‚àö should validate session data structure (3 ms)

 RUNS  src/__tests__/services/SequentialShotDetection.test.ts
      ‚àö should validate shot data structure (14 ms)

 RUNS  src/__tests__/services/SequentialShotDetection.test.ts
      ‚àö should validate authorization header format (2 ms)

 RUNS  src/__tests__/services/SequentialShotDetection.test.ts
      ‚àö should validate device authentication structure (2 ms)

 RUNS  src/__tests__/services/SequentialShotDetection.test.ts
    Session Update Validation

 RUNS  src/__tests__/services/SequentialShotDetection.test.ts
      ‚àö should validate session update structure (10 ms)

 RUNS  src/__tests__/services/SequentialShotDetection.test.ts
      ‚àö should handle missing session ID in update request (2 ms)

 RUNS  src/__tests__/services/SequentialShotDetection.test.ts
    Health Check Validation

 RUNS  src/__tests__/services/SequentialShotDetection.test.ts
      ‚àö should validate health check response structure (1 ms)

 RUNS  src/__tests__/services/SequentialShotDetection.test.ts
    Database Operations Validation

 RUNS  src/__tests__/services/SequentialShotDetection.test.ts
      ‚àö should validate frame data storage structure (12 ms)

 RUNS  src/__tests__/services/SequentialShotDetection.test.ts
      ‚àö should validate shot data storage structure (10 ms)

 RUNS  src/__tests__/services/SequentialShotDetection.test.ts
      ‚àö should validate session event structure (2 ms)

 RUNS  src/__tests__/services/SequentialShotDetection.test.ts
    Error Handling Validation

 RUNS  src/__tests__/services/SequentialShotDetection.test.ts
      ‚àö should validate CORS headers structure (2 ms)

 RUNS  src/__tests__/services/SequentialShotDetection.test.ts
      ‚àö should validate error response structure (2 ms)

 RUNS  src/__tests__/services/SequentialShotDetection.test.ts
    Session Data Request Interface Validation

 RUNS  src/__tests__/services/SequentialShotDetection.test.ts
      ‚àö should validate SessionDataRequest interface (2 ms)

 RUNS  src/__tests__/services/SequentialShotDetection.test.ts
      ‚àö should validate event types (4 ms)

 RUNS  src/__tests__/services/SequentialShotDetection.test.ts
    Environment Variables Validation

 RUNS  src/__tests__/services/SequentialShotDetection.test.ts
      ‚àö should validate required environment variables (4 ms)

 RUNS  src/__tests__/services/SequentialShotDetection.test.ts


 RUNS  src/__tests__/services/SequentialShotDetection.test.ts

 RUNS  src/__tests__/services/SequentialShotDetection.test.ts
  console.error
    An update to SimpleLoginPage inside a test was not wrapped in act(...).

    When testing, code that causes React state updates should be wrapped into act(...):        

    act(() => {
      /* fire events that update state */
    });
    /* assert on the output */

    This ensures that you're testing the behavior the user would see in the browser. Learn more at https://react.dev/link/wrap-tests-with-act

      41 |       console.error('Google login error:', err);
      42 |     } finally {
    > 43 |       setIsLoading(false);
         |       ^
      44 |     }
      45 |   };
      46 |

      at node_modules/react-dom/cjs/react-dom-client.development.js:18758:19
      at runWithFiberInDEV (node_modules/react-dom/cjs/react-dom-client.development.js:874:13) 
      at warnIfUpdatesNotWrappedWithActDEV (node_modules/react-dom/cjs/react-dom-client.development.js:18757:9)
      at scheduleUpdateOnFiber (node_modules/react-dom/cjs/react-dom-client.development.js:16409:11)
      at dispatchSetStateInternal (node_modules/react-dom/cjs/react-dom-client.development.js:9170:13)
      at dispatchSetState (node_modules/react-dom/cjs/react-dom-client.development.js:9127:7)  
      at src/pages/SimpleLoginPage.tsx:43:7
      at step (src/pages/SimpleLoginPage.tsx:67:23)
      at Object.next (src/pages/SimpleLoginPage.tsx:48:53)
      at fulfilled (src/pages/SimpleLoginPage.tsx:39:58)


 RUNS  src/__tests__/services/SequentialShotDetection.test.ts
 PASS  src/__tests__/hooks/useAuthQuery.test.tsx

 RUNS  src/__tests__/services/SequentialShotDetection.test.ts
  useAuthQuery Hook

 RUNS  src/__tests__/services/SequentialShotDetection.test.ts
    Initial State

 RUNS  src/__tests__/services/SequentialShotDetection.test.ts
      ‚àö should render with initial loading state (72 ms)

 RUNS  src/__tests__/services/SequentialShotDetection.test.ts
      ‚àö should render with no user initially (21 ms)

 RUNS  src/__tests__/services/SequentialShotDetection.test.ts
      ‚àö should render with no error initially (31 ms)

 RUNS  src/__tests__/services/SequentialShotDetection.test.ts
    Google Sign In

 RUNS  src/__tests__/services/SequentialShotDetection.test.ts
      ‚àö should handle Google sign in (108 ms)

 RUNS  src/__tests__/services/SequentialShotDetection.test.ts
    Email Sign In

 RUNS  src/__tests__/services/SequentialShotDetection.test.ts
      ‚àö should handle email sign in successfully (110 ms)

 RUNS  src/__tests__/services/SequentialShotDetection.test.ts
    Email Sign Up

 RUNS  src/__tests__/services/SequentialShotDetection.test.ts
      ‚àö should handle email sign up successfully (111 ms)

 RUNS  src/__tests__/services/SequentialShotDetection.test.ts
    Sign Out

 RUNS  src/__tests__/services/SequentialShotDetection.test.ts
      ‚àö should handle sign out successfully (127 ms)

 RUNS  src/__tests__/services/SequentialShotDetection.test.ts
    Mock Authentication Mode

 RUNS  src/__tests__/services/SequentialShotDetection.test.ts
      ‚àö should use mock authentication for Google sign in (138 ms)

 RUNS  src/__tests__/services/SequentialShotDetection.test.ts
      ‚àö should use mock authentication for email sign in (39 ms)

 RUNS  src/__tests__/services/SequentialShotDetection.test.ts
      ‚àö should use mock authentication for email sign up (25 ms)

 RUNS  src/__tests__/services/SequentialShotDetection.test.ts
    User Creation and Update

 RUNS  src/__tests__/services/SequentialShotDetection.test.ts
      ‚àö should handle user lookup during authentication (95 ms)

 RUNS  src/__tests__/services/SequentialShotDetection.test.ts
      ‚àö should handle sign up process initiation (15 ms)

 RUNS  src/__tests__/services/SequentialShotDetection.test.ts
    Auth State Changes

 RUNS  src/__tests__/services/SequentialShotDetection.test.ts
      ‚àö should handle SIGNED_IN event (29 ms)

 RUNS  src/__tests__/services/SequentialShotDetection.test.ts
      ‚àö should handle SIGNED_OUT event (28 ms)

 RUNS  src/__tests__/services/SequentialShotDetection.test.ts
    Error Context

 RUNS  src/__tests__/services/SequentialShotDetection.test.ts
      ‚àö should throw error when useAuth is used outside AuthProvider (240 ms)

 RUNS  src/__tests__/services/SequentialShotDetection.test.ts


 RUNS  src/__tests__/services/SequentialShotDetection.test.ts
 PASS  src/__tests__/components/layout/AppLayout.test.tsx

 RUNS  src/__tests__/services/SequentialShotDetection.test.ts
  AppLayout

 RUNS  src/__tests__/services/SequentialShotDetection.test.ts
    ‚àö renders without crashing (341 ms)

 RUNS  src/__tests__/services/SequentialShotDetection.test.ts
    ‚àö displays sidebar on desktop (159 ms)

 RUNS  src/__tests__/services/SequentialShotDetection.test.ts
    ‚àö hides sidebar on mobile (69 ms)

 RUNS  src/__tests__/services/SequentialShotDetection.test.ts
    ‚àö toggles sidebar when menu button is clicked (482 ms)

 RUNS  src/__tests__/services/SequentialShotDetection.test.ts
    ‚àö navigates to correct path when navigation item is clicked (150 ms)

 RUNS  src/__tests__/services/SequentialShotDetection.test.ts
    ‚àö displays online status when connected (169 ms)

 RUNS  src/__tests__/services/SequentialShotDetection.test.ts
    ‚àö displays offline status when disconnected (161 ms)

 RUNS  src/__tests__/services/SequentialShotDetection.test.ts
    ‚àö displays search input on desktop (141 ms)

 RUNS  src/__tests__/services/SequentialShotDetection.test.ts
    ‚àö displays device type indicator (183 ms)

 RUNS  src/__tests__/services/SequentialShotDetection.test.ts
    ‚àö displays LIVE badge on demo navigation item (144 ms)

 RUNS  src/__tests__/services/SequentialShotDetection.test.ts
    ‚àö expands navigation sub-items when clicked (186 ms)

 RUNS  src/__tests__/services/SequentialShotDetection.test.ts
    ‚àö handles search input changes (221 ms)

 RUNS  src/__tests__/services/SequentialShotDetection.test.ts


 RUNS  src/__tests__/services/SequentialShotDetection.test.ts

 RUNS  src/__tests__/services/SequentialShotDetection.test.ts
 PASS  src/__tests__/services/SequentialShotDetection.test.ts (14.338 s)

 RUNS  src/__tests__/services/SequentialShotDetection.test.ts
  SequentialShotDetection

 RUNS  src/__tests__/services/SequentialShotDetection.test.ts
    Session Management

 RUNS  src/__tests__/services/SequentialShotDetection.test.ts
      ‚àö should initialize a new session (24 ms)

 RUNS  src/__tests__/services/SequentialShotDetection.test.ts
      ‚àö should clear a session (3 ms)

 RUNS  src/__tests__/services/SequentialShotDetection.test.ts
      ‚àö should get active sessions (5 ms)

 RUNS  src/__tests__/services/SequentialShotDetection.test.ts
      ‚àö should return null when processing frame for non-existent session (7 ms)

 RUNS  src/__tests__/services/SequentialShotDetection.test.ts
    Frame Processing

 RUNS  src/__tests__/services/SequentialShotDetection.test.ts
      ‚àö should not detect shot on first frame (4 ms)

 RUNS  src/__tests__/services/SequentialShotDetection.test.ts
      ‚àö should detect shot when frame difference exceeds threshold (7 ms)

 RUNS  src/__tests__/services/SequentialShotDetection.test.ts
      ‚àö should respect minimum shot interval (4 ms)

 RUNS  src/__tests__/services/SequentialShotDetection.test.ts
      ‚àö should accumulate confirmation frames before detecting shot (3 ms)

 RUNS  src/__tests__/services/SequentialShotDetection.test.ts
    Configuration

 RUNS  src/__tests__/services/SequentialShotDetection.test.ts
      ‚àö should use default configuration (13 ms)

 RUNS  src/__tests__/services/SequentialShotDetection.test.ts
      ‚àö should update configuration (3 ms)

 RUNS  src/__tests__/services/SequentialShotDetection.test.ts
      ‚àö should apply sensitivity multiplier (3 ms)

 RUNS  src/__tests__/services/SequentialShotDetection.test.ts
    Session Statistics

 RUNS  src/__tests__/services/SequentialShotDetection.test.ts
      ‚àö should return zero statistics for empty session (3 ms)

 RUNS  src/__tests__/services/SequentialShotDetection.test.ts
      ‚àö should calculate correct statistics after shots (1896 ms)

 RUNS  src/__tests__/services/SequentialShotDetection.test.ts
      ‚àö should calculate shot rate correctly (1848 ms)

 RUNS  src/__tests__/services/SequentialShotDetection.test.ts
    Shot History

 RUNS  src/__tests__/services/SequentialShotDetection.test.ts
      ‚àö should maintain shot order (3126 ms)

 RUNS  src/__tests__/services/SequentialShotDetection.test.ts
      ‚àö should track current shot number correctly (3077 ms)

 RUNS  src/__tests__/services/SequentialShotDetection.test.ts
    Import/Export

 RUNS  src/__tests__/services/SequentialShotDetection.test.ts
      ‚àö should export session data (1848 ms)

 RUNS  src/__tests__/services/SequentialShotDetection.test.ts
      ‚àö should return null for non-existent session export (1 ms)

 RUNS  src/__tests__/services/SequentialShotDetection.test.ts
      ‚àö should import session data (2 ms)

 RUNS  src/__tests__/services/SequentialShotDetection.test.ts
    Singleton Instance

 RUNS  src/__tests__/services/SequentialShotDetection.test.ts
      ‚àö should provide singleton instance (2 ms)

 RUNS  src/__tests__/services/SequentialShotDetection.test.ts
      ‚àö should maintain state across singleton usage (1 ms)

 RUNS  src/__tests__/services/SequentialShotDetection.test.ts


 RUNS  src/__tests__/services/SequentialShotDetection.test.ts

 RUNS  src/__tests__/pages/LoginPage.test.tsx
 PASS  src/__tests__/pages/SimpleLoginPage.test.tsx

 RUNS  src/__tests__/pages/LoginPage.test.tsx
  Test Query Client Utilities

 RUNS  src/__tests__/pages/LoginPage.test.tsx
    ‚àö should create a test query client (4 ms)

 RUNS  src/__tests__/pages/LoginPage.test.tsx
    ‚àö should create mock fetch response (1 ms)

 RUNS  src/__tests__/pages/LoginPage.test.tsx
    ‚àö should create mock fetch error (10 ms)

 RUNS  src/__tests__/pages/LoginPage.test.tsx
    ‚àö should create a query wrapper (2 ms)

 RUNS  src/__tests__/pages/LoginPage.test.tsx
    ‚àö should create a wrapper with client (3 ms)

 RUNS  src/__tests__/pages/LoginPage.test.tsx
  SimpleLoginPage

 RUNS  src/__tests__/pages/LoginPage.test.tsx
    ‚àö renders without crashing (399 ms)

 RUNS  src/__tests__/pages/LoginPage.test.tsx
    ‚àö displays email and password input fields (55 ms)

 RUNS  src/__tests__/pages/LoginPage.test.tsx
    ‚àö displays error message when auth error occurs (42 ms)

 RUNS  src/__tests__/pages/LoginPage.test.tsx
    ‚àö redirects to demo page when user is already logged in (69 ms)

 RUNS  src/__tests__/pages/LoginPage.test.tsx
    ‚àö submits email login form with valid credentials (240 ms)

 RUNS  src/__tests__/pages/LoginPage.test.tsx
    ‚àö submits google login when clicked (127 ms)

 RUNS  src/__tests__/pages/LoginPage.test.tsx
    ‚àö does not submit form with empty email (99 ms)

 RUNS  src/__tests__/pages/LoginPage.test.tsx
    ‚àö does not submit form with empty password (109 ms)

 RUNS  src/__tests__/pages/LoginPage.test.tsx
    ‚àö has proper accessibility attributes (291 ms)

 RUNS  src/__tests__/pages/LoginPage.test.tsx
    ‚àö displays divider between login methods (37 ms)

 RUNS  src/__tests__/pages/LoginPage.test.tsx
    ‚àö has proper form validation attributes (37 ms)

 RUNS  src/__tests__/pages/LoginPage.test.tsx
    ‚àö displays Google icon in button (115 ms)

 RUNS  src/__tests__/pages/LoginPage.test.tsx
    ‚àö maintains responsive layout on different screen sizes (58 ms)

 RUNS  src/__tests__/pages/LoginPage.test.tsx


 RUNS  src/__tests__/pages/LoginPage.test.tsx

 RUNS  src/__tests__/integration/analysis-workflow.test.tsx
 PASS  src/__tests__/utils/test-query-client.ts

 RUNS  src/__tests__/integration/analysis-workflow.test.tsx
  Test Query Client Utilities

 RUNS  src/__tests__/integration/analysis-workflow.test.tsx
    ‚àö should create a test query client (9 ms)

 RUNS  src/__tests__/integration/analysis-workflow.test.tsx
    ‚àö should create mock fetch response (7 ms)

 RUNS  src/__tests__/integration/analysis-workflow.test.tsx
    ‚àö should create mock fetch error (2 ms)

 RUNS  src/__tests__/integration/analysis-workflow.test.tsx
    ‚àö should create a query wrapper (5 ms)

 RUNS  src/__tests__/integration/analysis-workflow.test.tsx
    ‚àö should create a wrapper with client (2 ms)

 RUNS  src/__tests__/integration/analysis-workflow.test.tsx


 RUNS  src/__tests__/integration/analysis-workflow.test.tsx

 RUNS  src/__tests__/integration/analysis-workflow.test.tsx
 PASS  src/__tests__/pages/SimpleDemoPage.test.tsx

 RUNS  src/__tests__/integration/analysis-workflow.test.tsx
  Test Query Client Utilities

 RUNS  src/__tests__/integration/analysis-workflow.test.tsx
    ‚àö should create a test query client (3 ms)

 RUNS  src/__tests__/integration/analysis-workflow.test.tsx
    ‚àö should create mock fetch response (2 ms)

 RUNS  src/__tests__/integration/analysis-workflow.test.tsx
    ‚àö should create mock fetch error (1 ms)

 RUNS  src/__tests__/integration/analysis-workflow.test.tsx
    ‚àö should create a query wrapper (1 ms)

 RUNS  src/__tests__/integration/analysis-workflow.test.tsx
    ‚àö should create a wrapper with client (1 ms)

 RUNS  src/__tests__/integration/analysis-workflow.test.tsx
  SimpleDemoPage

 RUNS  src/__tests__/integration/analysis-workflow.test.tsx
    ‚àö renders without crashing (67 ms)

 RUNS  src/__tests__/integration/analysis-workflow.test.tsx
    ‚àö displays start analysis button when not analyzing (41 ms)

 RUNS  src/__tests__/integration/analysis-workflow.test.tsx
    ‚àö displays stop analysis button when analyzing (30 ms)

 RUNS  src/__tests__/integration/analysis-workflow.test.tsx
    ‚àö displays no active feed when no current frame (29 ms)

 RUNS  src/__tests__/integration/analysis-workflow.test.tsx
    ‚àö displays current frame when available (38 ms)

 RUNS  src/__tests__/integration/analysis-workflow.test.tsx
    ‚àö displays shot overlays when shots are available (40 ms)

 RUNS  src/__tests__/integration/analysis-workflow.test.tsx
    ‚àö displays metrics when available (74 ms)

 RUNS  src/__tests__/integration/analysis-workflow.test.tsx
    ‚àö displays dash for metrics when not available (32 ms)

 RUNS  src/__tests__/integration/analysis-workflow.test.tsx
    ‚àö displays recent shots when available (52 ms)

 RUNS  src/__tests__/integration/analysis-workflow.test.tsx
    ‚àö displays no shots yet when no shots (34 ms)

 RUNS  src/__tests__/integration/analysis-workflow.test.tsx
    ‚àö calls startAnalysis when start button is clicked (55 ms)

 RUNS  src/__tests__/integration/analysis-workflow.test.tsx
    ‚àö calls stopAnalysis when stop button is clicked (65 ms)

 RUNS  src/__tests__/integration/analysis-workflow.test.tsx
    ‚àö calls signOut when sign out button is clicked (68 ms)

 RUNS  src/__tests__/integration/analysis-workflow.test.tsx
    ‚àö displays correct status when analyzing (61 ms)

 RUNS  src/__tests__/integration/analysis-workflow.test.tsx
    ‚àö displays correct status when stopped (49 ms)

 RUNS  src/__tests__/integration/analysis-workflow.test.tsx
    ‚àö displays correct shot count (40 ms)

 RUNS  src/__tests__/integration/analysis-workflow.test.tsx
    ‚àö creates a new session ID when none exists (26 ms)

 RUNS  src/__tests__/integration/analysis-workflow.test.tsx
    ‚àö uses existing session ID when one exists (30 ms)

 RUNS  src/__tests__/integration/analysis-workflow.test.tsx
    ‚àö has proper accessibility attributes (750 ms)

 RUNS  src/__tests__/integration/analysis-workflow.test.tsx
    ‚àö handles keyboard navigation (20 ms)

 RUNS  src/__tests__/integration/analysis-workflow.test.tsx
    ‚àö displays error when error occurs (37 ms)

 RUNS  src/__tests__/integration/analysis-workflow.test.tsx


 RUNS  src/__tests__/integration/analysis-workflow.test.tsx

 RUNS  src/__tests__/integration/analysis-workflow.test.tsx
  console.error
    An update to QRScanner inside a test was not wrapped in act(...).
    
    When testing, code that causes React state updates should be wrapped into act(...):
    
    act(() => {
      /* fire events that update state */
    });
    /* assert on the output */
    
    This ensures that you're testing the behavior the user would see in the browser. Learn more at https://react.dev/link/wrap-tests-with-act

      51 |           };
      52 |           onScan(mockResult);
    > 53 |           setIsScanning(false);
         |           ^
      54 |           
      55 |           // Stop camera stream
      56 |           if (stream) {

      at node_modules/react-dom/cjs/react-dom-client.development.js:18758:19
      at runWithFiberInDEV (node_modules/react-dom/cjs/react-dom-client.development.js:874:13) 
      at warnIfUpdatesNotWrappedWithActDEV (node_modules/react-dom/cjs/react-dom-client.development.js:18757:9)
      at scheduleUpdateOnFiber (node_modules/react-dom/cjs/react-dom-client.development.js:16409:11)
      at dispatchSetStateInternal (node_modules/react-dom/cjs/react-dom-client.development.js:9170:13)
      at dispatchSetState (node_modules/react-dom/cjs/react-dom-client.development.js:9127:7)  
      at src/components/QRScanner.tsx:53:11
      at src/__tests__/components/QRScanner.test.tsx:84:10
      at step (src/__tests__/components/QRScanner.test.tsx:33:23)
      at Object.next (src/__tests__/components/QRScanner.test.tsx:14:53)
      at fulfilled (src/__tests__/components/QRScanner.test.tsx:5:58)


 RUNS  src/__tests__/integration/analysis-workflow.test.tsx

 RUNS  src/__tests__/integration/analysis-workflow.test.tsx
  console.error
    An update to QRScanner inside a test was not wrapped in act(...).
    
    When testing, code that causes React state updates should be wrapped into act(...):
    
    act(() => {
      /* fire events that update state */
    });
    /* assert on the output */
    
    This ensures that you're testing the behavior the user would see in the browser. Learn more at https://react.dev/link/wrap-tests-with-act

      51 |           };
      52 |           onScan(mockResult);
    > 53 |           setIsScanning(false);
         |           ^
      54 |           
      55 |           // Stop camera stream
      56 |           if (stream) {

      at node_modules/react-dom/cjs/react-dom-client.development.js:18758:19
      at runWithFiberInDEV (node_modules/react-dom/cjs/react-dom-client.development.js:874:13) 
      at warnIfUpdatesNotWrappedWithActDEV (node_modules/react-dom/cjs/react-dom-client.development.js:18757:9)
      at scheduleUpdateOnFiber (node_modules/react-dom/cjs/react-dom-client.development.js:16409:11)
      at dispatchSetStateInternal (node_modules/react-dom/cjs/react-dom-client.development.js:9170:13)
      at dispatchSetState (node_modules/react-dom/cjs/react-dom-client.development.js:9127:7)  
      at src/components/QRScanner.tsx:53:11
      at src/__tests__/components/QRScanner.test.tsx:122:10
      at step (src/__tests__/components/QRScanner.test.tsx:33:23)
      at Object.next (src/__tests__/components/QRScanner.test.tsx:14:53)
      at fulfilled (src/__tests__/components/QRScanner.test.tsx:5:58)

  console.error
    An update to QRScanner inside a test was not wrapped in act(...).

    When testing, code that causes React state updates should be wrapped into act(...):        

    act(() => {
      /* fire events that update state */
    });
    /* assert on the output */

    This ensures that you're testing the behavior the user would see in the browser. Learn more at https://react.dev/link/wrap-tests-with-act

      51 |           };
      52 |           onScan(mockResult);
    > 53 |           setIsScanning(false);
         |           ^
      54 |           
      55 |           // Stop camera stream
      56 |           if (stream) {

      at node_modules/react-dom/cjs/react-dom-client.development.js:18758:19
      at runWithFiberInDEV (node_modules/react-dom/cjs/react-dom-client.development.js:874:13) 
      at warnIfUpdatesNotWrappedWithActDEV (node_modules/react-dom/cjs/react-dom-client.development.js:18757:9)
      at scheduleUpdateOnFiber (node_modules/react-dom/cjs/react-dom-client.development.js:16409:11)
      at dispatchSetStateInternal (node_modules/react-dom/cjs/react-dom-client.development.js:9170:13)
      at dispatchSetState (node_modules/react-dom/cjs/react-dom-client.development.js:9127:7)  
      at src/components/QRScanner.tsx:53:11
      at src/__tests__/components/QRScanner.test.tsx:148:10
      at step (src/__tests__/components/QRScanner.test.tsx:33:23)
      at Object.next (src/__tests__/components/QRScanner.test.tsx:14:53)
      at fulfilled (src/__tests__/components/QRScanner.test.tsx:5:58)


 RUNS  src/__tests__/integration/analysis-workflow.test.tsx
 PASS  src/__tests__/components/QRScanner.test.tsx

 RUNS  src/__tests__/integration/analysis-workflow.test.tsx
  QRScanner Component

 RUNS  src/__tests__/integration/analysis-workflow.test.tsx
    ‚àö renders QR scanner interface (107 ms)

 RUNS  src/__tests__/integration/analysis-workflow.test.tsx
    ‚àö shows scanning state when camera access is granted (54 ms)

 RUNS  src/__tests__/integration/analysis-workflow.test.tsx
    ‚àö shows camera not available when camera access fails (70 ms)

 RUNS  src/__tests__/integration/analysis-workflow.test.tsx
    ‚àö automatically starts scanning when component mounts (40 ms)

 RUNS  src/__tests__/integration/analysis-workflow.test.tsx
    ‚àö simulates QR code detection after 2 seconds (100 ms)

 RUNS  src/__tests__/integration/analysis-workflow.test.tsx
    ‚àö calls onClose when cancel button is clicked (61 ms)

 RUNS  src/__tests__/integration/analysis-workflow.test.tsx
    ‚àö handles successful QR code scan and stops scanning (117 ms)

 RUNS  src/__tests__/integration/analysis-workflow.test.tsx
    ‚àö handles invalid QR code data gracefully (51 ms)

 RUNS  src/__tests__/integration/analysis-workflow.test.tsx
    ‚àö cleans up camera on unmount (44 ms)

 RUNS  src/__tests__/integration/analysis-workflow.test.tsx


 RUNS  src/__tests__/integration/analysis-workflow.test.tsx

 RUNS  src/__tests__/integration/analysis-workflow.test.tsx
 PASS  src/__tests__/components/ui/label.test.tsx

 RUNS  src/__tests__/integration/analysis-workflow.test.tsx
  Label Component

 RUNS  src/__tests__/integration/analysis-workflow.test.tsx
    ‚àö renders with default props (40 ms)

 RUNS  src/__tests__/integration/analysis-workflow.test.tsx
    ‚àö renders with custom className (11 ms)

 RUNS  src/__tests__/integration/analysis-workflow.test.tsx
    ‚àö renders with htmlFor attribute (5 ms)

 RUNS  src/__tests__/integration/analysis-workflow.test.tsx
    ‚àö renders with id attribute (6 ms)

 RUNS  src/__tests__/integration/analysis-workflow.test.tsx
    ‚àö renders with form attribute (7 ms)

 RUNS  src/__tests__/integration/analysis-workflow.test.tsx
    ‚àö forwards ref correctly (5 ms)

 RUNS  src/__tests__/integration/analysis-workflow.test.tsx
    ‚àö handles click event (97 ms)

 RUNS  src/__tests__/integration/analysis-workflow.test.tsx
    ‚àö handles children as ReactNode (28 ms)

 RUNS  src/__tests__/integration/analysis-workflow.test.tsx
    ‚àö renders with aria attributes (9 ms)

 RUNS  src/__tests__/integration/analysis-workflow.test.tsx
    ‚àö renders with data attributes (11 ms)

 RUNS  src/__tests__/integration/analysis-workflow.test.tsx
    ‚àö renders with disabled state (5 ms)

 RUNS  src/__tests__/integration/analysis-workflow.test.tsx
    ‚àö associates with input correctly (32 ms)

 RUNS  src/__tests__/integration/analysis-workflow.test.tsx
    ‚àö handles click on associated input (197 ms)

 RUNS  src/__tests__/integration/analysis-workflow.test.tsx
    ‚àö renders with inline styles (74 ms)

 RUNS  src/__tests__/integration/analysis-workflow.test.tsx
    ‚àö renders with title attribute (6 ms)

 RUNS  src/__tests__/integration/analysis-workflow.test.tsx
    ‚àö renders with tabIndex (6 ms)

 RUNS  src/__tests__/integration/analysis-workflow.test.tsx
    ‚àö renders with custom HTML attributes (5 ms)

 RUNS  src/__tests__/integration/analysis-workflow.test.tsx
    ‚àö handles keyboard events (243 ms)

 RUNS  src/__tests__/integration/analysis-workflow.test.tsx
    ‚àö renders with different text content types (25 ms)

 RUNS  src/__tests__/integration/analysis-workflow.test.tsx
    ‚àö applies peer disabled styles correctly (38 ms)

 RUNS  src/__tests__/integration/analysis-workflow.test.tsx


 RUNS  src/__tests__/integration/analysis-workflow.test.tsx

 RUNS  src/__tests__/integration/analysis-workflow.test.tsx
 PASS  src/__tests__/integration/analysis-workflow.test.tsx

 RUNS  src/__tests__/integration/analysis-workflow.test.tsx
  Analysis Workflow Integration Tests

 RUNS  src/__tests__/integration/analysis-workflow.test.tsx
    Complete Analysis Workflow

 RUNS  src/__tests__/integration/analysis-workflow.test.tsx
      ‚àö should complete full video analysis workflow (71 ms)

 RUNS  src/__tests__/integration/analysis-workflow.test.tsx
      ‚àö should handle analysis workflow errors gracefully (102 ms)

 RUNS  src/__tests__/integration/analysis-workflow.test.tsx
    Camera Analysis Workflow

 RUNS  src/__tests__/integration/analysis-workflow.test.tsx
      ‚àö should complete full camera analysis workflow (36 ms)

 RUNS  src/__tests__/integration/analysis-workflow.test.tsx
      ‚àö should handle camera analysis errors gracefully (43 ms)

 RUNS  src/__tests__/integration/analysis-workflow.test.tsx
    Data Persistence

 RUNS  src/__tests__/integration/analysis-workflow.test.tsx
      ‚àö should save analysis results to Supabase (33 ms)

 RUNS  src/__tests__/integration/analysis-workflow.test.tsx
    Real-time Updates

 RUNS  src/__tests__/integration/analysis-workflow.test.tsx
      ‚àö should handle real-time frame updates (35 ms)

 RUNS  src/__tests__/integration/analysis-workflow.test.tsx


 RUNS  src/__tests__/integration/analysis-workflow.test.tsx

 RUNS  src/__tests__/pages/LoginPage.test.tsx
 PASS  src/__tests__/components/PerformanceChart.test.tsx

 RUNS  src/__tests__/pages/LoginPage.test.tsx
  PerformanceChart

 RUNS  src/__tests__/pages/LoginPage.test.tsx
    ‚àö renders without crashing (62 ms)

 RUNS  src/__tests__/pages/LoginPage.test.tsx
    ‚àö displays custom title when provided (32 ms)

 RUNS  src/__tests__/pages/LoginPage.test.tsx
    ‚àö displays performance metrics when data is provided (25 ms)

 RUNS  src/__tests__/pages/LoginPage.test.tsx
    ‚àö displays zero values when no data is provided (36 ms)

 RUNS  src/__tests__/pages/LoginPage.test.tsx
    ‚àö displays metric labels (45 ms)

 RUNS  src/__tests__/pages/LoginPage.test.tsx
    ‚àö displays card description (27 ms)

 RUNS  src/__tests__/pages/LoginPage.test.tsx
    ‚àö renders canvas element (35 ms)

 RUNS  src/__tests__/pages/LoginPage.test.tsx
    ‚àö applies custom height when provided (45 ms)

 RUNS  src/__tests__/pages/LoginPage.test.tsx
    ‚àö uses default height when not provided (39 ms)

 RUNS  src/__tests__/pages/LoginPage.test.tsx
    ‚àö displays trend indicators when data shows improvement (25 ms)

 RUNS  src/__tests__/pages/LoginPage.test.tsx
    ‚àö displays trend indicators when data shows decline (18 ms)

 RUNS  src/__tests__/pages/LoginPage.test.tsx
    ‚àö displays stable trend when data is stable (51 ms)

 RUNS  src/__tests__/pages/LoginPage.test.tsx
    ‚àö handles single data point (35 ms)

 RUNS  src/__tests__/pages/LoginPage.test.tsx
    ‚àö handles empty data array (42 ms)

 RUNS  src/__tests__/pages/LoginPage.test.tsx
    ‚àö formats numbers correctly (33 ms)

 RUNS  src/__tests__/pages/LoginPage.test.tsx


 RUNS  src/__tests__/pages/LoginPage.test.tsx

 RUNS  src/__tests__/components/ui/alert.test.tsx

 RUNS  src/__tests__/components/ui/alert.test.tsx
 PASS  src/__tests__/components/ui/separator.test.tsx

 RUNS  src/__tests__/components/ui/alert.test.tsx
  Separator Component

 RUNS  src/__tests__/components/ui/alert.test.tsx
    Horizontal Separator

 RUNS  src/__tests__/components/ui/alert.test.tsx
      ‚àö renders horizontal separator by default (103 ms)

 RUNS  src/__tests__/components/ui/alert.test.tsx
      ‚àö applies horizontal styles (6 ms)

 RUNS  src/__tests__/components/ui/alert.test.tsx
      ‚àö applies custom className (38 ms)

 RUNS  src/__tests__/components/ui/alert.test.tsx
      ‚àö is decorative by default (6 ms)

 RUNS  src/__tests__/components/ui/alert.test.tsx
    Vertical Separator

 RUNS  src/__tests__/components/ui/alert.test.tsx
      ‚àö renders vertical separator when orientation is vertical (6 ms)

 RUNS  src/__tests__/components/ui/alert.test.tsx
      ‚àö applies vertical styles (5 ms)

 RUNS  src/__tests__/components/ui/alert.test.tsx
      ‚àö applies custom className with vertical orientation (7 ms)

 RUNS  src/__tests__/components/ui/alert.test.tsx
    Decorative Property

 RUNS  src/__tests__/components/ui/alert.test.tsx
      ‚àö is decorative when decorative prop is true (6 ms)

 RUNS  src/__tests__/components/ui/alert.test.tsx
      ‚àö is decorative when decorative prop is not specified (default) (4 ms)

 RUNS  src/__tests__/components/ui/alert.test.tsx
      ‚àö is not decorative when decorative prop is false (22 ms)

 RUNS  src/__tests__/components/ui/alert.test.tsx
    Accessibility

 RUNS  src/__tests__/components/ui/alert.test.tsx
      ‚àö has proper role attribute (76 ms)

 RUNS  src/__tests__/components/ui/alert.test.tsx
      ‚àö has correct aria-orientation for horizontal (5 ms)

 RUNS  src/__tests__/components/ui/alert.test.tsx
      ‚àö has correct aria-orientation for vertical (17 ms)

 RUNS  src/__tests__/components/ui/alert.test.tsx
      ‚àö has aria-hidden when decorative (20 ms)

 RUNS  src/__tests__/components/ui/alert.test.tsx
      ‚àö does not have aria-hidden when not decorative (19 ms)

 RUNS  src/__tests__/components/ui/alert.test.tsx
    Styling Variations

 RUNS  src/__tests__/components/ui/alert.test.tsx
      ‚àö applies multiple custom classes (7 ms)

 RUNS  src/__tests__/components/ui/alert.test.tsx
      ‚àö combines default classes with custom classes (5 ms)

 RUNS  src/__tests__/components/ui/alert.test.tsx
      ‚àö combines vertical default classes with custom classes (14 ms)

 RUNS  src/__tests__/components/ui/alert.test.tsx
    Data Attributes

 RUNS  src/__tests__/components/ui/alert.test.tsx
      ‚àö supports custom data attributes (8 ms)

 RUNS  src/__tests__/components/ui/alert.test.tsx
      ‚àö supports multiple data attributes (6 ms)

 RUNS  src/__tests__/components/ui/alert.test.tsx
    Forward Ref

 RUNS  src/__tests__/components/ui/alert.test.tsx
      ‚àö forwards ref correctly (15 ms)

 RUNS  src/__tests__/components/ui/alert.test.tsx
      ‚àö ref has correct element type (11 ms)

 RUNS  src/__tests__/components/ui/alert.test.tsx
    Layout Context

 RUNS  src/__tests__/components/ui/alert.test.tsx
      ‚àö works in flex container horizontally (13 ms)

 RUNS  src/__tests__/components/ui/alert.test.tsx
      ‚àö works in flex container vertically (15 ms)

 RUNS  src/__tests__/components/ui/alert.test.tsx
    Edge Cases

 RUNS  src/__tests__/components/ui/alert.test.tsx
      ‚àö handles empty className (16 ms)

 RUNS  src/__tests__/components/ui/alert.test.tsx
      ‚àö handles undefined className (5 ms)

 RUNS  src/__tests__/components/ui/alert.test.tsx
      ‚àö handles explicit horizontal orientation (5 ms)

 RUNS  src/__tests__/components/ui/alert.test.tsx


 RUNS  src/__tests__/components/ui/alert.test.tsx

 RUNS  src/__tests__/components/ui/alert.test.tsx
 PASS  src/__tests__/components/ParticleEffects.test.tsx

 RUNS  src/__tests__/components/ui/alert.test.tsx
  ParticleEffects Component

 RUNS  src/__tests__/components/ui/alert.test.tsx
    ‚àö renders without crashing (91 ms)

 RUNS  src/__tests__/components/ui/alert.test.tsx
    ‚àö renders canvas element (22 ms)

 RUNS  src/__tests__/components/ui/alert.test.tsx
    ‚àö handles shot trigger (22 ms)

 RUNS  src/__tests__/components/ui/alert.test.tsx
    ‚àö handles bullseye trigger (23 ms)

 RUNS  src/__tests__/components/ui/alert.test.tsx
    ‚àö handles analysis trigger (32 ms)

 RUNS  src/__tests__/components/ui/alert.test.tsx
    ‚àö handles custom position (22 ms)

 RUNS  src/__tests__/components/ui/alert.test.tsx
    ‚àö handles custom score (17 ms)

 RUNS  src/__tests__/components/ui/alert.test.tsx
    ‚àö handles default props (63 ms)

 RUNS  src/__tests__/components/ui/alert.test.tsx
    ‚àö has proper styling (27 ms)

 RUNS  src/__tests__/components/ui/alert.test.tsx
    ‚àö has proper blend mode (61 ms)

 RUNS  src/__tests__/components/ui/alert.test.tsx
    ‚àö handles cleanup on unmount (18 ms)

 RUNS  src/__tests__/components/ui/alert.test.tsx
    ‚àö handles multiple triggers (34 ms)

 RUNS  src/__tests__/components/ui/alert.test.tsx
    ‚àö handles null trigger (15 ms)

 RUNS  src/__tests__/components/ui/alert.test.tsx


 RUNS  src/__tests__/components/ui/alert.test.tsx

 RUNS  src/__tests__/components/ui/alert.test.tsx
 PASS  src/__tests__/services/GeometricScoring.test.ts

 RUNS  src/__tests__/components/ui/alert.test.tsx
  GeometricScoring Service

 RUNS  src/__tests__/components/ui/alert.test.tsx
    Basic Shot Analysis

 RUNS  src/__tests__/components/ui/alert.test.tsx
      ‚àö should analyze a perfect bullseye shot correctly (6 ms)

 RUNS  src/__tests__/components/ui/alert.test.tsx
      ‚àö should analyze an inner ring shot correctly (6 ms)

 RUNS  src/__tests__/components/ui/alert.test.tsx
      ‚àö should analyze a middle ring shot correctly (5 ms)

 RUNS  src/__tests__/components/ui/alert.test.tsx
      ‚àö should analyze an outer ring shot correctly (62 ms)

 RUNS  src/__tests__/components/ui/alert.test.tsx
      ‚àö should analyze a miss correctly (5 ms)

 RUNS  src/__tests__/components/ui/alert.test.tsx
      ‚àö should calculate angle from center correctly (1 ms)

 RUNS  src/__tests__/components/ui/alert.test.tsx
      ‚àö should calculate angle for diagonal shots correctly (2 ms)

 RUNS  src/__tests__/components/ui/alert.test.tsx
    Perspective Correction

 RUNS  src/__tests__/components/ui/alert.test.tsx
      ‚àö should apply perspective correction for angled camera (1 ms)

 RUNS  src/__tests__/components/ui/alert.test.tsx
      ‚àö should apply lens distortion correction (2 ms)

 RUNS  src/__tests__/components/ui/alert.test.tsx
    Distance Compensation

 RUNS  src/__tests__/components/ui/alert.test.tsx
      ‚àö should apply distance compensation for different target distances (3 ms)

 RUNS  src/__tests__/components/ui/alert.test.tsx
    Session Statistics

 RUNS  src/__tests__/components/ui/alert.test.tsx
      ‚àö should calculate session statistics for multiple shots (5 ms)

 RUNS  src/__tests__/components/ui/alert.test.tsx
      ‚àö should handle empty session statistics (5 ms)

 RUNS  src/__tests__/components/ui/alert.test.tsx
      ‚àö should calculate precision metrics (3 ms)

 RUNS  src/__tests__/components/ui/alert.test.tsx
      ‚àö should detect shooting trends (3 ms)

 RUNS  src/__tests__/components/ui/alert.test.tsx
      ‚àö should calculate grouping metrics (2 ms)

 RUNS  src/__tests__/components/ui/alert.test.tsx
    Shot Pattern Visualization

 RUNS  src/__tests__/components/ui/alert.test.tsx
      ‚àö should generate shot pattern visualization (4 ms)

 RUNS  src/__tests__/components/ui/alert.test.tsx
      ‚àö should handle empty shot pattern visualization (2 ms)

 RUNS  src/__tests__/components/ui/alert.test.tsx
    Personalized Recommendations

 RUNS  src/__tests__/components/ui/alert.test.tsx
      ‚àö should generate recommendations for high scores (4 ms)

 RUNS  src/__tests__/components/ui/alert.test.tsx
      ‚àö should generate recommendations for low scores (2 ms)

 RUNS  src/__tests__/components/ui/alert.test.tsx
      ‚àö should generate recommendations for inconsistent shooting (3 ms)

 RUNS  src/__tests__/components/ui/alert.test.tsx
      ‚àö should generate recommendations for grouping issues (1 ms)

 RUNS  src/__tests__/components/ui/alert.test.tsx
    Advanced Scoring Methods

 RUNS  src/__tests__/components/ui/alert.test.tsx
      ‚àö should handle different target types (1 ms)

 RUNS  src/__tests__/components/ui/alert.test.tsx
      ‚àö should handle competition scoring zones (2 ms)

 RUNS  src/__tests__/components/ui/alert.test.tsx
    Error Handling

 RUNS  src/__tests__/components/ui/alert.test.tsx
      ‚àö should handle invalid coordinates gracefully (1 ms)

 RUNS  src/__tests__/components/ui/alert.test.tsx
      ‚àö should handle missing target configuration (13 ms)

 RUNS  src/__tests__/components/ui/alert.test.tsx
      ‚àö should handle empty scoring zones (1 ms)

 RUNS  src/__tests__/components/ui/alert.test.tsx
    Performance Analysis

 RUNS  src/__tests__/components/ui/alert.test.tsx
      ‚àö should analyze shot consistency over time (6 ms)

 RUNS  src/__tests__/components/ui/alert.test.tsx
      ‚àö should calculate shot distribution (5 ms)

 RUNS  src/__tests__/components/ui/alert.test.tsx


 RUNS  src/__tests__/components/ui/alert.test.tsx

 RUNS  src/__tests__/components/ui/alert.test.tsx
 PASS  src/__tests__/components/ui/alert.test.tsx

 RUNS  src/__tests__/components/ui/alert.test.tsx
  Alert Components

 RUNS  src/__tests__/components/ui/alert.test.tsx
    Alert

 RUNS  src/__tests__/components/ui/alert.test.tsx
      ‚àö renders with default variant (47 ms)

 RUNS  src/__tests__/components/ui/alert.test.tsx
      ‚àö renders with destructive variant (22 ms)

 RUNS  src/__tests__/components/ui/alert.test.tsx
      ‚àö applies custom className (15 ms)

 RUNS  src/__tests__/components/ui/alert.test.tsx
      ‚àö forwards ref correctly (5 ms)

 RUNS  src/__tests__/components/ui/alert.test.tsx
      ‚àö renders children correctly (10 ms)

 RUNS  src/__tests__/components/ui/alert.test.tsx
    AlertTitle

 RUNS  src/__tests__/components/ui/alert.test.tsx
      ‚àö renders title text (21 ms)

 RUNS  src/__tests__/components/ui/alert.test.tsx
      ‚àö applies custom className (35 ms)

 RUNS  src/__tests__/components/ui/alert.test.tsx
      ‚àö forwards ref correctly (9 ms)

 RUNS  src/__tests__/components/ui/alert.test.tsx
    AlertDescription

 RUNS  src/__tests__/components/ui/alert.test.tsx
      ‚àö renders description text (8 ms)

 RUNS  src/__tests__/components/ui/alert.test.tsx
      ‚àö applies custom className (5 ms)

 RUNS  src/__tests__/components/ui/alert.test.tsx
      ‚àö forwards ref correctly (17 ms)

 RUNS  src/__tests__/components/ui/alert.test.tsx
    Combined Alert Components

 RUNS  src/__tests__/components/ui/alert.test.tsx
      ‚àö renders complete alert with title and description (28 ms)

 RUNS  src/__tests__/components/ui/alert.test.tsx
      ‚àö renders destructive alert with title and description (13 ms)

 RUNS  src/__tests__/components/ui/alert.test.tsx
      ‚àö renders alert with complex content (33 ms)

 RUNS  src/__tests__/components/ui/alert.test.tsx


 RUNS  src/__tests__/components/ui/alert.test.tsx

 RUNS  src/__tests__/pages/LoginPage.test.tsx
  console.error
    An update to Input inside a test was not wrapped in act(...).

    When testing, code that causes React state updates should be wrapped into act(...):        

    act(() => {
      /* fire events that update state */
    });
    /* assert on the output */

    This ensures that you're testing the behavior the user would see in the browser. Learn more at https://react.dev/link/wrap-tests-with-act

      42 |             )}
      43 |             ref={ref}
    > 44 |             onFocus={() => setIsFocused(true)}
         |                            ^
      45 |             onBlur={() => setIsFocused(false)}
      46 |             whileFocus={{ scale: 1.02 }}
      47 |             whileTap={{ scale: 0.98 }}

      at node_modules/react-dom/cjs/react-dom-client.development.js:18758:19
      at runWithFiberInDEV (node_modules/react-dom/cjs/react-dom-client.development.js:874:13) 
      at warnIfUpdatesNotWrappedWithActDEV (node_modules/react-dom/cjs/react-dom-client.development.js:18757:9)
      at scheduleUpdateOnFiber (node_modules/react-dom/cjs/react-dom-client.development.js:16409:11)
      at dispatchSetStateInternal (node_modules/react-dom/cjs/react-dom-client.development.js:9170:13)
      at dispatchSetState (node_modules/react-dom/cjs/react-dom-client.development.js:9127:7)  
      at onFocus (src/components/ui/input.tsx:44:28)
      at executeDispatch (node_modules/react-dom/cjs/react-dom-client.development.js:19116:9)  
      at runWithFiberInDEV (node_modules/react-dom/cjs/react-dom-client.development.js:874:13) 
      at processDispatchQueue (node_modules/react-dom/cjs/react-dom-client.development.js:19166:19)
      at node_modules/react-dom/cjs/react-dom-client.development.js:19767:9
      at batchedUpdates$1 (node_modules/react-dom/cjs/react-dom-client.development.js:3255:40) 
      at dispatchEventForPluginEventSystem (node_modules/react-dom/cjs/react-dom-client.development.js:19320:7)
      at dispatchEvent (node_modules/react-dom/cjs/react-dom-client.development.js:23585:11)   
      at dispatchDiscreteEvent (node_modules/react-dom/cjs/react-dom-client.development.js:23553:11)
      at HTMLDivElement.callTheUserObjectsOperation (node_modules/jsdom/lib/jsdom/living/generated/EventListener.js:26:30)
      at innerInvokeEventListeners (node_modules/jsdom/lib/jsdom/living/events/EventTarget-impl.js:350:25)
      at invokeEventListeners (node_modules/jsdom/lib/jsdom/living/events/EventTarget-impl.js:286:3)
      at HTMLInputElementImpl._dispatch (node_modules/jsdom/lib/jsdom/living/events/EventTarget-impl.js:233:9)
      at Object.exports.fireFocusEventWithTargetAdjustment (node_modules/jsdom/lib/jsdom/living/helpers/focusing.js:103:10)
      at HTMLInputElementImpl.focus (node_modules/jsdom/lib/jsdom/living/nodes/HTMLOrSVGElement-impl.js:69:14)
      at HTMLInputElement.focus (node_modules/jsdom/lib/jsdom/living/generated/HTMLElement.js:117:34)
      at src/__tests__/pages/LoginPage.test.tsx:715:18
      at step (src/__tests__/pages/LoginPage.test.tsx:44:23)
      at Object.next (src/__tests__/pages/LoginPage.test.tsx:25:53)
      at src/__tests__/pages/LoginPage.test.tsx:19:71
      at __awaiter (src/__tests__/pages/LoginPage.test.tsx:15:12)
      at Object.<anonymous> (src/__tests__/pages/LoginPage.test.tsx:704:46)


 RUNS  src/__tests__/pages/LoginPage.test.tsx
 PASS  src/__tests__/hooks/useAuth.test.tsx

 RUNS  src/__tests__/pages/LoginPage.test.tsx
  useAuth Hook

 RUNS  src/__tests__/pages/LoginPage.test.tsx
    Initial State

 RUNS  src/__tests__/pages/LoginPage.test.tsx
      ‚àö initializes with correct default state (53 ms)

 RUNS  src/__tests__/pages/LoginPage.test.tsx
      ‚àö provides all required functions (7 ms)

 RUNS  src/__tests__/pages/LoginPage.test.tsx
      ‚àö throws error when used without AuthProvider (117 ms)

 RUNS  src/__tests__/pages/LoginPage.test.tsx
    Google Sign In

 RUNS  src/__tests__/pages/LoginPage.test.tsx
      ‚àö signs in with Google successfully (15 ms)

 RUNS  src/__tests__/pages/LoginPage.test.tsx
      ‚àö handles Google sign in error (40 ms)

 RUNS  src/__tests__/pages/LoginPage.test.tsx
    Email Sign In

 RUNS  src/__tests__/pages/LoginPage.test.tsx
      ‚àö signs in with email successfully (9 ms)

 RUNS  src/__tests__/pages/LoginPage.test.tsx
      ‚àö handles user not found error (14 ms)

 RUNS  src/__tests__/pages/LoginPage.test.tsx
      ‚àö handles wrong password error (19 ms)

 RUNS  src/__tests__/pages/LoginPage.test.tsx
      ‚àö handles invalid email error (17 ms)

 RUNS  src/__tests__/pages/LoginPage.test.tsx
      ‚àö handles too many requests error (8 ms)

 RUNS  src/__tests__/pages/LoginPage.test.tsx
    Email Sign Up

 RUNS  src/__tests__/pages/LoginPage.test.tsx
      ‚àö signs up with email successfully (8 ms)

 RUNS  src/__tests__/pages/LoginPage.test.tsx
      ‚àö signs up without name successfully (8 ms)

 RUNS  src/__tests__/pages/LoginPage.test.tsx
      ‚àö handles email already in use error (7 ms)

 RUNS  src/__tests__/pages/LoginPage.test.tsx
      ‚àö handles weak password error (6 ms)

 RUNS  src/__tests__/pages/LoginPage.test.tsx
      ‚àö handles operation not allowed error (7 ms)

 RUNS  src/__tests__/pages/LoginPage.test.tsx
    Sign Out

 RUNS  src/__tests__/pages/LoginPage.test.tsx
      ‚àö signs out successfully (10 ms)

 RUNS  src/__tests__/pages/LoginPage.test.tsx
      ‚àö handles sign out error (15 ms)

 RUNS  src/__tests__/pages/LoginPage.test.tsx
    Clear Error

 RUNS  src/__tests__/pages/LoginPage.test.tsx
      ‚àö clears error state (24 ms)

 RUNS  src/__tests__/pages/LoginPage.test.tsx
    User Sync with Supabase

 RUNS  src/__tests__/pages/LoginPage.test.tsx
      ‚àö creates new user in Supabase when not exists (8 ms)

 RUNS  src/__tests__/pages/LoginPage.test.tsx
      ‚àö updates existing user in Supabase (31 ms)

 RUNS  src/__tests__/pages/LoginPage.test.tsx
      ‚àö handles Supabase sync error gracefully (10 ms)

 RUNS  src/__tests__/pages/LoginPage.test.tsx
    Auth State Changes

 RUNS  src/__tests__/pages/LoginPage.test.tsx
      ‚àö handles auth state change on mount (12 ms)

 RUNS  src/__tests__/pages/LoginPage.test.tsx
      ‚àö handles current user on mount (7 ms)

 RUNS  src/__tests__/pages/LoginPage.test.tsx
      ‚àö handles sign out through auth state change (15 ms)

 RUNS  src/__tests__/pages/LoginPage.test.tsx


 RUNS  src/__tests__/pages/LoginPage.test.tsx

 RUNS  src/__tests__/api/supabase.test.ts
 PASS  src/__tests__/pages/LoginPage.test.tsx (19.647 s)

 RUNS  src/__tests__/api/supabase.test.ts
  LoginPage

 RUNS  src/__tests__/api/supabase.test.ts
    Initial Render

 RUNS  src/__tests__/api/supabase.test.ts
      ‚àö should render login form by default (1183 ms)

 RUNS  src/__tests__/api/supabase.test.ts
      ‚àö should render signup form when toggled (403 ms)

 RUNS  src/__tests__/api/supabase.test.ts
      ‚àö should detect Chrome browser (201 ms)

 RUNS  src/__tests__/api/supabase.test.ts
      ‚àö should detect Safari browser (168 ms)

 RUNS  src/__tests__/api/supabase.test.ts
      ‚àö should detect Firefox browser (172 ms)

 RUNS  src/__tests__/api/supabase.test.ts
      ‚àö should detect Edge browser (191 ms)

 RUNS  src/__tests__/api/supabase.test.ts
      ‚àö should handle unknown browser (162 ms)

 RUNS  src/__tests__/api/supabase.test.ts
    Form Validation

 RUNS  src/__tests__/api/supabase.test.ts
      ‚àö should validate email field (498 ms)

 RUNS  src/__tests__/api/supabase.test.ts
      ‚àö should validate password field (560 ms)

 RUNS  src/__tests__/api/supabase.test.ts
      ‚àö should validate full name field in signup mode (628 ms)

 RUNS  src/__tests__/api/supabase.test.ts
      ‚àö should validate password confirmation in signup mode (965 ms)

 RUNS  src/__tests__/api/supabase.test.ts
      ‚àö should clear field errors when user starts typing (646 ms)

 RUNS  src/__tests__/api/supabase.test.ts
    Form Submission

 RUNS  src/__tests__/api/supabase.test.ts
      ‚àö should call signInWithEmail for login form (518 ms)

 RUNS  src/__tests__/api/supabase.test.ts
      ‚àö should call signUpWithEmail for signup form (792 ms)

 RUNS  src/__tests__/api/supabase.test.ts
      ‚àö should show success message after successful signup (1015 ms)

 RUNS  src/__tests__/api/supabase.test.ts
      ‚àö should switch back to login form after successful signup (1645 ms)

 RUNS  src/__tests__/api/supabase.test.ts
      ‚àö should handle authentication errors (204 ms)

 RUNS  src/__tests__/api/supabase.test.ts
    Password Visibility Toggle

 RUNS  src/__tests__/api/supabase.test.ts
      ‚àö should toggle password visibility (456 ms)

 RUNS  src/__tests__/api/supabase.test.ts
    Demo Account

 RUNS  src/__tests__/api/supabase.test.ts
      ‚àö should fill form with demo credentials (454 ms)

 RUNS  src/__tests__/api/supabase.test.ts
      ‚àö should switch to login mode when demo account is used (593 ms)

 RUNS  src/__tests__/api/supabase.test.ts
    Login/Signup Toggle

 RUNS  src/__tests__/api/supabase.test.ts
      ‚àö should switch to signup mode (284 ms)

 RUNS  src/__tests__/api/supabase.test.ts
      ‚àö should switch to login mode (641 ms)

 RUNS  src/__tests__/api/supabase.test.ts
      ‚àö should clear form data when switching modes (553 ms)

 RUNS  src/__tests__/api/supabase.test.ts
    Loading States

 RUNS  src/__tests__/api/supabase.test.ts
      ‚àö should show loading state during form submission (493 ms)

 RUNS  src/__tests__/api/supabase.test.ts
      ‚àö should show loading state during signup (415 ms)

 RUNS  src/__tests__/api/supabase.test.ts
    Redirect Logic

 RUNS  src/__tests__/api/supabase.test.ts
      ‚àö should redirect to demo page if user is already logged in (257 ms)

 RUNS  src/__tests__/api/supabase.test.ts
      ‚àö should not redirect if user is not logged in (242 ms)

 RUNS  src/__tests__/api/supabase.test.ts
      ‚àö should not redirect if still loading (197 ms)

 RUNS  src/__tests__/api/supabase.test.ts
    Accessibility

 RUNS  src/__tests__/api/supabase.test.ts
      ‚àö should have proper ARIA labels (389 ms)

 RUNS  src/__tests__/api/supabase.test.ts
      ‚àö should support keyboard navigation (639 ms)

 RUNS  src/__tests__/api/supabase.test.ts


 RUNS  src/__tests__/api/supabase.test.ts

 RUNS  src/__tests__/api/supabase.test.ts
 PASS  src/__tests__/utils/auth-flow-utils.ts

 RUNS  src/__tests__/api/supabase.test.ts
  Auth Flow Utils

 RUNS  src/__tests__/api/supabase.test.ts
    ‚àö should export test functions (11 ms)

 RUNS  src/__tests__/api/supabase.test.ts
    ‚àö should have proper function signatures (2 ms)

 RUNS  src/__tests__/api/supabase.test.ts


 RUNS  src/__tests__/api/supabase.test.ts
 PASS  src/__tests__/integration/simple-auth-test.tsx

 RUNS  src/__tests__/api/supabase.test.ts
  Simple Authentication Test

 RUNS  src/__tests__/api/supabase.test.ts
    ‚àö should initialize with no user (28 ms)

 RUNS  src/__tests__/api/supabase.test.ts
    ‚àö should handle sign in (23 ms)

 RUNS  src/__tests__/api/supabase.test.ts
    ‚àö should handle sign out (45 ms)

 RUNS  src/__tests__/api/supabase.test.ts
    ‚àö should get auth state (24 ms)

 RUNS  src/__tests__/api/supabase.test.ts


 RUNS  src/__tests__/api/supabase.test.ts

 RUNS  src/__tests__/api/supabase.test.ts
 PASS  src/__tests__/components/LiveShotVisualization.test.tsx

 RUNS  src/__tests__/api/supabase.test.ts
  LiveShotVisualization Component

 RUNS  src/__tests__/api/supabase.test.ts
    ‚àö renders without crashing (264 ms)

 RUNS  src/__tests__/api/supabase.test.ts
    ‚àö displays target rings (288 ms)

 RUNS  src/__tests__/api/supabase.test.ts
    ‚àö displays shot markers when shots are provided (126 ms)

 RUNS  src/__tests__/api/supabase.test.ts
    ‚àö handles empty shots array (29 ms)

 RUNS  src/__tests__/api/supabase.test.ts
    ‚àö applies custom dimensions (33 ms)

 RUNS  src/__tests__/api/supabase.test.ts
    ‚àö displays analysis status when analyzing (43 ms)

 RUNS  src/__tests__/api/supabase.test.ts
    ‚àö displays current frame when provided (96 ms)

 RUNS  src/__tests__/api/supabase.test.ts
    ‚àö displays waiting message when no frame (23 ms)

 RUNS  src/__tests__/api/supabase.test.ts
    ‚àö handles image load error (41 ms)

 RUNS  src/__tests__/api/supabase.test.ts
    ‚àö displays controls hint (38 ms)

 RUNS  src/__tests__/api/supabase.test.ts
    ‚àö has proper accessibility attributes (39 ms)

 RUNS  src/__tests__/api/supabase.test.ts
    ‚àö handles shot tooltip display (25 ms)

 RUNS  src/__tests__/api/supabase.test.ts
    ‚àö handles bullseye shots (17 ms)

 RUNS  src/__tests__/api/supabase.test.ts
    ‚àö handles shots with angle data (21 ms)

 RUNS  src/__tests__/api/supabase.test.ts
    ‚àö handles multiple shots (27 ms)

 RUNS  src/__tests__/api/supabase.test.ts
    ‚àö handles animation frame updates (35 ms)

 RUNS  src/__tests__/api/supabase.test.ts


 RUNS  src/__tests__/api/supabase.test.ts

 RUNS  src/__tests__/api/supabase.test.ts
 PASS  src/__tests__/services/AuthService.test.ts

 RUNS  src/__tests__/api/supabase.test.ts
  AuthService

 RUNS  src/__tests__/api/supabase.test.ts
    constructor

 RUNS  src/__tests__/api/supabase.test.ts
      ‚àö should create an instance of AuthService (7 ms)

 RUNS  src/__tests__/api/supabase.test.ts
    getSession

 RUNS  src/__tests__/api/supabase.test.ts
      ‚àö should return current session when it exists (3 ms)

 RUNS  src/__tests__/api/supabase.test.ts
      ‚àö should return null when no session exists (2 ms)

 RUNS  src/__tests__/api/supabase.test.ts
    refreshSession

 RUNS  src/__tests__/api/supabase.test.ts
      ‚àö should refresh current session (3 ms)

 RUNS  src/__tests__/api/supabase.test.ts
      ‚àö should return false when refresh fails (2 ms)

 RUNS  src/__tests__/api/supabase.test.ts
    signIn

 RUNS  src/__tests__/api/supabase.test.ts
      ‚àö should sign in user with valid credentials (4 ms)

 RUNS  src/__tests__/api/supabase.test.ts
      ‚àö should return error when sign in fails (7 ms)

 RUNS  src/__tests__/api/supabase.test.ts
    signUp

 RUNS  src/__tests__/api/supabase.test.ts
      ‚àö should sign up new user (3 ms)

 RUNS  src/__tests__/api/supabase.test.ts
      ‚àö should return error when sign up fails (3 ms)

 RUNS  src/__tests__/api/supabase.test.ts
    signOut

 RUNS  src/__tests__/api/supabase.test.ts
      ‚àö should sign out user successfully (3 ms)

 RUNS  src/__tests__/api/supabase.test.ts
      ‚àö should handle sign out errors (2 ms)

 RUNS  src/__tests__/api/supabase.test.ts
    signInWithGoogle

 RUNS  src/__tests__/api/supabase.test.ts
      ‚àö should sign in with Google OAuth (2 ms)

 RUNS  src/__tests__/api/supabase.test.ts
      ‚àö should handle Google OAuth sign in errors (2 ms)

 RUNS  src/__tests__/api/supabase.test.ts
    resetPassword

 RUNS  src/__tests__/api/supabase.test.ts
      ‚àö should send password reset email (6 ms)

 RUNS  src/__tests__/api/supabase.test.ts
      ‚àö should handle password reset errors (4 ms)

 RUNS  src/__tests__/api/supabase.test.ts
    updateProfile

 RUNS  src/__tests__/api/supabase.test.ts
      ‚àö should update user profile (3 ms)

 RUNS  src/__tests__/api/supabase.test.ts
      ‚àö should return error when profile update fails (4 ms)

 RUNS  src/__tests__/api/supabase.test.ts
    isAuthenticated

 RUNS  src/__tests__/api/supabase.test.ts
      ‚àö should return true when user is authenticated (3 ms)

 RUNS  src/__tests__/api/supabase.test.ts
      ‚àö should return false when user is not authenticated (2 ms)

 RUNS  src/__tests__/api/supabase.test.ts
    getUser

 RUNS  src/__tests__/api/supabase.test.ts
      ‚àö should return current user when session exists (2 ms)

 RUNS  src/__tests__/api/supabase.test.ts
      ‚àö should return null when no session exists (2 ms)

 RUNS  src/__tests__/api/supabase.test.ts


 RUNS  src/__tests__/api/supabase.test.ts

 RUNS  src/__tests__/api/supabase.test.ts
 PASS  src/__tests__/services/AnalysisService.test.ts

 RUNS  src/__tests__/api/supabase.test.ts
  AnalysisService

 RUNS  src/__tests__/api/supabase.test.ts
    analyzeFrame

 RUNS  src/__tests__/api/supabase.test.ts
      ‚àö should analyze a frame successfully (6 ms)

 RUNS  src/__tests__/api/supabase.test.ts
      ‚àö should handle analysis errors gracefully (68 ms)

 RUNS  src/__tests__/api/supabase.test.ts
      ‚àö should use default options when none provided (3 ms)

 RUNS  src/__tests__/api/supabase.test.ts
    analyzeBatch

 RUNS  src/__tests__/api/supabase.test.ts
      ‚àö should analyze multiple frames in batch (4 ms)

 RUNS  src/__tests__/api/supabase.test.ts
      ‚àö should handle empty batch gracefully (5 ms)

 RUNS  src/__tests__/api/supabase.test.ts
      ‚àö should process frames in parallel with concurrency limit (7 ms)

 RUNS  src/__tests__/api/supabase.test.ts
    getSessionStatistics

 RUNS  src/__tests__/api/supabase.test.ts
      ‚àö should calculate statistics for session with shots (5 ms)

 RUNS  src/__tests__/api/supabase.test.ts
      ‚àö should handle empty session gracefully (3 ms)

 RUNS  src/__tests__/api/supabase.test.ts
      ‚àö should calculate shot distribution correctly (1 ms)

 RUNS  src/__tests__/api/supabase.test.ts
    frameId generation

 RUNS  src/__tests__/api/supabase.test.ts
      ‚àö should generate unique frame IDs for different frames (3 ms)

 RUNS  src/__tests__/api/supabase.test.ts
      ‚àö should generate consistent frame IDs for same data (1 ms)

 RUNS  src/__tests__/api/supabase.test.ts
    error handling

 RUNS  src/__tests__/api/supabase.test.ts
      ‚àö should handle invalid analysis response (3 ms)

 RUNS  src/__tests__/api/supabase.test.ts
      ‚àö should handle network errors (4 ms)

 RUNS  src/__tests__/api/supabase.test.ts


 RUNS  src/__tests__/api/supabase.test.ts
 FAIL  src/__tests__/services/HardwareAuth.test.ts

 RUNS  src/__tests__/api/supabase.test.ts
  ‚óè Test suite failed to run

    Jest encountered an unexpected token

    Jest failed to parse a file. This happens e.g. when your code or its dependencies use non-standard JavaScript syntax, or when Jest is not configured to support such syntax.

    Out of the box Jest supports Babel, which will be used to transform your files into valid JS based on your Babel configuration.

    By default "node_modules" folder is ignored by transformers.

    Here's what you can do:
     ‚Ä¢ If you are trying to use ECMAScript Modules, see https://jestjs.io/docs/ecmascript-modules for how to enable it.
     ‚Ä¢ If you are trying to use TypeScript, see https://jestjs.io/docs/getting-started#using-typescript
     ‚Ä¢ To have some of your "node_modules" files transformed, you can specify a custom "transformIgnorePatterns" in your config.
     ‚Ä¢ If you need a custom transformation, specify a "transform" option in your config.       
     ‚Ä¢ If you simply want to mock your non-JS modules (e.g. binary assets) you can stub them out with the "moduleNameMapper" config option.

    You'll find more details and examples of these config options in the docs:
    https://jestjs.io/docs/configuration
    For information about custom transformations, see:
    https://jestjs.io/docs/code-transformation

    Details:

    C:\Users\shova\Downloads\GMShoot\gmshooter-v2\src\__tests__\services\HardwareAuth.test.ts:780
                var token = yield HardwareAuth_2.hardwareAuth.authenticateWithDevice(deviceId, 'test-api-key', userId);
                            ^^^^^

    SyntaxError: Unexpected strict mode reserved word

      at Runtime.createScriptFromCode (node_modules/jest-runtime/build/index.js:1318:40)       


 RUNS  src/__tests__/api/supabase.test.ts

 PASS  src/__tests__/api/supabase.test.ts

  Supabase API Tests

    Connection Test

      ‚àö should test Supabase connection successfully (10 ms)

      ‚àö should handle connection test failure (3 ms)

    Session Management

      ‚àö should create a new session (3 ms)

      ‚àö should update a session (3 ms)

      ‚àö should retrieve a session by ID (4 ms)

      ‚àö should retrieve sessions with ordering (3 ms)

    Shot Management

      ‚àö should create a new shot record (2 ms)

      ‚àö should retrieve shots for a session (2 ms)

    Authentication

      ‚àö should sign in with email and password (8 ms)

      ‚àö should sign in with Google OAuth (2 ms)

      ‚àö should sign out (2 ms)

      ‚àö should get current user (3 ms)

    File Storage

      ‚àö should upload a file (5 ms)

      ‚àö should get public URL for a file (2 ms)



 PASS  src/__tests__/api/roboflow.test.ts

  Roboflow API Tests

    Shot Analysis

      ‚àö should analyze an image successfully (15 ms)

      ‚àö should handle analysis with no shots detected (3 ms)

      ‚àö should handle multiple shots detected (5 ms)

      ‚àö should handle API error response (4 ms)

      ‚àö should handle network errors (3 ms)

      ‚àö should handle invalid image URL (3 ms)

    Confidence Threshold

      ‚àö should filter predictions below confidence threshold (2 ms)

    Response Validation

      ‚àö should validate response structure (2 ms)



 PASS  src/__tests__/api/ngrok.test.ts

  Ngrok API Tests

    Health Check

      ‚àö should return health status successfully (18 ms)

      ‚àö should handle health check failure (4 ms)

      ‚àö should handle network errors (4 ms)

    Session Management

      ‚àö should start a session successfully (5 ms)

      ‚àö should handle session start with default options (3 ms)

      ‚àö should handle session start failure (5 ms)

    Frame Retrieval

      ‚àö should retrieve the latest frame successfully (5 ms)

      ‚àö should handle no frame available (3 ms)

      ‚àö should handle frame retrieval errors (2 ms)



 FAIL  src/__tests__/integration/auth-flow.test.tsx
  ‚óè Test suite failed to run

    src/__tests__/integration/auth-flow.test.tsx:143:73 - error TS1005: ',' expected.

    143         expect(screen.getByTestId('error')).toHaveTextContent('No error'fr);
                                                                                ~~

 FAIL  src/__tests__/services/HardwareAPI.test.ts
  ‚óè Test suite failed to run
                                                                                               
    src/__tests__/services/HardwareAPI.test.ts:1063:1 - error TS1128: Declaration or statement expected.                                                                                      
                                                                                               
    1063 });                                                                                   
         ~                                                                                     
    src/__tests__/services/HardwareAPI.test.ts:1063:2 - error TS1128: Declaration or statement expected.

    1063 });
          ~

 FAIL  src/__tests__/components/LiveTargetView.test.tsx
  ‚óè Test suite failed to run

    src/__tests__/components/LiveTargetView.test.tsx:64:2 - error TS1005: ',' expected.        

    64 };
        ~
    src/__tests__/components/LiveTargetView.test.tsx:67:7 - error TS1005: ':' expected.        

    67 const mockShot = {
             ~~~~~~~~
    src/__tests__/components/LiveTargetView.test.tsx:79:2 - error TS1005: ',' expected.        

    79 };
        ~
    src/__tests__/components/LiveTargetView.test.tsx:82:7 - error TS1005: ':' expected.        

    82 const mockAnalysisResult = {
             ~~~~~~~~~~~~~~~~~~
    src/__tests__/components/LiveTargetView.test.tsx:88:2 - error TS1005: ',' expected.        

    88 };
        ~
    src/__tests__/components/LiveTargetView.test.tsx:90:10 - error TS1003: Identifier expected.

    90 describe('LiveTargetView', () => {
                ~~~~~~~~~~~~~~~~
    src/__tests__/components/LiveTargetView.test.tsx:90:26 - error TS1138: Parameter declaration expected.

    90 describe('LiveTargetView', () => {
                                ~
    src/__tests__/components/LiveTargetView.test.tsx:90:28 - error TS1138: Parameter declaration expected.

    90 describe('LiveTargetView', () => {
                                  ~
    src/__tests__/components/LiveTargetView.test.tsx:90:31 - error TS1005: ';' expected.       

    90 describe('LiveTargetView', () => {
                                     ~~
    src/__tests__/components/LiveTargetView.test.tsx:465:2 - error TS1128: Declaration or statement expected.

    465 });
         ~

Summary of all failing tests
 FAIL  src/__tests__/services/HardwareAuth.test.ts
  ‚óè Test suite failed to run

    Jest encountered an unexpected token

    Jest failed to parse a file. This happens e.g. when your code or its dependencies use non-standard JavaScript syntax, or when Jest is not configured to support such syntax.

    Out of the box Jest supports Babel, which will be used to transform your files into valid JS based on your Babel configuration.

    By default "node_modules" folder is ignored by transformers.

    Here's what you can do:
     ‚Ä¢ If you are trying to use ECMAScript Modules, see https://jestjs.io/docs/ecmascript-modules for how to enable it.
     ‚Ä¢ If you are trying to use TypeScript, see https://jestjs.io/docs/getting-started#using-typescript
     ‚Ä¢ To have some of your "node_modules" files transformed, you can specify a custom "transformIgnorePatterns" in your config.
     ‚Ä¢ If you need a custom transformation, specify a "transform" option in your config.       
     ‚Ä¢ If you simply want to mock your non-JS modules (e.g. binary assets) you can stub them out with the "moduleNameMapper" config option.

    You'll find more details and examples of these config options in the docs:
    https://jestjs.io/docs/configuration
    For information about custom transformations, see:
    https://jestjs.io/docs/code-transformation

    Details:

    C:\Users\shova\Downloads\GMShoot\gmshooter-v2\src\__tests__\services\HardwareAuth.test.ts:780
                var token = yield HardwareAuth_2.hardwareAuth.authenticateWithDevice(deviceId, 'test-api-key', userId);
                            ^^^^^

    SyntaxError: Unexpected strict mode reserved word

      at Runtime.createScriptFromCode (node_modules/jest-runtime/build/index.js:1318:40)       

 FAIL  src/__tests__/integration/auth-flow.test.tsx
  ‚óè Test suite failed to run

    src/__tests__/integration/auth-flow.test.tsx:143:73 - error TS1005: ',' expected.

    143         expect(screen.getByTestId('error')).toHaveTextContent('No error'fr);
                                                                                ~~

 FAIL  src/__tests__/services/HardwareAPI.test.ts
  ‚óè Test suite failed to run

    src/__tests__/services/HardwareAPI.test.ts:1063:1 - error TS1128: Declaration or statement expected.

    1063 });
         ~
    src/__tests__/services/HardwareAPI.test.ts:1063:2 - error TS1128: Declaration or statement expected.

    1063 });
          ~

 FAIL  src/__tests__/components/LiveTargetView.test.tsx
  ‚óè Test suite failed to run

    src/__tests__/components/LiveTargetView.test.tsx:64:2 - error TS1005: ',' expected.

    64 };
        ~
    src/__tests__/components/LiveTargetView.test.tsx:67:7 - error TS1005: ':' expected.        

    67 const mockShot = {
             ~~~~~~~~
    src/__tests__/components/LiveTargetView.test.tsx:79:2 - error TS1005: ',' expected.        

    79 };
        ~
    src/__tests__/components/LiveTargetView.test.tsx:82:7 - error TS1005: ':' expected.

    82 const mockAnalysisResult = {
             ~~~~~~~~~~~~~~~~~~
    src/__tests__/components/LiveTargetView.test.tsx:88:2 - error TS1005: ',' expected.

    88 };
        ~
    src/__tests__/components/LiveTargetView.test.tsx:90:10 - error TS1003: Identifier expected.

    90 describe('LiveTargetView', () => {
                ~~~~~~~~~~~~~~~~
    src/__tests__/components/LiveTargetView.test.tsx:90:26 - error TS1138: Parameter declaration expected.

    90 describe('LiveTargetView', () => {
                                ~
    src/__tests__/components/LiveTargetView.test.tsx:90:28 - error TS1138: Parameter declaration expected.

    90 describe('LiveTargetView', () => {
                                  ~
    src/__tests__/components/LiveTargetView.test.tsx:90:31 - error TS1005: ';' expected.       

    90 describe('LiveTargetView', () => {
                                     ~~
    src/__tests__/components/LiveTargetView.test.tsx:465:2 - error TS1128: Declaration or statement expected.

    465 });
         ~


Test Suites: 4 failed, 37 passed, 41 total
Tests:       602 passed, 602 total
Snapshots:   0 total
Time:        25.905 s
Ran all test suites.
PS C:\Users\shova\Downloads\GMShoot\gmshooter-v2> 